mode: set
github.com/anz-bank/sysl/pkg/msg/Message.go:90.55,92.2 1 1
github.com/anz-bank/sysl/pkg/msg/Message.go:94.30,97.13 2 1
github.com/anz-bank/sysl/pkg/msg/Message.go:101.2,106.9 5 1
github.com/anz-bank/sysl/pkg/msg/Message.go:115.2,116.36 2 1
github.com/anz-bank/sysl/pkg/msg/Message.go:119.2,119.38 1 1
github.com/anz-bank/sysl/pkg/msg/Message.go:97.13,99.3 1 1
github.com/anz-bank/sysl/pkg/msg/Message.go:107.29,109.12 2 1
github.com/anz-bank/sysl/pkg/msg/Message.go:110.29,112.12 2 1
github.com/anz-bank/sysl/pkg/msg/Message.go:116.36,118.3 1 1
github.com/anz-bank/sysl/pkg/msg/Message.go:122.41,123.61 1 1
github.com/anz-bank/sysl/pkg/msg/Message.go:126.2,126.56 1 1
github.com/anz-bank/sysl/pkg/msg/Message.go:123.61,125.3 1 1
github.com/anz-bank/sysl/pkg/msg/Message.go:130.23,132.34 2 1
github.com/anz-bank/sysl/pkg/msg/Message.go:133.13,134.29 1 1
github.com/anz-bank/sysl/pkg/msg/Message.go:135.12,136.28 1 1
github.com/anz-bank/sysl/pkg/msg/Message.go:137.12,138.28 1 1
github.com/anz-bank/sysl/pkg/msg/Message.go:139.13,140.67 1 1
github.com/anz-bank/sysl/pkg/msg/Message.go:141.10,142.31 1 1
github.com/anz-bank/sysl/pkg/msg/Message.go:146.37,150.44 3 1
github.com/anz-bank/sysl/pkg/msg/Message.go:158.2,158.35 1 1
github.com/anz-bank/sysl/pkg/msg/Message.go:162.2,162.12 1 1
github.com/anz-bank/sysl/pkg/msg/Message.go:150.44,152.31 2 1
github.com/anz-bank/sysl/pkg/msg/Message.go:155.3,155.53 1 1
github.com/anz-bank/sysl/pkg/msg/Message.go:152.31,154.4 1 1
github.com/anz-bank/sysl/pkg/msg/Message.go:158.35,160.3 1 1
github.com/anz-bank/sysl/unsorted/codegen/golang/ast_to_source.go:15.51,17.2 1 1
github.com/anz-bank/sysl/unsorted/codegen/golang/ast_to_source.go:20.40,24.16 4 0
github.com/anz-bank/sysl/unsorted/codegen/golang/ast_to_source.go:27.2,27.18 1 0
github.com/anz-bank/sysl/unsorted/codegen/golang/ast_to_source.go:24.16,25.13 1 0
github.com/anz-bank/sysl/unsorted/codegen/golang/ast_to_source.go:31.48,35.27 4 1
github.com/anz-bank/sysl/unsorted/codegen/golang/ast_to_source.go:47.2,47.19 1 1
github.com/anz-bank/sysl/unsorted/codegen/golang/ast_to_source.go:35.27,36.14 1 1
github.com/anz-bank/sysl/unsorted/codegen/golang/ast_to_source.go:45.3,45.17 1 1
github.com/anz-bank/sysl/unsorted/codegen/golang/ast_to_source.go:36.14,38.16 2 1
github.com/anz-bank/sysl/unsorted/codegen/golang/ast_to_source.go:38.16,40.13 2 1
github.com/anz-bank/sysl/unsorted/codegen/golang/ast_to_source.go:42.9,44.4 1 1
github.com/anz-bank/sysl/unsorted/codegen/golang/ast_to_source.go:50.74,52.27 2 1
github.com/anz-bank/sysl/unsorted/codegen/golang/ast_to_source.go:55.2,55.50 1 1
github.com/anz-bank/sysl/unsorted/codegen/golang/ast_to_source.go:52.27,54.3 1 1
github.com/anz-bank/sysl/unsorted/codegen/golang/ast_to_source.go:58.68,62.2 3 1
github.com/anz-bank/sysl/unsorted/codegen/golang/ast_to_source.go:64.48,65.11 1 1
github.com/anz-bank/sysl/unsorted/codegen/golang/ast_to_source.go:65.11,66.49 1 1
github.com/anz-bank/sysl/unsorted/codegen/golang/ast_to_source.go:66.49,67.14 1 0
github.com/anz-bank/sysl/unsorted/codegen/golang/ast_to_source.go:72.61,74.14 2 1
github.com/anz-bank/sysl/unsorted/codegen/golang/ast_to_source.go:74.14,76.3 1 1
github.com/anz-bank/sysl/unsorted/codegen/golang/ast_to_source.go:79.44,80.14 1 1
github.com/anz-bank/sysl/unsorted/codegen/golang/ast_to_source.go:83.2,83.25 1 1
github.com/anz-bank/sysl/unsorted/codegen/golang/ast_to_source.go:80.14,82.3 1 1
github.com/anz-bank/sysl/unsorted/codegen/golang/ast_to_source.go:87.45,88.14 1 1
github.com/anz-bank/sysl/unsorted/codegen/golang/ast_to_source.go:91.2,91.44 1 1
github.com/anz-bank/sysl/unsorted/codegen/golang/ast_to_source.go:88.14,90.3 1 1
github.com/anz-bank/sysl/unsorted/codegen/golang/ast_to_source.go:95.49,96.14 1 1
github.com/anz-bank/sysl/unsorted/codegen/golang/ast_to_source.go:99.2,99.50 1 1
github.com/anz-bank/sysl/unsorted/codegen/golang/ast_to_source.go:96.14,98.3 1 1
github.com/anz-bank/sysl/unsorted/codegen/golang/ast_to_source.go:103.50,104.14 1 1
github.com/anz-bank/sysl/unsorted/codegen/golang/ast_to_source.go:107.2,107.29 1 1
github.com/anz-bank/sysl/unsorted/codegen/golang/ast_to_source.go:110.2,111.29 2 1
github.com/anz-bank/sysl/unsorted/codegen/golang/ast_to_source.go:104.14,106.3 1 1
github.com/anz-bank/sysl/unsorted/codegen/golang/ast_to_source.go:107.29,109.3 1 1
github.com/anz-bank/sysl/unsorted/codegen/golang/ast_to_source.go:111.29,113.3 1 1
github.com/anz-bank/sysl/unsorted/codegen/golang/ast_to_source.go:117.47,118.14 1 1
github.com/anz-bank/sysl/unsorted/codegen/golang/ast_to_source.go:121.2,121.41 1 1
github.com/anz-bank/sysl/unsorted/codegen/golang/ast_to_source.go:118.14,120.3 1 1
github.com/anz-bank/sysl/unsorted/codegen/golang/ast_to_source.go:125.47,126.14 1 1
github.com/anz-bank/sysl/unsorted/codegen/golang/ast_to_source.go:129.2,129.41 1 1
github.com/anz-bank/sysl/unsorted/codegen/golang/ast_to_source.go:126.14,128.3 1 1
github.com/anz-bank/sysl/unsorted/codegen/golang/ast_to_source.go:133.47,134.14 1 1
github.com/anz-bank/sysl/unsorted/codegen/golang/ast_to_source.go:137.2,137.41 1 1
github.com/anz-bank/sysl/unsorted/codegen/golang/ast_to_source.go:134.14,136.3 1 1
github.com/anz-bank/sysl/unsorted/codegen/golang/ast_to_source.go:141.48,142.14 1 1
github.com/anz-bank/sysl/unsorted/codegen/golang/ast_to_source.go:145.2,145.22 1 1
github.com/anz-bank/sysl/unsorted/codegen/golang/ast_to_source.go:142.14,144.3 1 1
github.com/anz-bank/sysl/unsorted/codegen/golang/ast_to_source.go:149.50,150.14 1 1
github.com/anz-bank/sysl/unsorted/codegen/golang/ast_to_source.go:153.2,153.47 1 1
github.com/anz-bank/sysl/unsorted/codegen/golang/ast_to_source.go:150.14,152.3 1 1
github.com/anz-bank/sysl/unsorted/codegen/golang/ast_to_source.go:157.49,158.14 1 1
github.com/anz-bank/sysl/unsorted/codegen/golang/ast_to_source.go:161.2,162.30 2 1
github.com/anz-bank/sysl/unsorted/codegen/golang/ast_to_source.go:165.2,165.20 1 1
github.com/anz-bank/sysl/unsorted/codegen/golang/ast_to_source.go:158.14,160.3 1 1
github.com/anz-bank/sysl/unsorted/codegen/golang/ast_to_source.go:162.30,164.3 1 1
github.com/anz-bank/sysl/unsorted/codegen/golang/ast_to_source.go:169.50,170.14 1 1
github.com/anz-bank/sysl/unsorted/codegen/golang/ast_to_source.go:173.2,173.42 1 1
github.com/anz-bank/sysl/unsorted/codegen/golang/ast_to_source.go:170.14,172.3 1 1
github.com/anz-bank/sysl/unsorted/codegen/golang/ast_to_source.go:177.48,178.14 1 1
github.com/anz-bank/sysl/unsorted/codegen/golang/ast_to_source.go:181.2,182.30 2 1
github.com/anz-bank/sysl/unsorted/codegen/golang/ast_to_source.go:185.2,185.36 1 1
github.com/anz-bank/sysl/unsorted/codegen/golang/ast_to_source.go:178.14,180.3 1 1
github.com/anz-bank/sysl/unsorted/codegen/golang/ast_to_source.go:182.30,184.3 1 1
github.com/anz-bank/sysl/unsorted/codegen/golang/ast_to_source.go:189.50,190.14 1 1
github.com/anz-bank/sysl/unsorted/codegen/golang/ast_to_source.go:193.2,193.22 1 1
github.com/anz-bank/sysl/unsorted/codegen/golang/ast_to_source.go:202.2,202.30 1 1
github.com/anz-bank/sysl/unsorted/codegen/golang/ast_to_source.go:190.14,192.3 1 1
github.com/anz-bank/sysl/unsorted/codegen/golang/ast_to_source.go:193.22,195.3 1 1
github.com/anz-bank/sysl/unsorted/codegen/golang/ast_to_source.go:195.8,197.31 2 1
github.com/anz-bank/sysl/unsorted/codegen/golang/ast_to_source.go:200.3,200.21 1 1
github.com/anz-bank/sysl/unsorted/codegen/golang/ast_to_source.go:197.31,199.4 1 1
github.com/anz-bank/sysl/unsorted/codegen/golang/ast_to_source.go:202.30,204.3 1 1
github.com/anz-bank/sysl/unsorted/codegen/golang/ast_to_source.go:208.48,209.14 1 1
github.com/anz-bank/sysl/unsorted/codegen/golang/ast_to_source.go:212.2,212.15 1 1
github.com/anz-bank/sysl/unsorted/codegen/golang/ast_to_source.go:209.14,211.3 1 1
github.com/anz-bank/sysl/unsorted/codegen/golang/ast_to_source.go:213.10,214.37 1 1
github.com/anz-bank/sysl/unsorted/codegen/golang/ast_to_source.go:215.14,216.39 1 1
github.com/anz-bank/sysl/unsorted/codegen/golang/ast_to_source.go:217.14,218.39 1 1
github.com/anz-bank/sysl/unsorted/codegen/golang/ast_to_source.go:219.10,220.56 1 1
github.com/anz-bank/sysl/unsorted/codegen/golang/ast_to_source.go:225.50,226.14 1 1
github.com/anz-bank/sysl/unsorted/codegen/golang/ast_to_source.go:229.2,229.19 1 1
github.com/anz-bank/sysl/unsorted/codegen/golang/ast_to_source.go:234.2,234.30 1 1
github.com/anz-bank/sysl/unsorted/codegen/golang/ast_to_source.go:226.14,228.3 1 1
github.com/anz-bank/sysl/unsorted/codegen/golang/ast_to_source.go:229.19,231.3 1 1
github.com/anz-bank/sysl/unsorted/codegen/golang/ast_to_source.go:231.8,233.3 1 1
github.com/anz-bank/sysl/unsorted/codegen/golang/ast_to_source.go:234.30,236.3 1 1
github.com/anz-bank/sysl/unsorted/codegen/golang/ast_to_source.go:240.47,241.14 1 1
github.com/anz-bank/sysl/unsorted/codegen/golang/ast_to_source.go:244.2,244.34 1 1
github.com/anz-bank/sysl/unsorted/codegen/golang/ast_to_source.go:241.14,243.3 1 1
github.com/anz-bank/sysl/unsorted/codegen/golang/ast_to_source.go:248.52,249.14 1 1
github.com/anz-bank/sysl/unsorted/codegen/golang/ast_to_source.go:252.2,252.33 1 1
github.com/anz-bank/sysl/unsorted/codegen/golang/ast_to_source.go:249.14,251.3 1 1
github.com/anz-bank/sysl/unsorted/codegen/golang/ast_to_source.go:252.33,255.3 2 1
github.com/anz-bank/sysl/unsorted/codegen/golang/ast_to_source.go:259.52,260.14 1 1
github.com/anz-bank/sysl/unsorted/codegen/golang/ast_to_source.go:263.2,264.30 2 1
github.com/anz-bank/sysl/unsorted/codegen/golang/ast_to_source.go:267.2,267.20 1 1
github.com/anz-bank/sysl/unsorted/codegen/golang/ast_to_source.go:260.14,262.3 1 1
github.com/anz-bank/sysl/unsorted/codegen/golang/ast_to_source.go:264.30,266.3 1 1
github.com/anz-bank/sysl/unsorted/codegen/golang/ast_to_source.go:271.48,272.14 1 1
github.com/anz-bank/sysl/unsorted/codegen/golang/ast_to_source.go:275.2,275.21 1 1
github.com/anz-bank/sysl/unsorted/codegen/golang/ast_to_source.go:272.14,274.3 1 1
github.com/anz-bank/sysl/unsorted/codegen/golang/ast_to_source.go:279.49,280.14 1 1
github.com/anz-bank/sysl/unsorted/codegen/golang/ast_to_source.go:283.2,283.37 1 1
github.com/anz-bank/sysl/unsorted/codegen/golang/ast_to_source.go:280.14,282.3 1 1
github.com/anz-bank/sysl/unsorted/codegen/golang/ast_to_source.go:287.48,288.14 1 1
github.com/anz-bank/sysl/unsorted/codegen/golang/ast_to_source.go:291.2,291.42 1 1
github.com/anz-bank/sysl/unsorted/codegen/golang/ast_to_source.go:288.14,290.3 1 1
github.com/anz-bank/sysl/unsorted/codegen/golang/ast_to_source.go:295.49,296.14 1 1
github.com/anz-bank/sysl/unsorted/codegen/golang/ast_to_source.go:299.2,299.20 1 1
github.com/anz-bank/sysl/unsorted/codegen/golang/ast_to_source.go:296.14,298.3 1 1
github.com/anz-bank/sysl/unsorted/codegen/golang/ast_to_source.go:303.48,304.14 1 1
github.com/anz-bank/sysl/unsorted/codegen/golang/ast_to_source.go:307.2,307.18 1 1
github.com/anz-bank/sysl/unsorted/codegen/golang/ast_to_source.go:304.14,306.3 1 1
github.com/anz-bank/sysl/unsorted/codegen/golang/ast_to_source.go:311.45,312.14 1 1
github.com/anz-bank/sysl/unsorted/codegen/golang/ast_to_source.go:315.2,316.31 2 1
github.com/anz-bank/sysl/unsorted/codegen/golang/ast_to_source.go:320.2,320.41 1 1
github.com/anz-bank/sysl/unsorted/codegen/golang/ast_to_source.go:312.14,314.3 1 1
github.com/anz-bank/sysl/unsorted/codegen/golang/ast_to_source.go:316.31,319.3 2 1
github.com/anz-bank/sysl/unsorted/codegen/golang/ast_to_source.go:324.49,325.14 1 1
github.com/anz-bank/sysl/unsorted/codegen/golang/ast_to_source.go:328.2,329.31 2 1
github.com/anz-bank/sysl/unsorted/codegen/golang/ast_to_source.go:333.2,333.24 1 1
github.com/anz-bank/sysl/unsorted/codegen/golang/ast_to_source.go:325.14,327.3 1 1
github.com/anz-bank/sysl/unsorted/codegen/golang/ast_to_source.go:329.31,332.3 2 1
github.com/anz-bank/sysl/unsorted/codegen/golang/ast_to_source.go:340.59,341.14 1 1
github.com/anz-bank/sysl/unsorted/codegen/golang/ast_to_source.go:344.2,345.31 2 1
github.com/anz-bank/sysl/unsorted/codegen/golang/ast_to_source.go:349.2,349.24 1 1
github.com/anz-bank/sysl/unsorted/codegen/golang/ast_to_source.go:341.14,343.3 1 0
github.com/anz-bank/sysl/unsorted/codegen/golang/ast_to_source.go:345.31,348.3 2 1
github.com/anz-bank/sysl/unsorted/codegen/golang/ast_to_source.go:353.44,354.14 1 1
github.com/anz-bank/sysl/unsorted/codegen/golang/ast_to_source.go:357.2,359.39 3 1
github.com/anz-bank/sysl/unsorted/codegen/golang/ast_to_source.go:363.2,364.31 2 1
github.com/anz-bank/sysl/unsorted/codegen/golang/ast_to_source.go:354.14,356.3 1 1
github.com/anz-bank/sysl/unsorted/codegen/golang/ast_to_source.go:359.39,362.3 2 1
github.com/anz-bank/sysl/unsorted/codegen/golang/ast_to_source.go:364.31,366.3 1 1
github.com/anz-bank/sysl/unsorted/codegen/golang/ast_to_source.go:370.47,371.14 1 1
github.com/anz-bank/sysl/unsorted/codegen/golang/ast_to_source.go:374.2,379.3 1 1
github.com/anz-bank/sysl/unsorted/codegen/golang/ast_to_source.go:371.14,373.3 1 1
github.com/anz-bank/sysl/unsorted/codegen/golang/ast_to_source.go:383.48,384.14 1 1
github.com/anz-bank/sysl/unsorted/codegen/golang/ast_to_source.go:387.2,387.79 1 1
github.com/anz-bank/sysl/unsorted/codegen/golang/ast_to_source.go:384.14,386.3 1 1
github.com/anz-bank/sysl/unsorted/codegen/golang/ast_to_source.go:391.47,392.14 1 1
github.com/anz-bank/sysl/unsorted/codegen/golang/ast_to_source.go:395.2,395.48 1 1
github.com/anz-bank/sysl/unsorted/codegen/golang/ast_to_source.go:392.14,394.3 1 1
github.com/anz-bank/sysl/unsorted/codegen/golang/ast_to_source.go:399.48,400.14 1 1
github.com/anz-bank/sysl/unsorted/codegen/golang/ast_to_source.go:403.2,403.47 1 1
github.com/anz-bank/sysl/unsorted/codegen/golang/ast_to_source.go:400.14,402.3 1 1
github.com/anz-bank/sysl/unsorted/codegen/golang/ast_to_source.go:407.47,408.14 1 1
github.com/anz-bank/sysl/unsorted/codegen/golang/ast_to_source.go:411.2,411.23 1 1
github.com/anz-bank/sysl/unsorted/codegen/golang/ast_to_source.go:408.14,410.3 1 1
github.com/anz-bank/sysl/unsorted/codegen/golang/ast_to_source.go:411.23,413.3 1 1
github.com/anz-bank/sysl/unsorted/codegen/golang/ast_to_source.go:413.8,415.32 2 1
github.com/anz-bank/sysl/unsorted/codegen/golang/ast_to_source.go:418.3,418.21 1 1
github.com/anz-bank/sysl/unsorted/codegen/golang/ast_to_source.go:415.32,417.4 1 1
github.com/anz-bank/sysl/unsorted/codegen/golang/ast_to_source.go:423.46,424.14 1 1
github.com/anz-bank/sysl/unsorted/codegen/golang/ast_to_source.go:427.2,427.34 1 1
github.com/anz-bank/sysl/unsorted/codegen/golang/ast_to_source.go:424.14,426.3 1 1
github.com/anz-bank/sysl/unsorted/codegen/golang/ast_to_source.go:431.45,432.14 1 1
github.com/anz-bank/sysl/unsorted/codegen/golang/ast_to_source.go:435.2,435.21 1 1
github.com/anz-bank/sysl/unsorted/codegen/golang/ast_to_source.go:432.14,434.3 1 1
github.com/anz-bank/sysl/unsorted/codegen/golang/ast_to_source.go:439.46,440.14 1 1
github.com/anz-bank/sysl/unsorted/codegen/golang/ast_to_source.go:443.2,446.19 2 1
github.com/anz-bank/sysl/unsorted/codegen/golang/ast_to_source.go:440.14,442.3 1 1
github.com/anz-bank/sysl/unsorted/codegen/golang/ast_to_source.go:446.19,448.3 1 1
github.com/anz-bank/sysl/unsorted/codegen/golang/ast_to_source.go:448.8,448.45 1 1
github.com/anz-bank/sysl/unsorted/codegen/golang/ast_to_source.go:448.45,453.3 2 1
github.com/anz-bank/sysl/unsorted/codegen/golang/ast_to_source.go:453.8,457.3 1 1
github.com/anz-bank/sysl/unsorted/codegen/golang/ast_to_source.go:461.50,462.14 1 1
github.com/anz-bank/sysl/unsorted/codegen/golang/ast_to_source.go:465.2,465.66 1 1
github.com/anz-bank/sysl/unsorted/codegen/golang/ast_to_source.go:462.14,464.3 1 1
github.com/anz-bank/sysl/unsorted/codegen/golang/ast_to_source.go:469.50,470.14 1 1
github.com/anz-bank/sysl/unsorted/codegen/golang/ast_to_source.go:473.2,473.37 1 1
github.com/anz-bank/sysl/unsorted/codegen/golang/ast_to_source.go:470.14,472.3 1 1
github.com/anz-bank/sysl/unsorted/codegen/golang/ast_to_source.go:477.49,478.14 1 1
github.com/anz-bank/sysl/unsorted/codegen/golang/ast_to_source.go:481.2,481.40 1 1
github.com/anz-bank/sysl/unsorted/codegen/golang/ast_to_source.go:478.14,480.3 1 1
github.com/anz-bank/sysl/unsorted/codegen/golang/ast_to_source.go:485.53,486.14 1 1
github.com/anz-bank/sysl/unsorted/codegen/golang/ast_to_source.go:489.2,489.30 1 1
github.com/anz-bank/sysl/unsorted/codegen/golang/ast_to_source.go:486.14,488.3 1 1
github.com/anz-bank/sysl/unsorted/codegen/golang/ast_to_source.go:489.30,491.3 1 1
github.com/anz-bank/sysl/unsorted/codegen/golang/ast_to_source.go:491.8,494.3 2 1
github.com/anz-bank/sysl/unsorted/codegen/golang/ast_to_source.go:498.52,499.14 1 1
github.com/anz-bank/sysl/unsorted/codegen/golang/ast_to_source.go:502.2,502.42 1 1
github.com/anz-bank/sysl/unsorted/codegen/golang/ast_to_source.go:499.14,501.3 1 1
github.com/anz-bank/sysl/unsorted/codegen/golang/ast_to_source.go:506.51,507.14 1 1
github.com/anz-bank/sysl/unsorted/codegen/golang/ast_to_source.go:510.2,510.45 1 1
github.com/anz-bank/sysl/unsorted/codegen/golang/ast_to_source.go:507.14,509.3 1 1
github.com/anz-bank/sysl/unsorted/codegen/golang/ast_to_source.go:514.47,515.14 1 1
github.com/anz-bank/sysl/unsorted/codegen/golang/ast_to_source.go:518.2,518.45 1 1
github.com/anz-bank/sysl/unsorted/codegen/golang/ast_to_source.go:515.14,517.3 1 1
github.com/anz-bank/sysl/unsorted/codegen/golang/ast_to_source.go:522.49,523.14 1 1
github.com/anz-bank/sysl/unsorted/codegen/golang/ast_to_source.go:527.2,527.18 1 1
github.com/anz-bank/sysl/unsorted/codegen/golang/ast_to_source.go:523.14,525.3 1 1
github.com/anz-bank/sysl/unsorted/codegen/golang/ast_to_source.go:531.49,532.14 1 1
github.com/anz-bank/sysl/unsorted/codegen/golang/ast_to_source.go:535.2,535.9 1 1
github.com/anz-bank/sysl/unsorted/codegen/golang/ast_to_source.go:532.14,534.3 1 1
github.com/anz-bank/sysl/unsorted/codegen/golang/ast_to_source.go:536.20,537.60 1 1
github.com/anz-bank/sysl/unsorted/codegen/golang/ast_to_source.go:538.22,541.4 1 1
github.com/anz-bank/sysl/unsorted/codegen/golang/ast_to_source.go:542.10,545.4 1 1
github.com/anz-bank/sysl/unsorted/codegen/golang/ast_to_source.go:550.50,551.14 1 1
github.com/anz-bank/sysl/unsorted/codegen/golang/ast_to_source.go:554.2,555.33 2 1
github.com/anz-bank/sysl/unsorted/codegen/golang/ast_to_source.go:551.14,553.3 1 1
github.com/anz-bank/sysl/unsorted/codegen/golang/ast_to_source.go:555.33,557.3 1 1
github.com/anz-bank/sysl/unsorted/codegen/golang/ast_to_source.go:561.50,562.14 1 1
github.com/anz-bank/sysl/unsorted/codegen/golang/ast_to_source.go:565.2,565.38 1 1
github.com/anz-bank/sysl/unsorted/codegen/golang/ast_to_source.go:562.14,564.3 1 1
github.com/anz-bank/sysl/unsorted/codegen/golang/ast_to_source.go:569.52,570.14 1 1
github.com/anz-bank/sysl/unsorted/codegen/golang/ast_to_source.go:573.2,573.38 1 1
github.com/anz-bank/sysl/unsorted/codegen/golang/ast_to_source.go:570.14,572.3 1 1
github.com/anz-bank/sysl/unsorted/codegen/golang/ast_to_source.go:577.48,578.14 1 1
github.com/anz-bank/sysl/unsorted/codegen/golang/ast_to_source.go:581.2,581.45 1 1
github.com/anz-bank/sysl/unsorted/codegen/golang/ast_to_source.go:578.14,580.3 1 1
github.com/anz-bank/sysl/unsorted/codegen/golang/ast_to_source.go:585.49,586.14 1 1
github.com/anz-bank/sysl/unsorted/codegen/golang/ast_to_source.go:589.2,590.18 2 1
github.com/anz-bank/sysl/unsorted/codegen/golang/ast_to_source.go:593.2,593.20 1 1
github.com/anz-bank/sysl/unsorted/codegen/golang/ast_to_source.go:586.14,588.3 1 1
github.com/anz-bank/sysl/unsorted/codegen/golang/ast_to_source.go:590.18,592.3 1 1
github.com/anz-bank/sysl/unsorted/codegen/golang/ast_to_source.go:597.48,598.14 1 1
github.com/anz-bank/sysl/unsorted/codegen/golang/ast_to_source.go:601.2,601.28 1 1
github.com/anz-bank/sysl/unsorted/codegen/golang/ast_to_source.go:598.14,600.3 1 1
github.com/anz-bank/sysl/unsorted/codegen/golang/ast_to_source.go:605.50,606.14 1 1
github.com/anz-bank/sysl/unsorted/codegen/golang/ast_to_source.go:609.2,609.29 1 1
github.com/anz-bank/sysl/unsorted/codegen/golang/ast_to_source.go:606.14,608.3 1 1
github.com/anz-bank/sysl/unsorted/codegen/golang/ast_to_source.go:609.29,611.3 1 1
github.com/anz-bank/sysl/unsorted/codegen/golang/ast_to_source.go:611.8,614.3 2 1
github.com/anz-bank/sysl/unsorted/codegen/golang/ast_to_source.go:618.50,619.14 1 1
github.com/anz-bank/sysl/unsorted/codegen/golang/ast_to_source.go:622.2,622.81 1 1
github.com/anz-bank/sysl/unsorted/codegen/golang/ast_to_source.go:619.14,621.3 1 1
github.com/anz-bank/sysl/unsorted/codegen/golang/ast_to_source.go:626.54,627.14 1 1
github.com/anz-bank/sysl/unsorted/codegen/golang/ast_to_source.go:630.2,630.19 1 1
github.com/anz-bank/sysl/unsorted/codegen/golang/ast_to_source.go:627.14,629.3 1 1
github.com/anz-bank/sysl/unsorted/codegen/golang/ast_to_source.go:630.19,632.3 1 1
github.com/anz-bank/sysl/unsorted/codegen/golang/ast_to_source.go:632.8,634.3 1 1
github.com/anz-bank/sysl/unsorted/codegen/golang/ast_to_source.go:638.48,639.14 1 1
github.com/anz-bank/sysl/unsorted/codegen/golang/ast_to_source.go:642.2,642.61 1 1
github.com/anz-bank/sysl/unsorted/codegen/golang/ast_to_source.go:639.14,641.3 1 1
github.com/anz-bank/sysl/unsorted/codegen/golang/ast_to_source.go:646.54,647.14 1 1
github.com/anz-bank/sysl/unsorted/codegen/golang/ast_to_source.go:650.2,654.3 1 1
github.com/anz-bank/sysl/unsorted/codegen/golang/ast_to_source.go:647.14,649.3 1 1
github.com/anz-bank/sysl/unsorted/codegen/golang/ast_to_source.go:658.49,659.14 1 1
github.com/anz-bank/sysl/unsorted/codegen/golang/ast_to_source.go:662.2,662.36 1 1
github.com/anz-bank/sysl/unsorted/codegen/golang/ast_to_source.go:659.14,661.3 1 1
github.com/anz-bank/sysl/unsorted/codegen/golang/ast_to_source.go:666.49,667.14 1 1
github.com/anz-bank/sysl/unsorted/codegen/golang/ast_to_source.go:670.2,671.31 2 1
github.com/anz-bank/sysl/unsorted/codegen/golang/ast_to_source.go:675.2,676.33 2 1
github.com/anz-bank/sysl/unsorted/codegen/golang/ast_to_source.go:667.14,669.3 1 1
github.com/anz-bank/sysl/unsorted/codegen/golang/ast_to_source.go:671.31,674.3 2 1
github.com/anz-bank/sysl/unsorted/codegen/golang/ast_to_source.go:676.33,678.3 1 1
github.com/anz-bank/sysl/unsorted/codegen/golang/ast_bootstrap.go:412.29,412.30 0 0
github.com/anz-bank/sysl/unsorted/codegen/golang/ast_bootstrap.go:415.27,415.28 0 0
github.com/anz-bank/sysl/unsorted/codegen/golang/ast_bootstrap.go:418.30,418.31 0 0
github.com/anz-bank/sysl/unsorted/codegen/golang/ast_bootstrap.go:421.30,421.31 0 0
github.com/anz-bank/sysl/unsorted/codegen/golang/ast_bootstrap.go:424.29,424.30 0 0
github.com/anz-bank/sysl/unsorted/codegen/golang/ast_bootstrap.go:427.34,427.35 0 0
github.com/anz-bank/sysl/unsorted/codegen/golang/ast_bootstrap.go:430.31,430.32 0 0
github.com/anz-bank/sysl/unsorted/codegen/golang/ast_bootstrap.go:433.34,433.35 0 0
github.com/anz-bank/sysl/unsorted/codegen/golang/ast_bootstrap.go:436.31,436.32 0 0
github.com/anz-bank/sysl/unsorted/codegen/golang/ast_bootstrap.go:439.31,439.32 0 0
github.com/anz-bank/sysl/unsorted/codegen/golang/ast_bootstrap.go:442.36,442.37 0 0
github.com/anz-bank/sysl/unsorted/codegen/golang/ast_bootstrap.go:445.30,445.31 0 0
github.com/anz-bank/sysl/unsorted/codegen/golang/ast_bootstrap.go:448.30,448.31 0 0
github.com/anz-bank/sysl/unsorted/codegen/golang/ast_bootstrap.go:451.31,451.32 0 0
github.com/anz-bank/sysl/unsorted/codegen/golang/ast_bootstrap.go:454.32,454.33 0 0
github.com/anz-bank/sysl/unsorted/codegen/golang/ast_bootstrap.go:457.34,457.35 0 0
github.com/anz-bank/sysl/unsorted/codegen/golang/ast_bootstrap.go:460.31,460.32 0 0
github.com/anz-bank/sysl/unsorted/codegen/golang/ast_bootstrap.go:463.32,463.33 0 0
github.com/anz-bank/sysl/unsorted/codegen/golang/ast_bootstrap.go:466.30,466.31 0 0
github.com/anz-bank/sysl/unsorted/codegen/golang/ast_bootstrap.go:469.35,469.36 0 0
github.com/anz-bank/sysl/unsorted/codegen/golang/ast_bootstrap.go:472.29,472.30 0 0
github.com/anz-bank/sysl/unsorted/codegen/golang/ast_bootstrap.go:475.30,475.31 0 0
github.com/anz-bank/sysl/unsorted/codegen/golang/ast_bootstrap.go:484.32,484.33 0 0
github.com/anz-bank/sysl/unsorted/codegen/golang/ast_bootstrap.go:487.29,487.30 0 0
github.com/anz-bank/sysl/unsorted/codegen/golang/ast_bootstrap.go:490.31,490.32 0 0
github.com/anz-bank/sysl/unsorted/codegen/golang/ast_bootstrap.go:493.32,493.33 0 0
github.com/anz-bank/sysl/unsorted/codegen/golang/ast_bootstrap.go:496.32,496.33 0 0
github.com/anz-bank/sysl/unsorted/codegen/golang/ast_bootstrap.go:499.32,499.33 0 0
github.com/anz-bank/sysl/unsorted/codegen/golang/ast_bootstrap.go:502.30,502.31 0 0
github.com/anz-bank/sysl/unsorted/codegen/golang/ast_bootstrap.go:505.31,505.32 0 0
github.com/anz-bank/sysl/unsorted/codegen/golang/ast_bootstrap.go:508.31,508.32 0 0
github.com/anz-bank/sysl/unsorted/codegen/golang/ast_bootstrap.go:511.30,511.31 0 0
github.com/anz-bank/sysl/unsorted/codegen/golang/ast_bootstrap.go:514.29,514.30 0 0
github.com/anz-bank/sysl/unsorted/codegen/golang/ast_bootstrap.go:517.28,517.29 0 0
github.com/anz-bank/sysl/unsorted/codegen/golang/ast_bootstrap.go:520.28,520.29 0 0
github.com/anz-bank/sysl/unsorted/codegen/golang/ast_bootstrap.go:523.32,523.33 0 0
github.com/anz-bank/sysl/unsorted/codegen/golang/ast_bootstrap.go:526.33,526.34 0 0
github.com/anz-bank/sysl/unsorted/codegen/golang/ast_bootstrap.go:529.31,529.32 0 0
github.com/anz-bank/sysl/unsorted/codegen/golang/ast_bootstrap.go:532.32,532.33 0 0
github.com/anz-bank/sysl/unsorted/codegen/golang/ast_bootstrap.go:535.32,535.33 0 0
github.com/anz-bank/sysl/unsorted/codegen/golang/ast_bootstrap.go:538.30,538.31 0 0
github.com/anz-bank/sysl/unsorted/codegen/golang/ast_bootstrap.go:541.32,541.33 0 0
github.com/anz-bank/sysl/unsorted/codegen/golang/ast_bootstrap.go:544.36,544.37 0 0
github.com/anz-bank/sysl/unsorted/codegen/golang/ast_bootstrap.go:553.29,553.30 0 0
github.com/anz-bank/sysl/unsorted/codegen/golang/ast_bootstrap.go:556.30,556.31 0 0
github.com/anz-bank/sysl/unsorted/codegen/golang/ast_bootstrap.go:559.29,559.30 0 0
github.com/anz-bank/sysl/unsorted/codegen/golang/ast_bootstrap.go:568.32,568.33 0 0
github.com/anz-bank/sysl/unsorted/codegen/golang/ast_bootstrap.go:571.30,571.31 0 0
github.com/anz-bank/sysl/unsorted/codegen/golang/ast_bootstrap.go:574.31,574.32 0 0
github.com/anz-bank/sysl/unsorted/codegen/golang/ast_helpers.go:11.41,13.2 1 1
github.com/anz-bank/sysl/unsorted/codegen/golang/ast_helpers.go:16.41,18.2 1 1
github.com/anz-bank/sysl/unsorted/codegen/golang/ast_helpers.go:21.40,23.2 1 1
github.com/anz-bank/sysl/unsorted/codegen/golang/ast_helpers.go:26.41,28.2 1 1
github.com/anz-bank/sysl/unsorted/codegen/golang/ast_helpers.go:31.50,32.19 1 1
github.com/anz-bank/sysl/unsorted/codegen/golang/ast_helpers.go:35.2,35.54 1 1
github.com/anz-bank/sysl/unsorted/codegen/golang/ast_helpers.go:32.19,33.23 1 0
github.com/anz-bank/sysl/unsorted/codegen/golang/ast_helpers.go:39.52,41.2 1 1
github.com/anz-bank/sysl/unsorted/codegen/golang/ast_helpers.go:44.37,46.2 1 1
github.com/anz-bank/sysl/unsorted/codegen/golang/ast_helpers.go:49.26,51.2 1 1
github.com/anz-bank/sysl/unsorted/codegen/golang/ast_helpers.go:54.40,56.2 1 1
github.com/anz-bank/sysl/unsorted/codegen/golang/ast_helpers.go:59.45,61.2 1 1
github.com/anz-bank/sysl/unsorted/codegen/golang/ast_helpers.go:64.51,66.2 1 1
github.com/anz-bank/sysl/unsorted/codegen/golang/ast_helpers.go:69.51,71.2 1 1
github.com/anz-bank/sysl/unsorted/codegen/golang/ast_helpers.go:74.42,76.30 2 1
github.com/anz-bank/sysl/unsorted/codegen/golang/ast_helpers.go:80.2,80.49 1 1
github.com/anz-bank/sysl/unsorted/codegen/golang/ast_helpers.go:76.30,79.3 2 1
github.com/anz-bank/sysl/unsorted/codegen/golang/ast_helpers.go:84.29,86.2 1 1
github.com/anz-bank/sysl/unsorted/codegen/golang/ast_helpers.go:89.43,91.2 1 1
github.com/anz-bank/sysl/unsorted/codegen/golang/ast_helpers.go:94.52,96.2 1 1
github.com/anz-bank/sysl/unsorted/codegen/golang/ast_helpers.go:100.51,101.14 1 1
github.com/anz-bank/sysl/unsorted/codegen/golang/ast_helpers.go:104.2,106.68 3 1
github.com/anz-bank/sysl/unsorted/codegen/golang/ast_helpers.go:109.2,109.19 1 1
github.com/anz-bank/sysl/unsorted/codegen/golang/ast_helpers.go:101.14,103.3 1 0
github.com/anz-bank/sysl/unsorted/codegen/golang/ast_helpers.go:106.68,108.3 1 1
github.com/anz-bank/sysl/unsorted/codegen/golang/ast_helpers.go:113.45,115.2 1 1
github.com/anz-bank/sysl/unsorted/codegen/golang/ast_helpers.go:118.45,120.2 1 1
github.com/anz-bank/sysl/unsorted/codegen/golang/ast_helpers.go:123.47,125.2 1 1
github.com/anz-bank/sysl/unsorted/codegen/golang/ast_helpers.go:128.53,130.2 1 0
github.com/anz-bank/sysl/unsorted/codegen/golang/ast_helpers.go:133.30,135.2 1 1
github.com/anz-bank/sysl/unsorted/codegen/golang/ast_helpers.go:138.43,140.2 1 1
github.com/anz-bank/sysl/unsorted/codegen/golang/ast_helpers.go:143.32,145.2 1 1
github.com/anz-bank/sysl/unsorted/codegen/golang/ast_helpers.go:148.33,150.2 1 1
github.com/anz-bank/sysl/unsorted/codegen/golang/ast_helpers.go:153.73,158.2 1 1
github.com/anz-bank/sysl/unsorted/codegen/golang/ast_helpers.go:161.37,163.2 1 1
github.com/anz-bank/sysl/unsorted/codegen/golang/ast_helpers.go:166.26,167.27 1 1
github.com/anz-bank/sysl/unsorted/codegen/golang/ast_helpers.go:170.2,170.32 1 1
github.com/anz-bank/sysl/unsorted/codegen/golang/ast_helpers.go:167.27,168.51 1 0
github.com/anz-bank/sysl/unsorted/codegen/golang/ast_helpers.go:174.36,176.25 2 1
github.com/anz-bank/sysl/unsorted/codegen/golang/ast_helpers.go:179.2,179.15 1 1
github.com/anz-bank/sysl/unsorted/codegen/golang/ast_helpers.go:176.25,178.3 1 1
github.com/anz-bank/sysl/unsorted/codegen/golang/ast_helpers.go:183.54,185.2 1 1
github.com/anz-bank/sysl/unsorted/codegen/golang/ast_helpers.go:188.74,190.22 2 1
github.com/anz-bank/sysl/unsorted/codegen/golang/ast_helpers.go:193.2,194.13 2 1
github.com/anz-bank/sysl/unsorted/codegen/golang/ast_helpers.go:190.22,191.42 1 0
github.com/anz-bank/sysl/unsorted/codegen/golang/ast_helpers.go:198.50,200.22 2 1
github.com/anz-bank/sysl/unsorted/codegen/golang/ast_helpers.go:203.2,204.13 2 1
github.com/anz-bank/sysl/unsorted/codegen/golang/ast_helpers.go:200.22,201.42 1 0
github.com/anz-bank/sysl/unsorted/codegen/golang/ast_helpers.go:208.45,210.31 2 1
github.com/anz-bank/sysl/unsorted/codegen/golang/ast_helpers.go:214.2,214.50 1 1
github.com/anz-bank/sysl/unsorted/codegen/golang/ast_helpers.go:210.31,213.3 2 1
github.com/anz-bank/sysl/unsorted/codegen/golang/ast_helpers.go:218.30,220.2 1 1
github.com/anz-bank/sysl/unsorted/codegen/golang/ast_helpers.go:223.34,225.2 1 1
github.com/anz-bank/sysl/unsorted/codegen/golang/ast_helpers.go:228.53,230.31 2 1
github.com/anz-bank/sysl/unsorted/codegen/golang/ast_helpers.go:233.2,233.55 1 1
github.com/anz-bank/sysl/unsorted/codegen/golang/ast_helpers.go:230.31,232.3 1 1
github.com/anz-bank/sysl/unsorted/codegen/golang/ast_helpers.go:237.27,239.2 1 1
github.com/anz-bank/sysl/unsorted/codegen/golang/ast_helpers.go:242.40,244.2 1 1
github.com/anz-bank/sysl/unsorted/codegen/golang/ast_helpers.go:247.36,249.2 1 1
github.com/anz-bank/sysl/unsorted/codegen/golang/ast_helpers.go:252.19,254.2 1 1
github.com/anz-bank/sysl/unsorted/codegen/golang/ast_helpers.go:257.46,263.2 1 1
github.com/anz-bank/sysl/unsorted/codegen/golang/ast_helpers.go:266.74,268.2 1 1
github.com/anz-bank/sysl/unsorted/codegen/golang/ast_helpers.go:271.31,273.2 1 1
github.com/anz-bank/sysl/unsorted/codegen/golang/ast_helpers.go:276.69,278.2 1 1
github.com/anz-bank/sysl/unsorted/codegen/golang/ast_helpers.go:281.69,283.2 1 1
github.com/anz-bank/sysl/unsorted/codegen/golang/ast_helpers.go:286.42,288.2 1 1
github.com/anz-bank/sysl/unsorted/codegen/golang/ast_helpers.go:291.39,293.2 1 1
github.com/anz-bank/sysl/unsorted/codegen/golang/ast_helpers.go:296.37,298.2 1 1
github.com/anz-bank/sysl/unsorted/codegen/golang/ast_helpers.go:301.58,303.2 1 1
github.com/anz-bank/sysl/unsorted/codegen/golang/ast_helpers.go:306.37,308.2 1 1
github.com/anz-bank/sysl/unsorted/codegen/golang/ast_helpers.go:311.45,312.19 1 1
github.com/anz-bank/sysl/unsorted/codegen/golang/ast_helpers.go:315.2,316.68 2 1
github.com/anz-bank/sysl/unsorted/codegen/golang/ast_helpers.go:312.19,313.31 1 1
github.com/anz-bank/sysl/unsorted/codegen/golang/ast_helpers.go:320.29,322.2 1 1
github.com/anz-bank/sysl/unsorted/codegen/golang/ast_helpers.go:325.33,327.2 1 1
github.com/anz-bank/sysl/unsorted/codegen/golang/ast_helpers.go:330.42,332.2 1 1
github.com/anz-bank/sysl/unsorted/codegen/golang/ast_helpers.go:335.50,337.2 1 0
github.com/anz-bank/sysl/unsorted/codegen/golang/ast_helpers.go:340.28,342.2 1 1
github.com/anz-bank/sysl/unsorted/codegen/golang/ast_helpers.go:345.40,347.29 2 1
github.com/anz-bank/sysl/unsorted/codegen/golang/ast_helpers.go:351.2,351.48 1 1
github.com/anz-bank/sysl/unsorted/codegen/golang/ast_helpers.go:347.29,350.3 2 1
github.com/anz-bank/sysl/unsorted/codegen/golang/ast_helpers.go:355.76,357.13 2 1
github.com/anz-bank/sysl/unsorted/codegen/golang/ast_helpers.go:362.2,362.75 1 1
github.com/anz-bank/sysl/unsorted/codegen/golang/ast_helpers.go:357.13,359.3 1 1
github.com/anz-bank/sysl/unsorted/codegen/golang/ast_helpers.go:359.8,361.3 1 1
github.com/anz-bank/sysl/unsorted/codegen/golang/ast_helpers.go:366.42,368.2 1 1
github.com/anz-bank/sysl/unsorted/codegen/golang/ast_helpers.go:371.40,373.30 2 1
github.com/anz-bank/sysl/unsorted/codegen/golang/ast_helpers.go:377.2,377.47 1 1
github.com/anz-bank/sysl/unsorted/codegen/golang/ast_helpers.go:373.30,376.3 2 1
github.com/anz-bank/sysl/pkg/parser/grammarParser.go:33.48,34.36 1 1
github.com/anz-bank/sysl/pkg/parser/grammarParser.go:34.36,35.28 1 1
github.com/anz-bank/sysl/pkg/parser/grammarParser.go:35.28,36.16 1 1
github.com/anz-bank/sysl/pkg/parser/grammarParser.go:39.4,40.31 2 1
github.com/anz-bank/sysl/pkg/parser/grammarParser.go:49.4,49.17 1 1
github.com/anz-bank/sysl/pkg/parser/grammarParser.go:36.16,37.13 1 1
github.com/anz-bank/sysl/pkg/parser/grammarParser.go:41.23,42.35 1 1
github.com/anz-bank/sysl/pkg/parser/grammarParser.go:43.22,45.30 2 1
github.com/anz-bank/sysl/pkg/parser/grammarParser.go:46.23,47.45 1 1
github.com/anz-bank/sysl/pkg/parser/grammarParser.go:49.17,50.39 1 1
github.com/anz-bank/sysl/pkg/parser/grammarParser.go:50.39,54.6 3 1
github.com/anz-bank/sysl/pkg/parser/grammarParser.go:54.11,56.6 1 1
github.com/anz-bank/sysl/pkg/parser/grammarParser.go:63.71,65.25 2 1
github.com/anz-bank/sysl/pkg/parser/grammarParser.go:68.2,69.25 2 1
github.com/anz-bank/sysl/pkg/parser/grammarParser.go:72.2,72.14 1 1
github.com/anz-bank/sysl/pkg/parser/grammarParser.go:65.25,67.3 1 1
github.com/anz-bank/sysl/pkg/parser/grammarParser.go:69.25,71.3 1 1
github.com/anz-bank/sysl/pkg/parser/grammarParser.go:75.29,80.2 1 1
github.com/anz-bank/sysl/pkg/parser/grammarParser.go:82.50,90.2 3 1
github.com/anz-bank/sysl/pkg/parser/grammarParser.go:94.45,95.25 1 1
github.com/anz-bank/sysl/pkg/parser/grammarParser.go:99.2,99.35 1 1
github.com/anz-bank/sysl/pkg/parser/grammarParser.go:108.2,108.13 1 0
github.com/anz-bank/sysl/pkg/parser/grammarParser.go:95.25,97.3 1 1
github.com/anz-bank/sysl/pkg/parser/grammarParser.go:100.28,101.14 1 1
github.com/anz-bank/sysl/pkg/parser/grammarParser.go:102.28,103.26 1 1
github.com/anz-bank/sysl/pkg/parser/grammarParser.go:104.27,105.26 1 1
github.com/anz-bank/sysl/pkg/parser/grammarParser.go:111.91,112.31 1 1
github.com/anz-bank/sysl/pkg/parser/grammarParser.go:115.2,118.27 3 1
github.com/anz-bank/sysl/pkg/parser/grammarParser.go:207.2,207.28 1 1
github.com/anz-bank/sysl/pkg/parser/grammarParser.go:112.31,114.3 1 1
github.com/anz-bank/sysl/pkg/parser/grammarParser.go:119.17,120.34 1 1
github.com/anz-bank/sysl/pkg/parser/grammarParser.go:178.3,179.27 2 1
github.com/anz-bank/sysl/pkg/parser/grammarParser.go:180.13,183.10 3 1
github.com/anz-bank/sysl/pkg/parser/grammarParser.go:191.3,192.27 2 1
github.com/anz-bank/sysl/pkg/parser/grammarParser.go:193.15,195.36 2 1
github.com/anz-bank/sysl/pkg/parser/grammarParser.go:204.3,205.27 2 1
github.com/anz-bank/sysl/pkg/parser/grammarParser.go:120.34,121.16 1 1
github.com/anz-bank/sysl/pkg/parser/grammarParser.go:126.4,132.30 6 1
github.com/anz-bank/sysl/pkg/parser/grammarParser.go:172.4,172.18 1 1
github.com/anz-bank/sysl/pkg/parser/grammarParser.go:121.16,124.13 2 1
github.com/anz-bank/sysl/pkg/parser/grammarParser.go:132.30,135.37 3 1
github.com/anz-bank/sysl/pkg/parser/grammarParser.go:156.5,156.12 1 1
github.com/anz-bank/sysl/pkg/parser/grammarParser.go:136.24,139.34 3 1
github.com/anz-bank/sysl/pkg/parser/grammarParser.go:140.25,144.34 4 1
github.com/anz-bank/sysl/pkg/parser/grammarParser.go:145.13,146.33 1 1
github.com/anz-bank/sysl/pkg/parser/grammarParser.go:146.33,149.7 2 1
github.com/anz-bank/sysl/pkg/parser/grammarParser.go:149.12,154.7 4 1
github.com/anz-bank/sysl/pkg/parser/grammarParser.go:156.12,161.6 4 1
github.com/anz-bank/sysl/pkg/parser/grammarParser.go:161.11,162.31 1 1
github.com/anz-bank/sysl/pkg/parser/grammarParser.go:165.6,165.25 1 1
github.com/anz-bank/sysl/pkg/parser/grammarParser.go:169.6,169.11 1 1
github.com/anz-bank/sysl/pkg/parser/grammarParser.go:162.31,164.7 1 1
github.com/anz-bank/sysl/pkg/parser/grammarParser.go:165.25,168.7 1 1
github.com/anz-bank/sysl/pkg/parser/grammarParser.go:172.18,174.5 1 1
github.com/anz-bank/sysl/pkg/parser/grammarParser.go:174.10,176.5 1 1
github.com/anz-bank/sysl/pkg/parser/grammarParser.go:183.10,190.4 4 1
github.com/anz-bank/sysl/pkg/parser/grammarParser.go:195.36,198.11 3 1
github.com/anz-bank/sysl/pkg/parser/grammarParser.go:198.11,202.5 3 1
github.com/anz-bank/sysl/pkg/parser/grammarParser.go:211.67,215.2 3 1
github.com/anz-bank/sysl/pkg/parser/grammarParser.go:217.61,219.29 2 1
github.com/anz-bank/sysl/pkg/parser/grammarParser.go:230.2,230.17 1 1
github.com/anz-bank/sysl/pkg/parser/grammarParser.go:220.21,221.27 1 0
github.com/anz-bank/sysl/pkg/parser/grammarParser.go:222.22,224.28 2 1
github.com/anz-bank/sysl/pkg/parser/grammarParser.go:225.10,228.16 3 1
github.com/anz-bank/sysl/pkg/parser/grammarParser.go:233.57,234.48 1 1
github.com/anz-bank/sysl/pkg/parser/grammarParser.go:237.2,237.14 1 1
github.com/anz-bank/sysl/pkg/parser/grammarParser.go:234.48,236.3 1 1
github.com/anz-bank/sysl/pkg/parser/grammarParser.go:240.34,241.29 1 1
github.com/anz-bank/sysl/pkg/parser/grammarParser.go:245.2,245.14 1 1
github.com/anz-bank/sysl/pkg/parser/grammarParser.go:242.37,243.14 1 1
github.com/anz-bank/sysl/pkg/parser/grammarParser.go:248.79,252.27 3 1
github.com/anz-bank/sysl/pkg/parser/grammarParser.go:259.2,262.38 2 1
github.com/anz-bank/sysl/pkg/parser/grammarParser.go:270.2,271.14 2 1
github.com/anz-bank/sysl/pkg/parser/grammarParser.go:296.2,297.14 2 1
github.com/anz-bank/sysl/pkg/parser/grammarParser.go:340.2,340.22 1 1
github.com/anz-bank/sysl/pkg/parser/grammarParser.go:252.27,255.3 2 1
github.com/anz-bank/sysl/pkg/parser/grammarParser.go:262.38,263.45 1 1
github.com/anz-bank/sysl/pkg/parser/grammarParser.go:263.45,264.26 1 1
github.com/anz-bank/sysl/pkg/parser/grammarParser.go:264.26,266.5 1 1
github.com/anz-bank/sysl/pkg/parser/grammarParser.go:271.14,273.39 2 1
github.com/anz-bank/sysl/pkg/parser/grammarParser.go:273.39,274.46 1 1
github.com/anz-bank/sysl/pkg/parser/grammarParser.go:274.46,276.32 2 1
github.com/anz-bank/sysl/pkg/parser/grammarParser.go:276.32,277.18 1 1
github.com/anz-bank/sysl/pkg/parser/grammarParser.go:280.6,280.31 1 1
github.com/anz-bank/sysl/pkg/parser/grammarParser.go:289.6,289.37 1 1
github.com/anz-bank/sysl/pkg/parser/grammarParser.go:277.18,278.15 1 1
github.com/anz-bank/sysl/pkg/parser/grammarParser.go:280.31,282.12 2 1
github.com/anz-bank/sysl/pkg/parser/grammarParser.go:283.12,288.7 4 1
github.com/anz-bank/sysl/pkg/parser/grammarParser.go:289.37,291.7 1 1
github.com/anz-bank/sysl/pkg/parser/grammarParser.go:297.14,299.39 2 1
github.com/anz-bank/sysl/pkg/parser/grammarParser.go:299.39,300.46 1 1
github.com/anz-bank/sysl/pkg/parser/grammarParser.go:300.46,302.29 2 1
github.com/anz-bank/sysl/pkg/parser/grammarParser.go:302.29,304.18 1 1
github.com/anz-bank/sysl/pkg/parser/grammarParser.go:304.18,311.27 4 1
github.com/anz-bank/sysl/pkg/parser/grammarParser.go:322.7,322.27 1 1
github.com/anz-bank/sysl/pkg/parser/grammarParser.go:311.27,312.31 1 1
github.com/anz-bank/sysl/pkg/parser/grammarParser.go:312.31,315.9 2 1
github.com/anz-bank/sysl/pkg/parser/grammarParser.go:322.27,326.8 3 1
github.com/anz-bank/sysl/pkg/parser/grammarParser.go:327.12,327.26 1 1
github.com/anz-bank/sysl/pkg/parser/grammarParser.go:327.26,331.39 2 1
github.com/anz-bank/sysl/pkg/parser/grammarParser.go:331.39,334.8 2 1
github.com/anz-bank/sysl/pkg/parser/lexer.go:21.55,24.29 2 1
github.com/anz-bank/sysl/pkg/parser/lexer.go:29.2,35.3 1 1
github.com/anz-bank/sysl/pkg/parser/lexer.go:24.29,27.3 2 1
github.com/anz-bank/sysl/pkg/parser/lexer.go:38.35,41.37 3 1
github.com/anz-bank/sysl/pkg/parser/lexer.go:65.2,65.46 1 1
github.com/anz-bank/sysl/pkg/parser/lexer.go:41.37,44.19 3 1
github.com/anz-bank/sysl/pkg/parser/lexer.go:44.19,49.31 4 1
github.com/anz-bank/sysl/pkg/parser/lexer.go:60.4,60.31 1 1
github.com/anz-bank/sysl/pkg/parser/lexer.go:49.31,51.19 2 1
github.com/anz-bank/sysl/pkg/parser/lexer.go:51.19,53.54 2 1
github.com/anz-bank/sysl/pkg/parser/lexer.go:53.54,57.7 3 1
github.com/anz-bank/sysl/pkg/parser/lexer.go:60.31,62.5 1 1
github.com/anz-bank/sysl/pkg/parser/nestedGrammar.go:5.39,7.2 1 1
github.com/anz-bank/sysl/pkg/parser/nestedGrammar.go:9.29,12.2 2 1
github.com/anz-bank/sysl/pkg/parser/nestedGrammar.go:14.41,17.2 2 1
github.com/anz-bank/sysl/pkg/parser/nestedGrammar.go:25.79,32.29 2 1
github.com/anz-bank/sysl/pkg/parser/nestedGrammar.go:36.2,36.16 1 1
github.com/anz-bank/sysl/pkg/parser/nestedGrammar.go:32.29,35.3 2 1
github.com/anz-bank/sysl/pkg/parser/nestedGrammar.go:39.42,41.2 1 1
github.com/anz-bank/sysl/pkg/parser/nestedGrammar.go:43.49,46.2 2 1
github.com/anz-bank/sysl/pkg/parser/nestedGrammar.go:48.37,50.2 1 1
github.com/anz-bank/sysl/pkg/parser/sampleGrammars.go:3.43,5.2 1 1
github.com/anz-bank/sysl/pkg/parser/sampleGrammars.go:7.43,9.2 1 1
github.com/anz-bank/sysl/pkg/parser/sampleGrammars.go:11.42,13.2 1 1
github.com/anz-bank/sysl/pkg/parser/sampleGrammars.go:15.39,17.2 1 1
github.com/anz-bank/sysl/pkg/parser/sampleGrammars.go:19.39,21.2 1 1
github.com/anz-bank/sysl/pkg/parser/sampleGrammars.go:23.45,26.2 2 1
github.com/anz-bank/sysl/pkg/parser/sampleGrammars.go:28.47,32.2 3 1
github.com/anz-bank/sysl/pkg/parser/sampleGrammars.go:36.30,68.2 7 1
github.com/anz-bank/sysl/pkg/parser/sampleGrammars.go:78.26,199.2 24 1
github.com/anz-bank/sysl/pkg/parser/sampleGrammars.go:206.26,272.2 13 1
github.com/anz-bank/sysl/pkg/parser/sampleGrammars.go:278.53,311.2 8 1
github.com/anz-bank/sysl/pkg/parser/sampleGrammars.go:336.48,431.2 16 1
github.com/anz-bank/sysl/pkg/parser/sampleGrammars.go:433.24,481.2 8 1
github.com/anz-bank/sysl/pkg/parser/sampleGrammars.go:483.35,503.2 4 1
github.com/anz-bank/sysl/pkg/parser/util.go:5.36,9.2 3 1
github.com/anz-bank/sysl/pkg/parser/util.go:11.36,14.2 2 1
github.com/anz-bank/sysl/pkg/parser/util.go:16.44,18.24 2 1
github.com/anz-bank/sysl/pkg/parser/util.go:21.2,21.21 1 1
github.com/anz-bank/sysl/pkg/parser/util.go:18.24,20.3 1 1
github.com/anz-bank/sysl/pkg/parser/util.go:24.34,26.20 2 1
github.com/anz-bank/sysl/pkg/parser/util.go:29.2,29.12 1 1
github.com/anz-bank/sysl/pkg/parser/util.go:26.20,28.3 1 1
github.com/anz-bank/sysl/pkg/parser/util.go:32.34,34.2 1 1
github.com/anz-bank/sysl/pkg/parser/ebnfParser.go:10.39,16.2 1 1
github.com/anz-bank/sysl/pkg/parser/ebnfParser.go:18.46,26.2 1 1
github.com/anz-bank/sysl/pkg/parser/ebnfParser.go:28.51,31.70 2 1
github.com/anz-bank/sysl/pkg/parser/ebnfParser.go:43.2,43.12 1 1
github.com/anz-bank/sysl/pkg/parser/ebnfParser.go:31.70,32.45 1 1
github.com/anz-bank/sysl/pkg/parser/ebnfParser.go:33.12,34.35 1 1
github.com/anz-bank/sysl/pkg/parser/ebnfParser.go:35.12,36.34 1 0
github.com/anz-bank/sysl/pkg/parser/ebnfParser.go:37.12,38.35 1 0
github.com/anz-bank/sysl/pkg/parser/ebnfParser.go:39.11,40.33 1 0
github.com/anz-bank/sysl/pkg/parser/ebnfParser.go:46.45,48.2 1 1
github.com/anz-bank/sysl/pkg/parser/ebnfParser.go:50.39,53.18 2 1
github.com/anz-bank/sysl/pkg/parser/ebnfParser.go:54.9,58.51 4 1
github.com/anz-bank/sysl/pkg/parser/ebnfParser.go:61.3,61.33 1 1
github.com/anz-bank/sysl/pkg/parser/ebnfParser.go:62.9,63.56 1 1
github.com/anz-bank/sysl/pkg/parser/ebnfParser.go:64.9,66.13 2 1
github.com/anz-bank/sysl/pkg/parser/ebnfParser.go:70.3,74.4 1 1
github.com/anz-bank/sysl/pkg/parser/ebnfParser.go:75.10,76.32 1 0
github.com/anz-bank/sysl/pkg/parser/ebnfParser.go:58.51,60.4 1 1
github.com/anz-bank/sysl/pkg/parser/ebnfParser.go:66.13,68.45 2 0
github.com/anz-bank/sysl/pkg/parser/ebnfParser.go:80.42,82.2 1 1
github.com/anz-bank/sysl/pkg/parser/ebnfParser.go:84.67,85.22 1 1
github.com/anz-bank/sysl/pkg/parser/ebnfParser.go:88.2,88.24 1 1
github.com/anz-bank/sysl/pkg/parser/ebnfParser.go:92.2,92.16 1 0
github.com/anz-bank/sysl/pkg/parser/ebnfParser.go:85.22,86.46 1 0
github.com/anz-bank/sysl/pkg/parser/ebnfParser.go:88.24,91.3 2 1
github.com/anz-bank/sysl/pkg/parser/ebnfParser.go:96.70,97.61 1 1
github.com/anz-bank/sysl/pkg/parser/ebnfParser.go:100.2,100.16 1 1
github.com/anz-bank/sysl/pkg/parser/ebnfParser.go:97.61,99.3 1 1
github.com/anz-bank/sysl/pkg/parser/ebnfParser.go:103.48,106.15 2 1
github.com/anz-bank/sysl/pkg/parser/ebnfParser.go:114.2,114.31 1 1
github.com/anz-bank/sysl/pkg/parser/ebnfParser.go:106.15,107.46 1 1
github.com/anz-bank/sysl/pkg/parser/ebnfParser.go:107.46,112.4 4 1
github.com/anz-bank/sysl/pkg/parser/ebnfParser.go:117.48,120.21 3 1
github.com/anz-bank/sysl/pkg/parser/ebnfParser.go:130.2,130.35 1 1
github.com/anz-bank/sysl/pkg/parser/ebnfParser.go:120.21,122.18 2 1
github.com/anz-bank/sysl/pkg/parser/ebnfParser.go:122.18,123.26 1 1
github.com/anz-bank/sysl/pkg/parser/ebnfParser.go:123.26,127.5 3 1
github.com/anz-bank/sysl/pkg/parser/ebnfParser.go:133.39,141.2 6 1
github.com/anz-bank/sysl/pkg/parser/ebnfParser.go:151.74,154.47 3 1
github.com/anz-bank/sysl/pkg/parser/ebnfParser.go:159.2,163.3 1 1
github.com/anz-bank/sysl/pkg/parser/ebnfParser.go:154.47,157.3 2 1
github.com/anz-bank/sysl/pkg/parser/ebnfParser.go:167.69,171.6 3 1
github.com/anz-bank/sysl/pkg/parser/ebnfParser.go:179.2,180.12 2 1
github.com/anz-bank/sysl/pkg/parser/ebnfParser.go:183.2,184.12 2 0
github.com/anz-bank/sysl/pkg/parser/ebnfParser.go:171.6,173.19 2 1
github.com/anz-bank/sysl/pkg/parser/ebnfParser.go:176.3,176.31 1 1
github.com/anz-bank/sysl/pkg/parser/ebnfParser.go:173.19,174.9 1 1
github.com/anz-bank/sysl/pkg/parser/ebnfParser.go:180.12,182.3 1 1
github.com/anz-bank/sysl/pkg/parser/grammar.pb.go:36.35,36.53 1 0
github.com/anz-bank/sysl/pkg/parser/grammar.pb.go:37.35,37.72 1 0
github.com/anz-bank/sysl/pkg/parser/grammar.pb.go:38.36,38.37 0 0
github.com/anz-bank/sysl/pkg/parser/grammar.pb.go:39.46,41.2 1 0
github.com/anz-bank/sysl/pkg/parser/grammar.pb.go:43.49,45.2 1 0
github.com/anz-bank/sysl/pkg/parser/grammar.pb.go:46.77,48.2 1 0
github.com/anz-bank/sysl/pkg/parser/grammar.pb.go:49.48,51.2 1 0
github.com/anz-bank/sysl/pkg/parser/grammar.pb.go:52.34,54.2 1 0
github.com/anz-bank/sysl/pkg/parser/grammar.pb.go:55.40,57.2 1 0
github.com/anz-bank/sysl/pkg/parser/grammar.pb.go:61.36,62.14 1 0
github.com/anz-bank/sysl/pkg/parser/grammar.pb.go:65.2,65.11 1 0
github.com/anz-bank/sysl/pkg/parser/grammar.pb.go:62.14,64.3 1 0
github.com/anz-bank/sysl/pkg/parser/grammar.pb.go:68.37,69.14 1 0
github.com/anz-bank/sysl/pkg/parser/grammar.pb.go:72.2,72.12 1 0
github.com/anz-bank/sysl/pkg/parser/grammar.pb.go:69.14,71.3 1 0
github.com/anz-bank/sysl/pkg/parser/grammar.pb.go:75.47,76.14 1 0
github.com/anz-bank/sysl/pkg/parser/grammar.pb.go:79.2,79.12 1 0
github.com/anz-bank/sysl/pkg/parser/grammar.pb.go:76.14,78.3 1 0
github.com/anz-bank/sysl/pkg/parser/grammar.pb.go:82.37,83.14 1 0
github.com/anz-bank/sysl/pkg/parser/grammar.pb.go:86.2,86.11 1 0
github.com/anz-bank/sysl/pkg/parser/grammar.pb.go:83.14,85.3 1 0
github.com/anz-bank/sysl/pkg/parser/grammar.pb.go:97.33,97.49 1 0
github.com/anz-bank/sysl/pkg/parser/grammar.pb.go:98.33,98.70 1 0
github.com/anz-bank/sysl/pkg/parser/grammar.pb.go:99.34,99.35 0 0
github.com/anz-bank/sysl/pkg/parser/grammar.pb.go:100.44,102.2 1 0
github.com/anz-bank/sysl/pkg/parser/grammar.pb.go:104.47,106.2 1 0
github.com/anz-bank/sysl/pkg/parser/grammar.pb.go:107.75,109.2 1 0
github.com/anz-bank/sysl/pkg/parser/grammar.pb.go:110.46,112.2 1 0
github.com/anz-bank/sysl/pkg/parser/grammar.pb.go:113.32,115.2 1 0
github.com/anz-bank/sysl/pkg/parser/grammar.pb.go:116.38,118.2 1 0
github.com/anz-bank/sysl/pkg/parser/grammar.pb.go:122.35,123.14 1 0
github.com/anz-bank/sysl/pkg/parser/grammar.pb.go:126.2,126.12 1 0
github.com/anz-bank/sysl/pkg/parser/grammar.pb.go:123.14,125.3 1 0
github.com/anz-bank/sysl/pkg/parser/grammar.pb.go:138.32,138.47 1 0
github.com/anz-bank/sysl/pkg/parser/grammar.pb.go:139.32,139.69 1 0
github.com/anz-bank/sysl/pkg/parser/grammar.pb.go:140.33,140.34 0 0
github.com/anz-bank/sysl/pkg/parser/grammar.pb.go:141.43,143.2 1 0
github.com/anz-bank/sysl/pkg/parser/grammar.pb.go:145.46,147.2 1 0
github.com/anz-bank/sysl/pkg/parser/grammar.pb.go:148.74,150.2 1 0
github.com/anz-bank/sysl/pkg/parser/grammar.pb.go:151.45,153.2 1 0
github.com/anz-bank/sysl/pkg/parser/grammar.pb.go:154.31,156.2 1 0
github.com/anz-bank/sysl/pkg/parser/grammar.pb.go:157.37,159.2 1 0
github.com/anz-bank/sysl/pkg/parser/grammar.pb.go:163.33,164.14 1 0
github.com/anz-bank/sysl/pkg/parser/grammar.pb.go:167.2,167.11 1 0
github.com/anz-bank/sysl/pkg/parser/grammar.pb.go:164.14,166.3 1 0
github.com/anz-bank/sysl/pkg/parser/grammar.pb.go:170.34,171.14 1 0
github.com/anz-bank/sysl/pkg/parser/grammar.pb.go:174.2,174.11 1 0
github.com/anz-bank/sysl/pkg/parser/grammar.pb.go:171.14,173.3 1 0
github.com/anz-bank/sysl/pkg/parser/grammar.pb.go:186.32,186.47 1 0
github.com/anz-bank/sysl/pkg/parser/grammar.pb.go:187.32,187.69 1 0
github.com/anz-bank/sysl/pkg/parser/grammar.pb.go:188.33,188.34 0 0
github.com/anz-bank/sysl/pkg/parser/grammar.pb.go:189.43,191.2 1 0
github.com/anz-bank/sysl/pkg/parser/grammar.pb.go:193.46,195.2 1 0
github.com/anz-bank/sysl/pkg/parser/grammar.pb.go:196.74,198.2 1 0
github.com/anz-bank/sysl/pkg/parser/grammar.pb.go:199.45,201.2 1 0
github.com/anz-bank/sysl/pkg/parser/grammar.pb.go:202.31,204.2 1 0
github.com/anz-bank/sysl/pkg/parser/grammar.pb.go:205.37,207.2 1 0
github.com/anz-bank/sysl/pkg/parser/grammar.pb.go:211.36,212.14 1 1
github.com/anz-bank/sysl/pkg/parser/grammar.pb.go:215.2,215.12 1 0
github.com/anz-bank/sysl/pkg/parser/grammar.pb.go:212.14,214.3 1 1
github.com/anz-bank/sysl/pkg/parser/grammar.pb.go:218.37,219.14 1 0
github.com/anz-bank/sysl/pkg/parser/grammar.pb.go:222.2,222.12 1 0
github.com/anz-bank/sysl/pkg/parser/grammar.pb.go:219.14,221.3 1 0
github.com/anz-bank/sysl/pkg/parser/grammar.pb.go:234.36,234.55 1 0
github.com/anz-bank/sysl/pkg/parser/grammar.pb.go:235.36,235.73 1 0
github.com/anz-bank/sysl/pkg/parser/grammar.pb.go:236.37,236.38 0 0
github.com/anz-bank/sysl/pkg/parser/grammar.pb.go:237.47,239.2 1 0
github.com/anz-bank/sysl/pkg/parser/grammar.pb.go:241.50,243.2 1 0
github.com/anz-bank/sysl/pkg/parser/grammar.pb.go:244.78,246.2 1 0
github.com/anz-bank/sysl/pkg/parser/grammar.pb.go:247.49,249.2 1 0
github.com/anz-bank/sysl/pkg/parser/grammar.pb.go:250.35,252.2 1 0
github.com/anz-bank/sysl/pkg/parser/grammar.pb.go:253.41,255.2 1 0
github.com/anz-bank/sysl/pkg/parser/grammar.pb.go:259.37,260.14 1 0
github.com/anz-bank/sysl/pkg/parser/grammar.pb.go:263.2,263.11 1 0
github.com/anz-bank/sysl/pkg/parser/grammar.pb.go:260.14,262.3 1 0
github.com/anz-bank/sysl/pkg/parser/grammar.pb.go:266.38,267.14 1 0
github.com/anz-bank/sysl/pkg/parser/grammar.pb.go:270.2,270.11 1 0
github.com/anz-bank/sysl/pkg/parser/grammar.pb.go:267.14,269.3 1 0
github.com/anz-bank/sysl/pkg/parser/grammar.pb.go:281.34,281.51 1 0
github.com/anz-bank/sysl/pkg/parser/grammar.pb.go:282.34,282.71 1 0
github.com/anz-bank/sysl/pkg/parser/grammar.pb.go:283.35,283.36 0 0
github.com/anz-bank/sysl/pkg/parser/grammar.pb.go:284.45,286.2 1 0
github.com/anz-bank/sysl/pkg/parser/grammar.pb.go:288.48,290.2 1 0
github.com/anz-bank/sysl/pkg/parser/grammar.pb.go:291.76,293.2 1 0
github.com/anz-bank/sysl/pkg/parser/grammar.pb.go:294.47,296.2 1 0
github.com/anz-bank/sysl/pkg/parser/grammar.pb.go:297.33,299.2 1 0
github.com/anz-bank/sysl/pkg/parser/grammar.pb.go:300.39,302.2 1 0
github.com/anz-bank/sysl/pkg/parser/grammar.pb.go:306.44,307.14 1 0
github.com/anz-bank/sysl/pkg/parser/grammar.pb.go:310.2,310.12 1 0
github.com/anz-bank/sysl/pkg/parser/grammar.pb.go:307.14,309.3 1 0
github.com/anz-bank/sysl/pkg/parser/grammar.pb.go:321.36,321.55 1 0
github.com/anz-bank/sysl/pkg/parser/grammar.pb.go:322.36,322.73 1 0
github.com/anz-bank/sysl/pkg/parser/grammar.pb.go:323.37,323.38 0 0
github.com/anz-bank/sysl/pkg/parser/grammar.pb.go:324.47,326.2 1 0
github.com/anz-bank/sysl/pkg/parser/grammar.pb.go:328.50,330.2 1 0
github.com/anz-bank/sysl/pkg/parser/grammar.pb.go:331.78,333.2 1 0
github.com/anz-bank/sysl/pkg/parser/grammar.pb.go:334.49,336.2 1 0
github.com/anz-bank/sysl/pkg/parser/grammar.pb.go:337.35,339.2 1 0
github.com/anz-bank/sysl/pkg/parser/grammar.pb.go:340.41,342.2 1 0
github.com/anz-bank/sysl/pkg/parser/grammar.pb.go:346.38,347.14 1 0
github.com/anz-bank/sysl/pkg/parser/grammar.pb.go:350.2,350.12 1 0
github.com/anz-bank/sysl/pkg/parser/grammar.pb.go:347.14,349.3 1 0
github.com/anz-bank/sysl/pkg/parser/grammar.pb.go:362.32,362.47 1 0
github.com/anz-bank/sysl/pkg/parser/grammar.pb.go:363.32,363.69 1 0
github.com/anz-bank/sysl/pkg/parser/grammar.pb.go:364.33,364.34 0 0
github.com/anz-bank/sysl/pkg/parser/grammar.pb.go:365.43,367.2 1 0
github.com/anz-bank/sysl/pkg/parser/grammar.pb.go:369.46,371.2 1 0
github.com/anz-bank/sysl/pkg/parser/grammar.pb.go:372.74,374.2 1 0
github.com/anz-bank/sysl/pkg/parser/grammar.pb.go:375.45,377.2 1 0
github.com/anz-bank/sysl/pkg/parser/grammar.pb.go:378.31,380.2 1 0
github.com/anz-bank/sysl/pkg/parser/grammar.pb.go:381.37,383.2 1 0
github.com/anz-bank/sysl/pkg/parser/grammar.pb.go:387.32,388.14 1 1
github.com/anz-bank/sysl/pkg/parser/grammar.pb.go:391.2,391.12 1 0
github.com/anz-bank/sysl/pkg/parser/grammar.pb.go:388.14,390.3 1 1
github.com/anz-bank/sysl/pkg/parser/grammar.pb.go:394.44,395.14 1 0
github.com/anz-bank/sysl/pkg/parser/grammar.pb.go:398.2,398.12 1 0
github.com/anz-bank/sysl/pkg/parser/grammar.pb.go:395.14,397.3 1 0
github.com/anz-bank/sysl/pkg/parser/grammar.pb.go:416.32,416.47 1 0
github.com/anz-bank/sysl/pkg/parser/grammar.pb.go:417.32,417.69 1 0
github.com/anz-bank/sysl/pkg/parser/grammar.pb.go:418.33,418.34 0 0
github.com/anz-bank/sysl/pkg/parser/grammar.pb.go:419.43,421.2 1 0
github.com/anz-bank/sysl/pkg/parser/grammar.pb.go:423.46,425.2 1 0
github.com/anz-bank/sysl/pkg/parser/grammar.pb.go:426.74,428.2 1 0
github.com/anz-bank/sysl/pkg/parser/grammar.pb.go:429.45,431.2 1 0
github.com/anz-bank/sysl/pkg/parser/grammar.pb.go:432.31,434.2 1 0
github.com/anz-bank/sysl/pkg/parser/grammar.pb.go:435.37,437.2 1 0
github.com/anz-bank/sysl/pkg/parser/grammar.pb.go:441.30,442.14 1 0
github.com/anz-bank/sysl/pkg/parser/grammar.pb.go:445.2,445.10 1 0
github.com/anz-bank/sysl/pkg/parser/grammar.pb.go:442.14,444.3 1 0
github.com/anz-bank/sysl/pkg/parser/grammar.pb.go:468.38,468.39 0 0
github.com/anz-bank/sysl/pkg/parser/grammar.pb.go:470.37,470.38 0 0
github.com/anz-bank/sysl/pkg/parser/grammar.pb.go:472.39,472.40 0 0
github.com/anz-bank/sysl/pkg/parser/grammar.pb.go:474.38,474.39 0 0
github.com/anz-bank/sysl/pkg/parser/grammar.pb.go:476.40,477.14 1 1
github.com/anz-bank/sysl/pkg/parser/grammar.pb.go:480.2,480.12 1 0
github.com/anz-bank/sysl/pkg/parser/grammar.pb.go:477.14,479.3 1 1
github.com/anz-bank/sysl/pkg/parser/grammar.pb.go:483.36,484.47 1 1
github.com/anz-bank/sysl/pkg/parser/grammar.pb.go:487.2,487.11 1 0
github.com/anz-bank/sysl/pkg/parser/grammar.pb.go:484.47,486.3 1 1
github.com/anz-bank/sysl/pkg/parser/grammar.pb.go:490.35,491.46 1 1
github.com/anz-bank/sysl/pkg/parser/grammar.pb.go:494.2,494.11 1 0
github.com/anz-bank/sysl/pkg/parser/grammar.pb.go:491.46,493.3 1 1
github.com/anz-bank/sysl/pkg/parser/grammar.pb.go:497.40,498.48 1 1
github.com/anz-bank/sysl/pkg/parser/grammar.pb.go:501.2,501.12 1 0
github.com/anz-bank/sysl/pkg/parser/grammar.pb.go:498.48,500.3 1 1
github.com/anz-bank/sysl/pkg/parser/grammar.pb.go:504.37,505.47 1 1
github.com/anz-bank/sysl/pkg/parser/grammar.pb.go:508.2,508.12 1 0
github.com/anz-bank/sysl/pkg/parser/grammar.pb.go:505.47,507.3 1 1
github.com/anz-bank/sysl/pkg/parser/grammar.pb.go:512.48,519.2 1 0
github.com/anz-bank/sysl/pkg/parser/grammar.pb.go:535.38,535.59 1 0
github.com/anz-bank/sysl/pkg/parser/grammar.pb.go:536.38,536.75 1 0
github.com/anz-bank/sysl/pkg/parser/grammar.pb.go:537.39,537.40 0 0
github.com/anz-bank/sysl/pkg/parser/grammar.pb.go:538.49,540.2 1 0
github.com/anz-bank/sysl/pkg/parser/grammar.pb.go:542.52,544.2 1 0
github.com/anz-bank/sysl/pkg/parser/grammar.pb.go:545.80,547.2 1 0
github.com/anz-bank/sysl/pkg/parser/grammar.pb.go:548.51,550.2 1 0
github.com/anz-bank/sysl/pkg/parser/grammar.pb.go:551.37,553.2 1 0
github.com/anz-bank/sysl/pkg/parser/grammar.pb.go:554.43,556.2 1 0
github.com/anz-bank/sysl/pkg/parser/grammar.pb.go:580.51,580.52 0 0
github.com/anz-bank/sysl/pkg/parser/grammar.pb.go:582.51,582.52 0 0
github.com/anz-bank/sysl/pkg/parser/grammar.pb.go:584.50,584.51 0 0
github.com/anz-bank/sysl/pkg/parser/grammar.pb.go:586.52,586.53 0 0
github.com/anz-bank/sysl/pkg/parser/grammar.pb.go:588.52,589.14 1 0
github.com/anz-bank/sysl/pkg/parser/grammar.pb.go:592.2,592.12 1 0
github.com/anz-bank/sysl/pkg/parser/grammar.pb.go:589.14,591.3 1 0
github.com/anz-bank/sysl/pkg/parser/grammar.pb.go:595.49,596.54 1 0
github.com/anz-bank/sysl/pkg/parser/grammar.pb.go:599.2,599.12 1 0
github.com/anz-bank/sysl/pkg/parser/grammar.pb.go:596.54,598.3 1 0
github.com/anz-bank/sysl/pkg/parser/grammar.pb.go:602.49,603.54 1 0
github.com/anz-bank/sysl/pkg/parser/grammar.pb.go:606.2,606.12 1 0
github.com/anz-bank/sysl/pkg/parser/grammar.pb.go:603.54,605.3 1 0
github.com/anz-bank/sysl/pkg/parser/grammar.pb.go:609.48,610.53 1 0
github.com/anz-bank/sysl/pkg/parser/grammar.pb.go:613.2,613.12 1 0
github.com/anz-bank/sysl/pkg/parser/grammar.pb.go:610.53,612.3 1 0
github.com/anz-bank/sysl/pkg/parser/grammar.pb.go:616.43,617.55 1 0
github.com/anz-bank/sysl/pkg/parser/grammar.pb.go:620.2,620.12 1 0
github.com/anz-bank/sysl/pkg/parser/grammar.pb.go:617.55,619.3 1 0
github.com/anz-bank/sysl/pkg/parser/grammar.pb.go:624.54,631.2 1 0
github.com/anz-bank/sysl/pkg/parser/grammar.pb.go:642.13,655.2 12 1
github.com/anz-bank/sysl/pkg/parser/grammar.pb.go:657.13,657.85 1 1
github.com/anz-bank/sysl/pkg/pbutil/output.go:13.66,14.14 1 1
github.com/anz-bank/sysl/pkg/pbutil/output.go:17.2,18.16 2 1
github.com/anz-bank/sysl/pkg/pbutil/output.go:21.2,22.22 2 1
github.com/anz-bank/sysl/pkg/pbutil/output.go:14.14,16.3 1 1
github.com/anz-bank/sysl/pkg/pbutil/output.go:18.16,20.3 1 0
github.com/anz-bank/sysl/pkg/pbutil/output.go:26.50,27.14 1 1
github.com/anz-bank/sysl/pkg/pbutil/output.go:30.2,31.25 2 1
github.com/anz-bank/sysl/pkg/pbutil/output.go:27.14,29.3 1 1
github.com/anz-bank/sysl/pkg/pbutil/output.go:35.66,36.14 1 1
github.com/anz-bank/sysl/pkg/pbutil/output.go:40.2,41.16 2 1
github.com/anz-bank/sysl/pkg/pbutil/output.go:44.2,45.22 2 1
github.com/anz-bank/sysl/pkg/pbutil/output.go:36.14,38.3 1 1
github.com/anz-bank/sysl/pkg/pbutil/output.go:41.16,43.3 1 0
github.com/anz-bank/sysl/pkg/pbutil/output.go:49.50,50.14 1 1
github.com/anz-bank/sysl/pkg/pbutil/output.go:53.2,53.32 1 1
github.com/anz-bank/sysl/pkg/pbutil/output.go:50.14,52.3 1 1
github.com/anz-bank/sysl/pkg/syslutil/check.go:9.58,10.9 1 1
github.com/anz-bank/sysl/pkg/syslutil/check.go:10.9,11.37 1 1
github.com/anz-bank/sysl/pkg/syslutil/check.go:15.30,16.16 1 1
github.com/anz-bank/sysl/pkg/syslutil/check.go:16.16,17.13 1 1
github.com/anz-bank/sysl/pkg/syslutil/check.go:21.67,22.16 1 1
github.com/anz-bank/sysl/pkg/syslutil/check.go:22.16,23.44 1 1
github.com/anz-bank/sysl/pkg/syslutil/chroot_fs.go:21.54,22.27 1 1
github.com/anz-bank/sysl/pkg/syslutil/chroot_fs.go:29.2,29.38 1 1
github.com/anz-bank/sysl/pkg/syslutil/chroot_fs.go:22.27,25.17 3 1
github.com/anz-bank/sysl/pkg/syslutil/chroot_fs.go:25.17,26.14 1 0
github.com/anz-bank/sysl/pkg/syslutil/chroot_fs.go:32.55,35.22 2 1
github.com/anz-bank/sysl/pkg/syslutil/chroot_fs.go:38.2,38.51 1 1
github.com/anz-bank/sysl/pkg/syslutil/chroot_fs.go:35.22,37.3 1 0
github.com/anz-bank/sysl/pkg/syslutil/chroot_fs.go:41.61,43.47 1 1
github.com/anz-bank/sysl/pkg/syslutil/chroot_fs.go:46.2,46.16 1 1
github.com/anz-bank/sysl/pkg/syslutil/chroot_fs.go:49.2,49.31 1 1
github.com/anz-bank/sysl/pkg/syslutil/chroot_fs.go:43.47,45.4 1 1
github.com/anz-bank/sysl/pkg/syslutil/chroot_fs.go:46.16,48.3 1 1
github.com/anz-bank/sysl/pkg/syslutil/chroot_fs.go:52.64,53.56 1 1
github.com/anz-bank/sysl/pkg/syslutil/chroot_fs.go:53.56,55.3 1 1
github.com/anz-bank/sysl/pkg/syslutil/chroot_fs.go:58.67,59.56 1 1
github.com/anz-bank/sysl/pkg/syslutil/chroot_fs.go:59.56,61.3 1 1
github.com/anz-bank/sysl/pkg/syslutil/chroot_fs.go:64.59,66.47 1 1
github.com/anz-bank/sysl/pkg/syslutil/chroot_fs.go:69.2,69.16 1 1
github.com/anz-bank/sysl/pkg/syslutil/chroot_fs.go:72.2,72.31 1 1
github.com/anz-bank/sysl/pkg/syslutil/chroot_fs.go:66.47,68.4 1 1
github.com/anz-bank/sysl/pkg/syslutil/chroot_fs.go:69.16,71.3 1 1
github.com/anz-bank/sysl/pkg/syslutil/chroot_fs.go:75.91,77.47 1 1
github.com/anz-bank/sysl/pkg/syslutil/chroot_fs.go:80.2,80.16 1 1
github.com/anz-bank/sysl/pkg/syslutil/chroot_fs.go:83.2,83.31 1 1
github.com/anz-bank/sysl/pkg/syslutil/chroot_fs.go:77.47,79.4 1 1
github.com/anz-bank/sysl/pkg/syslutil/chroot_fs.go:80.16,82.3 1 1
github.com/anz-bank/sysl/pkg/syslutil/chroot_fs.go:86.47,87.56 1 1
github.com/anz-bank/sysl/pkg/syslutil/chroot_fs.go:87.56,89.3 1 1
github.com/anz-bank/sysl/pkg/syslutil/chroot_fs.go:92.50,93.56 1 1
github.com/anz-bank/sysl/pkg/syslutil/chroot_fs.go:93.56,95.3 1 1
github.com/anz-bank/sysl/pkg/syslutil/chroot_fs.go:98.59,99.59 1 1
github.com/anz-bank/sysl/pkg/syslutil/chroot_fs.go:99.59,101.17 2 1
github.com/anz-bank/sysl/pkg/syslutil/chroot_fs.go:104.3,104.42 1 1
github.com/anz-bank/sysl/pkg/syslutil/chroot_fs.go:101.17,103.4 1 0
github.com/anz-bank/sysl/pkg/syslutil/chroot_fs.go:108.60,110.47 1 1
github.com/anz-bank/sysl/pkg/syslutil/chroot_fs.go:113.2,113.16 1 1
github.com/anz-bank/sysl/pkg/syslutil/chroot_fs.go:116.2,116.32 1 1
github.com/anz-bank/sysl/pkg/syslutil/chroot_fs.go:110.47,112.4 1 1
github.com/anz-bank/sysl/pkg/syslutil/chroot_fs.go:113.16,115.3 1 1
github.com/anz-bank/sysl/pkg/syslutil/chroot_fs.go:119.35,121.2 1 0
github.com/anz-bank/sysl/pkg/syslutil/chroot_fs.go:123.64,124.56 1 1
github.com/anz-bank/sysl/pkg/syslutil/chroot_fs.go:124.56,126.3 1 1
github.com/anz-bank/sysl/pkg/syslutil/chroot_fs.go:129.82,130.56 1 1
github.com/anz-bank/sysl/pkg/syslutil/chroot_fs.go:130.56,132.3 1 1
github.com/anz-bank/sysl/pkg/syslutil/chroot_fs.go:135.56,137.16 2 1
github.com/anz-bank/sysl/pkg/syslutil/chroot_fs.go:141.2,141.92 1 1
github.com/anz-bank/sysl/pkg/syslutil/chroot_fs.go:145.2,145.12 1 1
github.com/anz-bank/sysl/pkg/syslutil/chroot_fs.go:137.16,139.3 1 0
github.com/anz-bank/sysl/pkg/syslutil/chroot_fs.go:141.92,143.3 1 1
github.com/anz-bank/sysl/pkg/syslutil/chroot_fs.go:148.72,150.16 2 1
github.com/anz-bank/sysl/pkg/syslutil/chroot_fs.go:153.2,153.49 1 1
github.com/anz-bank/sysl/pkg/syslutil/chroot_fs.go:156.2,156.21 1 1
github.com/anz-bank/sysl/pkg/syslutil/chroot_fs.go:150.16,152.3 1 0
github.com/anz-bank/sysl/pkg/syslutil/chroot_fs.go:153.49,155.3 1 1
github.com/anz-bank/sysl/pkg/syslutil/chroot_fs.go:161.61,163.16 2 1
github.com/anz-bank/sysl/pkg/syslutil/chroot_fs.go:166.2,166.49 1 1
github.com/anz-bank/sysl/pkg/syslutil/chroot_fs.go:169.2,169.21 1 1
github.com/anz-bank/sysl/pkg/syslutil/chroot_fs.go:163.16,165.3 1 0
github.com/anz-bank/sysl/pkg/syslutil/chroot_fs.go:166.49,168.3 1 1
github.com/anz-bank/sysl/pkg/syslutil/fs_testutil.go:18.74,20.26 2 0
github.com/anz-bank/sysl/pkg/syslutil/fs_testutil.go:23.2,27.95 4 0
github.com/anz-bank/sysl/pkg/syslutil/fs_testutil.go:36.2,38.42 2 0
github.com/anz-bank/sysl/pkg/syslutil/fs_testutil.go:20.26,22.3 1 0
github.com/anz-bank/sysl/pkg/syslutil/fs_testutil.go:27.95,28.17 1 0
github.com/anz-bank/sysl/pkg/syslutil/fs_testutil.go:31.3,31.20 1 0
github.com/anz-bank/sysl/pkg/syslutil/fs_testutil.go:34.3,34.13 1 0
github.com/anz-bank/sysl/pkg/syslutil/fs_testutil.go:28.17,30.4 1 0
github.com/anz-bank/sysl/pkg/syslutil/fs_testutil.go:31.20,33.4 1 0
github.com/anz-bank/sysl/pkg/syslutil/fs_testutil.go:41.62,45.2 3 0
github.com/anz-bank/sysl/pkg/syslutil/fs_testutil.go:47.53,51.2 3 0
github.com/anz-bank/sysl/pkg/syslutil/fs_testutil.go:53.61,59.2 5 0
github.com/anz-bank/sysl/pkg/syslutil/fs_testutil.go:61.74,62.33 1 1
github.com/anz-bank/sysl/pkg/syslutil/fs_testutil.go:70.2,70.29 1 1
github.com/anz-bank/sysl/pkg/syslutil/fs_testutil.go:62.33,68.3 4 1
github.com/anz-bank/sysl/pkg/syslutil/fs_testutil.go:70.29,76.3 4 1
github.com/anz-bank/sysl/pkg/syslutil/fs_testutil.go:79.37,80.31 1 0
github.com/anz-bank/sysl/pkg/syslutil/fs_testutil.go:84.2,84.13 1 0
github.com/anz-bank/sysl/pkg/syslutil/fs_testutil.go:80.31,83.3 2 0
github.com/anz-bank/sysl/pkg/syslutil/helpers.go:21.47,23.2 1 1
github.com/anz-bank/sysl/pkg/syslutil/helpers.go:25.72,27.2 1 1
github.com/anz-bank/sysl/pkg/syslutil/helpers.go:29.72,31.9 2 1
github.com/anz-bank/sysl/pkg/syslutil/helpers.go:40.2,40.14 1 1
github.com/anz-bank/sysl/pkg/syslutil/helpers.go:31.9,32.37 1 1
github.com/anz-bank/sysl/pkg/syslutil/helpers.go:32.37,33.28 1 1
github.com/anz-bank/sysl/pkg/syslutil/helpers.go:33.28,34.28 1 1
github.com/anz-bank/sysl/pkg/syslutil/helpers.go:34.28,36.6 1 1
github.com/anz-bank/sysl/pkg/syslutil/helpers.go:43.55,44.32 1 1
github.com/anz-bank/sysl/pkg/syslutil/helpers.go:47.2,47.24 1 1
github.com/anz-bank/sysl/pkg/syslutil/helpers.go:52.2,52.13 1 1
github.com/anz-bank/sysl/pkg/syslutil/helpers.go:44.32,46.3 1 1
github.com/anz-bank/sysl/pkg/syslutil/helpers.go:47.24,48.29 1 1
github.com/anz-bank/sysl/pkg/syslutil/helpers.go:48.29,50.4 1 1
github.com/anz-bank/sysl/pkg/syslutil/helpers.go:55.50,57.2 1 1
github.com/anz-bank/sysl/pkg/syslutil/mockchrootfs.go:20.56,23.2 2 1
github.com/anz-bank/sysl/pkg/syslutil/mockchrootfs.go:25.58,28.2 2 1
github.com/anz-bank/sysl/pkg/syslutil/mockchrootfs.go:30.61,32.2 1 1
github.com/anz-bank/sysl/pkg/syslutil/mockchrootfs.go:34.64,36.2 1 1
github.com/anz-bank/sysl/pkg/syslutil/mockchrootfs.go:38.56,42.2 3 1
github.com/anz-bank/sysl/pkg/syslutil/mockchrootfs.go:44.88,47.2 2 1
github.com/anz-bank/sysl/pkg/syslutil/mockchrootfs.go:49.44,51.2 1 1
github.com/anz-bank/sysl/pkg/syslutil/mockchrootfs.go:53.47,55.2 1 0
github.com/anz-bank/sysl/pkg/syslutil/mockchrootfs.go:57.56,59.2 1 1
github.com/anz-bank/sysl/pkg/syslutil/mockchrootfs.go:61.57,64.2 2 1
github.com/anz-bank/sysl/pkg/syslutil/mockchrootfs.go:66.32,68.2 1 0
github.com/anz-bank/sysl/pkg/syslutil/mockchrootfs.go:70.61,72.2 1 1
github.com/anz-bank/sysl/pkg/syslutil/mockchrootfs.go:74.79,76.2 1 1
github.com/anz-bank/sysl/pkg/syslutil/strSet.go:11.43,14.28 2 1
github.com/anz-bank/sysl/pkg/syslutil/strSet.go:18.2,18.10 1 1
github.com/anz-bank/sysl/pkg/syslutil/strSet.go:14.28,16.3 1 1
github.com/anz-bank/sysl/pkg/syslutil/strSet.go:21.79,24.39 2 1
github.com/anz-bank/sysl/pkg/syslutil/strSet.go:34.2,34.10 1 1
github.com/anz-bank/sysl/pkg/syslutil/strSet.go:24.39,25.37 1 1
github.com/anz-bank/sysl/pkg/syslutil/strSet.go:25.37,26.28 1 1
github.com/anz-bank/sysl/pkg/syslutil/strSet.go:26.28,27.53 1 1
github.com/anz-bank/sysl/pkg/syslutil/strSet.go:27.53,29.6 1 1
github.com/anz-bank/sysl/pkg/syslutil/strSet.go:37.68,39.29 2 1
github.com/anz-bank/sysl/pkg/syslutil/strSet.go:45.2,45.10 1 1
github.com/anz-bank/sysl/pkg/syslutil/strSet.go:39.29,40.54 1 1
github.com/anz-bank/sysl/pkg/syslutil/strSet.go:40.54,42.4 1 1
github.com/anz-bank/sysl/pkg/syslutil/strSet.go:48.44,51.2 2 1
github.com/anz-bank/sysl/pkg/syslutil/strSet.go:53.37,55.2 1 1
github.com/anz-bank/sysl/pkg/syslutil/strSet.go:57.37,59.2 1 1
github.com/anz-bank/sysl/pkg/syslutil/strSet.go:61.36,64.19 2 1
github.com/anz-bank/sysl/pkg/syslutil/strSet.go:68.2,68.10 1 1
github.com/anz-bank/sysl/pkg/syslutil/strSet.go:64.19,66.3 1 1
github.com/anz-bank/sysl/pkg/syslutil/strSet.go:71.42,76.2 3 1
github.com/anz-bank/sysl/pkg/syslutil/strSet.go:78.32,81.19 2 1
github.com/anz-bank/sysl/pkg/syslutil/strSet.go:85.2,85.12 1 1
github.com/anz-bank/sysl/pkg/syslutil/strSet.go:81.19,83.3 1 1
github.com/anz-bank/sysl/pkg/syslutil/strSet.go:88.44,91.19 2 1
github.com/anz-bank/sysl/pkg/syslutil/strSet.go:95.2,95.23 1 1
github.com/anz-bank/sysl/pkg/syslutil/strSet.go:99.2,99.12 1 1
github.com/anz-bank/sysl/pkg/syslutil/strSet.go:91.19,93.3 1 1
github.com/anz-bank/sysl/pkg/syslutil/strSet.go:95.23,97.3 1 1
github.com/anz-bank/sysl/pkg/syslutil/strSet.go:102.51,105.19 2 1
github.com/anz-bank/sysl/pkg/syslutil/strSet.go:111.2,111.12 1 1
github.com/anz-bank/sysl/pkg/syslutil/strSet.go:105.19,106.24 1 1
github.com/anz-bank/sysl/pkg/syslutil/strSet.go:106.24,108.4 1 1
github.com/anz-bank/sysl/pkg/syslutil/strSet.go:117.49,118.36 1 1
github.com/anz-bank/sysl/pkg/syslutil/strSet.go:121.2,123.19 2 1
github.com/anz-bank/sysl/pkg/syslutil/strSet.go:129.2,129.12 1 1
github.com/anz-bank/sysl/pkg/syslutil/strSet.go:118.36,120.3 1 1
github.com/anz-bank/sysl/pkg/syslutil/strSet.go:123.19,124.25 1 1
github.com/anz-bank/sysl/pkg/syslutil/strSet.go:124.25,126.4 1 1
github.com/anz-bank/sysl/pkg/syslutil/strSet.go:133.46,134.22 1 1
github.com/anz-bank/sysl/pkg/syslutil/strSet.go:137.2,137.26 1 1
github.com/anz-bank/sysl/pkg/syslutil/strSet.go:140.2,140.19 1 1
github.com/anz-bank/sysl/pkg/syslutil/strSet.go:145.2,145.13 1 1
github.com/anz-bank/sysl/pkg/syslutil/strSet.go:134.22,136.3 1 1
github.com/anz-bank/sysl/pkg/syslutil/strSet.go:137.26,139.3 1 1
github.com/anz-bank/sysl/pkg/syslutil/strSet.go:140.19,141.26 1 1
github.com/anz-bank/sysl/pkg/syslutil/strSet.go:141.26,143.4 1 1
github.com/anz-bank/sysl/pkg/syslutil/typeutil.go:8.71,9.28 1 1
github.com/anz-bank/sysl/pkg/syslutil/typeutil.go:43.2,43.29 1 1
github.com/anz-bank/sysl/pkg/syslutil/typeutil.go:10.29,12.60 2 1
github.com/anz-bank/sysl/pkg/syslutil/typeutil.go:13.26,15.59 2 1
github.com/anz-bank/sysl/pkg/syslutil/typeutil.go:24.27,27.17 3 1
github.com/anz-bank/sysl/pkg/syslutil/typeutil.go:28.22,31.17 3 1
github.com/anz-bank/sysl/pkg/syslutil/typeutil.go:32.24,35.17 3 1
github.com/anz-bank/sysl/pkg/syslutil/typeutil.go:36.25,37.21 1 1
github.com/anz-bank/sysl/pkg/syslutil/typeutil.go:38.28,39.24 1 1
github.com/anz-bank/sysl/pkg/syslutil/typeutil.go:40.25,41.21 1 1
github.com/anz-bank/sysl/pkg/syslutil/typeutil.go:15.59,17.36 2 1
github.com/anz-bank/sysl/pkg/syslutil/typeutil.go:17.36,19.5 1 0
github.com/anz-bank/sysl/pkg/syslutil/typeutil.go:20.9,22.4 1 1
github.com/anz-bank/sysl/pkg/syslutil/typeutil.go:47.28,49.2 1 1
github.com/anz-bank/sysl/pkg/syslutil/typeutil.go:52.29,54.2 1 1
github.com/anz-bank/sysl/pkg/syslutil/typeutil.go:57.30,59.2 1 1
github.com/anz-bank/sysl/pkg/syslutil/typeutil.go:62.27,64.2 1 1
github.com/anz-bank/sysl/pkg/syslutil/typeutil.go:67.29,69.2 1 1
github.com/anz-bank/sysl/pkg/syslutil/typeutil.go:72.31,74.2 1 1
github.com/anz-bank/sysl/pkg/syslutil/typeutil.go:77.28,79.2 1 1
github.com/anz-bank/sysl/pkg/syslutil/typeutil.go:82.59,83.34 1 1
github.com/anz-bank/sysl/pkg/syslutil/typeutil.go:87.2,87.32 1 1
github.com/anz-bank/sysl/pkg/syslutil/typeutil.go:105.2,105.14 1 1
github.com/anz-bank/sysl/pkg/syslutil/typeutil.go:83.34,85.3 1 1
github.com/anz-bank/sysl/pkg/syslutil/typeutil.go:88.29,89.54 1 1
github.com/anz-bank/sysl/pkg/syslutil/typeutil.go:90.26,91.32 1 1
github.com/anz-bank/sysl/pkg/syslutil/typeutil.go:101.25,102.33 1 1
github.com/anz-bank/sysl/pkg/syslutil/typeutil.go:91.32,95.60 3 1
github.com/anz-bank/sysl/pkg/syslutil/typeutil.go:95.60,97.5 1 1
github.com/anz-bank/sysl/pkg/syslutil/typeutil.go:97.10,97.61 1 1
github.com/anz-bank/sysl/pkg/syslutil/typeutil.go:97.61,99.5 1 1
github.com/anz-bank/sysl/pkg/importer/openapi.go:13.99,15.16 2 1
github.com/anz-bank/sysl/pkg/importer/openapi.go:19.2,29.77 6 1
github.com/anz-bank/sysl/pkg/importer/openapi.go:32.2,32.29 1 1
github.com/anz-bank/sysl/pkg/importer/openapi.go:15.16,17.3 1 0
github.com/anz-bank/sysl/pkg/importer/openapi.go:29.77,31.3 1 0
github.com/anz-bank/sysl/pkg/importer/openapi.go:42.53,54.38 3 1
github.com/anz-bank/sysl/pkg/importer/openapi.go:61.2,61.13 1 1
github.com/anz-bank/sysl/pkg/importer/openapi.go:54.38,57.16 3 1
github.com/anz-bank/sysl/pkg/importer/openapi.go:57.16,59.4 1 1
github.com/anz-bank/sysl/pkg/importer/openapi.go:64.30,70.59 2 1
github.com/anz-bank/sysl/pkg/importer/openapi.go:76.2,76.54 1 1
github.com/anz-bank/sysl/pkg/importer/openapi.go:81.2,81.16 1 1
github.com/anz-bank/sysl/pkg/importer/openapi.go:70.59,75.3 1 1
github.com/anz-bank/sysl/pkg/importer/openapi.go:76.54,77.41 1 1
github.com/anz-bank/sysl/pkg/importer/openapi.go:77.41,79.4 1 1
github.com/anz-bank/sysl/pkg/importer/openapi.go:84.48,86.44 2 1
github.com/anz-bank/sysl/pkg/importer/openapi.go:89.2,89.37 1 1
github.com/anz-bank/sysl/pkg/importer/openapi.go:92.2,92.57 1 1
github.com/anz-bank/sysl/pkg/importer/openapi.go:95.2,95.12 1 1
github.com/anz-bank/sysl/pkg/importer/openapi.go:86.44,88.3 1 1
github.com/anz-bank/sysl/pkg/importer/openapi.go:89.37,91.3 1 1
github.com/anz-bank/sysl/pkg/importer/openapi.go:92.57,94.3 1 1
github.com/anz-bank/sysl/pkg/importer/openapi.go:98.79,99.16 1 1
github.com/anz-bank/sysl/pkg/importer/openapi.go:102.2,102.43 1 1
github.com/anz-bank/sysl/pkg/importer/openapi.go:105.2,105.42 1 1
github.com/anz-bank/sysl/pkg/importer/openapi.go:99.16,101.3 1 1
github.com/anz-bank/sysl/pkg/importer/openapi.go:102.43,104.3 1 1
github.com/anz-bank/sysl/pkg/importer/openapi.go:108.38,109.46 1 1
github.com/anz-bank/sysl/pkg/importer/openapi.go:109.46,111.3 1 1
github.com/anz-bank/sysl/pkg/importer/openapi.go:114.76,115.108 1 1
github.com/anz-bank/sysl/pkg/importer/openapi.go:120.2,120.21 1 1
github.com/anz-bank/sysl/pkg/importer/openapi.go:115.108,116.45 1 1
github.com/anz-bank/sysl/pkg/importer/openapi.go:116.45,118.4 1 1
github.com/anz-bank/sysl/pkg/importer/openapi.go:121.26,126.49 2 1
github.com/anz-bank/sysl/pkg/importer/openapi.go:147.3,148.30 2 1
github.com/anz-bank/sysl/pkg/importer/openapi.go:149.21,154.17 2 1
github.com/anz-bank/sysl/pkg/importer/openapi.go:157.3,157.11 1 1
github.com/anz-bank/sysl/pkg/importer/openapi.go:158.10,160.48 2 1
github.com/anz-bank/sysl/pkg/importer/openapi.go:163.3,163.60 1 1
github.com/anz-bank/sysl/pkg/importer/openapi.go:167.3,168.49 2 0
github.com/anz-bank/sysl/pkg/importer/openapi.go:126.49,128.43 2 1
github.com/anz-bank/sysl/pkg/importer/openapi.go:135.4,135.24 1 1
github.com/anz-bank/sysl/pkg/importer/openapi.go:138.4,142.41 2 1
github.com/anz-bank/sysl/pkg/importer/openapi.go:145.4,145.42 1 1
github.com/anz-bank/sysl/pkg/importer/openapi.go:128.43,129.70 1 1
github.com/anz-bank/sysl/pkg/importer/openapi.go:129.70,131.6 1 1
github.com/anz-bank/sysl/pkg/importer/openapi.go:131.11,131.84 1 1
github.com/anz-bank/sysl/pkg/importer/openapi.go:131.84,133.6 1 1
github.com/anz-bank/sysl/pkg/importer/openapi.go:135.24,137.5 1 1
github.com/anz-bank/sysl/pkg/importer/openapi.go:142.41,144.5 1 1
github.com/anz-bank/sysl/pkg/importer/openapi.go:154.17,156.4 1 1
github.com/anz-bank/sysl/pkg/importer/openapi.go:160.48,162.4 1 0
github.com/anz-bank/sysl/pkg/importer/openapi.go:163.60,165.4 1 1
github.com/anz-bank/sysl/pkg/importer/openapi.go:172.52,177.39 3 1
github.com/anz-bank/sysl/pkg/importer/openapi.go:195.2,195.25 1 1
github.com/anz-bank/sysl/pkg/importer/openapi.go:202.2,203.44 2 1
github.com/anz-bank/sysl/pkg/importer/openapi.go:211.2,211.15 1 1
github.com/anz-bank/sysl/pkg/importer/openapi.go:177.39,188.31 3 1
github.com/anz-bank/sysl/pkg/importer/openapi.go:188.31,189.17 1 1
github.com/anz-bank/sysl/pkg/importer/openapi.go:189.17,191.5 1 1
github.com/anz-bank/sysl/pkg/importer/openapi.go:195.25,197.52 2 1
github.com/anz-bank/sysl/pkg/importer/openapi.go:197.52,199.4 1 0
github.com/anz-bank/sysl/pkg/importer/openapi.go:203.44,204.35 1 1
github.com/anz-bank/sysl/pkg/importer/openapi.go:204.35,209.4 1 1
github.com/anz-bank/sysl/pkg/importer/openapi.go:214.96,221.45 3 1
github.com/anz-bank/sysl/pkg/importer/openapi.go:264.2,271.27 2 1
github.com/anz-bank/sysl/pkg/importer/openapi.go:287.2,287.12 1 1
github.com/anz-bank/sysl/pkg/importer/openapi.go:221.45,223.27 2 1
github.com/anz-bank/sysl/pkg/importer/openapi.go:226.3,230.50 2 1
github.com/anz-bank/sysl/pkg/importer/openapi.go:239.3,239.48 1 1
github.com/anz-bank/sysl/pkg/importer/openapi.go:251.3,252.35 2 1
github.com/anz-bank/sysl/pkg/importer/openapi.go:261.3,261.35 1 1
github.com/anz-bank/sysl/pkg/importer/openapi.go:223.27,225.4 1 1
github.com/anz-bank/sysl/pkg/importer/openapi.go:230.50,238.4 3 1
github.com/anz-bank/sysl/pkg/importer/openapi.go:239.48,245.21 2 1
github.com/anz-bank/sysl/pkg/importer/openapi.go:248.4,248.56 1 1
github.com/anz-bank/sysl/pkg/importer/openapi.go:245.21,247.5 1 1
github.com/anz-bank/sysl/pkg/importer/openapi.go:252.35,253.90 1 1
github.com/anz-bank/sysl/pkg/importer/openapi.go:253.90,255.5 1 1
github.com/anz-bank/sysl/pkg/importer/openapi.go:255.10,259.5 3 1
github.com/anz-bank/sysl/pkg/importer/openapi.go:271.27,272.64 1 1
github.com/anz-bank/sysl/pkg/importer/openapi.go:272.64,285.4 3 1
github.com/anz-bank/sysl/pkg/importer/openapi.go:290.37,292.53 2 1
github.com/anz-bank/sysl/pkg/importer/openapi.go:292.53,294.3 1 0
github.com/anz-bank/sysl/pkg/importer/openapi.go:297.69,299.31 2 1
github.com/anz-bank/sysl/pkg/importer/openapi.go:302.2,302.12 1 1
github.com/anz-bank/sysl/pkg/importer/openapi.go:299.31,301.3 1 1
github.com/anz-bank/sysl/pkg/importer/openapi.go:305.58,317.2 2 1
github.com/anz-bank/sysl/pkg/importer/types.go:22.38,22.55 1 1
github.com/anz-bank/sysl/pkg/importer/types.go:29.31,29.48 1 1
github.com/anz-bank/sysl/pkg/importer/types.go:35.37,35.54 1 1
github.com/anz-bank/sysl/pkg/importer/types.go:45.31,45.48 1 1
github.com/anz-bank/sysl/pkg/importer/types.go:58.39,63.2 1 1
github.com/anz-bank/sysl/pkg/importer/types.go:65.39,65.56 1 1
github.com/anz-bank/sysl/pkg/importer/types.go:72.46,72.63 1 1
github.com/anz-bank/sysl/pkg/importer/types.go:79.31,79.48 1 1
github.com/anz-bank/sysl/pkg/importer/types.go:85.30,85.47 1 1
github.com/anz-bank/sysl/pkg/importer/types.go:112.34,114.2 1 1
github.com/anz-bank/sysl/pkg/importer/types.go:116.26,117.48 1 1
github.com/anz-bank/sysl/pkg/importer/types.go:117.48,121.3 3 1
github.com/anz-bank/sysl/pkg/importer/types.go:129.34,130.30 1 1
github.com/anz-bank/sysl/pkg/importer/types.go:135.2,135.14 1 1
github.com/anz-bank/sysl/pkg/importer/types.go:130.30,131.17 1 1
github.com/anz-bank/sysl/pkg/importer/types.go:131.17,133.4 1 1
github.com/anz-bank/sysl/pkg/importer/types.go:138.50,139.48 1 1
github.com/anz-bank/sysl/pkg/importer/types.go:143.2,143.30 1 1
github.com/anz-bank/sysl/pkg/importer/types.go:151.2,151.31 1 1
github.com/anz-bank/sysl/pkg/importer/types.go:139.48,141.3 1 1
github.com/anz-bank/sysl/pkg/importer/types.go:143.30,144.23 1 1
github.com/anz-bank/sysl/pkg/importer/types.go:144.23,145.56 1 1
github.com/anz-bank/sysl/pkg/importer/types.go:148.4,148.18 1 1
github.com/anz-bank/sysl/pkg/importer/types.go:145.56,147.5 1 1
github.com/anz-bank/sysl/pkg/importer/types.go:154.38,156.2 1 1
github.com/anz-bank/sysl/pkg/importer/types.go:158.46,161.2 2 1
github.com/anz-bank/sysl/pkg/importer/types.go:163.50,164.30 1 1
github.com/anz-bank/sysl/pkg/importer/types.go:167.2,167.31 1 1
github.com/anz-bank/sysl/pkg/importer/types.go:164.30,166.3 1 1
github.com/anz-bank/sysl/pkg/importer/types.go:170.54,171.29 1 1
github.com/anz-bank/sysl/pkg/importer/types.go:176.2,176.14 1 1
github.com/anz-bank/sysl/pkg/importer/types.go:171.29,172.18 1 1
github.com/anz-bank/sysl/pkg/importer/types.go:172.18,174.4 1 1
github.com/anz-bank/sysl/pkg/importer/writer.go:44.62,50.2 1 1
[...]
github.com/anz-bank/sysl/pkg/eval/exprOp.go:86.15,88.41 2 1
github.com/anz-bank/sysl/pkg/eval/exprOp.go:92.2,92.19 1 1
github.com/anz-bank/sysl/pkg/eval/exprOp.go:88.41,91.3 2 1
github.com/anz-bank/sysl/pkg/eval/exprOp.go:101.15,103.41 2 1
github.com/anz-bank/sysl/pkg/eval/exprOp.go:109.2,109.19 1 1
github.com/anz-bank/sysl/pkg/eval/exprOp.go:103.41,104.40 1 1
github.com/anz-bank/sysl/pkg/eval/exprOp.go:104.40,107.4 2 1
github.com/anz-bank/sysl/pkg/eval/exprOp.go:118.15,120.41 2 1
github.com/anz-bank/sysl/pkg/eval/exprOp.go:126.2,126.19 1 1
github.com/anz-bank/sysl/pkg/eval/exprOp.go:120.41,121.39 1 1
github.com/anz-bank/sysl/pkg/eval/exprOp.go:121.39,124.4 2 1
github.com/anz-bank/sysl/pkg/eval/exprOp.go:135.15,137.40 2 1
github.com/anz-bank/sysl/pkg/eval/exprOp.go:143.2,143.18 1 1
github.com/anz-bank/sysl/pkg/eval/exprOp.go:137.40,138.40 1 1
github.com/anz-bank/sysl/pkg/eval/exprOp.go:138.40,141.4 2 1
github.com/anz-bank/sysl/pkg/eval/exprOp.go:152.15,154.40 2 1
github.com/anz-bank/sysl/pkg/eval/exprOp.go:169.2,169.18 1 1
github.com/anz-bank/sysl/pkg/eval/exprOp.go:154.40,155.24 1 1
github.com/anz-bank/sysl/pkg/eval/exprOp.go:158.3,160.32 3 1
github.com/anz-bank/sysl/pkg/eval/exprOp.go:155.24,156.74 1 0
github.com/anz-bank/sysl/pkg/eval/exprOp.go:161.24,162.35 1 1
github.com/anz-bank/sysl/pkg/eval/exprOp.go:165.11,166.50 1 1
github.com/anz-bank/sysl/pkg/eval/exprOp.go:162.35,164.5 1 1
github.com/anz-bank/sysl/pkg/eval/exprOp.go:177.15,179.40 2 1
github.com/anz-bank/sysl/pkg/eval/exprOp.go:185.2,185.18 1 1
github.com/anz-bank/sysl/pkg/eval/exprOp.go:179.40,180.39 1 1
github.com/anz-bank/sysl/pkg/eval/exprOp.go:180.39,183.4 2 1
github.com/anz-bank/sysl/pkg/eval/exprOp.go:188.52,190.2 2 1
github.com/anz-bank/sysl/pkg/eval/exprOp.go:196.2,196.15 1 1
github.com/anz-bank/sysl/pkg/eval/exprOp.go:190.2,195.3 4 1
github.com/anz-bank/sysl/pkg/eval/exprOp.go:199.55,201.2 1 1
github.com/anz-bank/sysl/pkg/eval/exprOp.go:203.54,205.2 1 1
github.com/anz-bank/sysl/pkg/eval/exprOp.go:207.49,209.28 2 1
github.com/anz-bank/sysl/pkg/eval/exprOp.go:213.2,213.28 1 1
github.com/anz-bank/sysl/pkg/eval/exprOp.go:217.2,217.18 1 1
github.com/anz-bank/sysl/pkg/eval/exprOp.go:231.2,231.80 1 0
github.com/anz-bank/sysl/pkg/eval/exprOp.go:209.28,211.3 1 1
github.com/anz-bank/sysl/pkg/eval/exprOp.go:213.28,215.3 1 1
github.com/anz-bank/sysl/pkg/eval/exprOp.go:218.16,221.36 3 1
github.com/anz-bank/sysl/pkg/eval/exprOp.go:222.19,225.39 3 1
github.com/anz-bank/sysl/pkg/eval/exprOp.go:226.16,229.36 3 1
github.com/anz-bank/sysl/pkg/eval/exprOp.go:234.52,236.39 2 1
github.com/anz-bank/sysl/pkg/eval/exprOp.go:241.2,241.29 1 0
github.com/anz-bank/sysl/pkg/eval/exprOp.go:236.39,237.22 1 1
github.com/anz-bank/sysl/pkg/eval/exprOp.go:237.22,239.4 1 1
github.com/anz-bank/sysl/pkg/eval/exprOp.go:244.55,248.2 3 0
github.com/anz-bank/sysl/pkg/eval/exprOp.go:250.52,252.28 2 1
github.com/anz-bank/sysl/pkg/eval/exprOp.go:255.2,255.10 1 1
github.com/anz-bank/sysl/pkg/eval/exprOp.go:252.28,254.3 1 1
github.com/anz-bank/sysl/pkg/eval/exprOp.go:258.67,259.23 1 1
github.com/anz-bank/sysl/pkg/eval/exprOp.go:262.2,262.12 1 1
github.com/anz-bank/sysl/pkg/eval/exprOp.go:259.23,261.3 1 1
github.com/anz-bank/sysl/pkg/eval/exprOp.go:265.59,268.23 3 1
github.com/anz-bank/sysl/pkg/eval/exprOp.go:271.2,273.27 2 1
github.com/anz-bank/sysl/pkg/eval/exprOp.go:276.2,276.10 1 1
github.com/anz-bank/sysl/pkg/eval/exprOp.go:268.23,270.3 1 1
github.com/anz-bank/sysl/pkg/eval/exprOp.go:273.27,275.3 1 1
github.com/anz-bank/sysl/pkg/eval/exprOp.go:279.56,282.28 2 1
github.com/anz-bank/sysl/pkg/eval/exprOp.go:285.2,285.10 1 1
github.com/anz-bank/sysl/pkg/eval/exprOp.go:282.28,284.3 1 1
github.com/anz-bank/sysl/pkg/eval/exprOp.go:288.72,289.23 1 1
github.com/anz-bank/sysl/pkg/eval/exprOp.go:292.2,292.12 1 1
github.com/anz-bank/sysl/pkg/eval/exprOp.go:289.23,291.3 1 1
github.com/anz-bank/sysl/pkg/eval/exprOp.go:295.63,300.23 3 1
github.com/anz-bank/sysl/pkg/eval/exprOp.go:303.2,305.27 2 1
github.com/anz-bank/sysl/pkg/eval/exprOp.go:308.2,308.10 1 1
github.com/anz-bank/sysl/pkg/eval/exprOp.go:300.23,302.3 1 1
github.com/anz-bank/sysl/pkg/eval/exprOp.go:305.27,307.3 1 1
github.com/anz-bank/sysl/pkg/eval/exprOp.go:311.53,313.25 2 1
github.com/anz-bank/sysl/pkg/eval/exprOp.go:320.2,320.18 1 1
github.com/anz-bank/sysl/pkg/eval/exprOp.go:313.25,316.17 2 1
github.com/anz-bank/sysl/pkg/eval/exprOp.go:316.17,318.4 1 1
github.com/anz-bank/sysl/pkg/eval/exprOp.go:323.75,324.28 1 1
github.com/anz-bank/sysl/pkg/eval/exprOp.go:327.2,327.12 1 1
github.com/anz-bank/sysl/pkg/eval/exprOp.go:324.28,326.3 1 1
github.com/anz-bank/sysl/pkg/eval/exprOp.go:330.63,333.23 3 1
github.com/anz-bank/sysl/pkg/eval/exprOp.go:336.2,338.27 2 1
github.com/anz-bank/sysl/pkg/eval/exprOp.go:341.2,341.10 1 1
github.com/anz-bank/sysl/pkg/eval/exprOp.go:333.23,335.3 1 1
github.com/anz-bank/sysl/pkg/eval/exprOp.go:338.27,340.3 1 1
github.com/anz-bank/sysl/pkg/eval/exprOp.go:344.53,346.2 1 1
github.com/anz-bank/sysl/pkg/eval/exprOp.go:348.53,350.40 2 1
github.com/anz-bank/sysl/pkg/eval/exprOp.go:355.2,355.29 1 1
github.com/anz-bank/sysl/pkg/eval/exprOp.go:350.40,351.22 1 1
github.com/anz-bank/sysl/pkg/eval/exprOp.go:351.22,353.4 1 1
github.com/anz-bank/sysl/pkg/eval/exprOp.go:358.106,360.40 2 1
github.com/anz-bank/sysl/pkg/eval/exprOp.go:367.2,367.18 1 1
github.com/anz-bank/sysl/pkg/eval/exprOp.go:360.40,363.23 3 1
github.com/anz-bank/sysl/pkg/eval/exprOp.go:363.23,365.4 1 1
github.com/anz-bank/sysl/pkg/eval/exprOp.go:370.107,373.41 3 1
github.com/anz-bank/sysl/pkg/eval/exprOp.go:380.2,380.19 1 1
github.com/anz-bank/sysl/pkg/eval/exprOp.go:373.41,376.23 3 1
github.com/anz-bank/sysl/pkg/eval/exprOp.go:376.23,378.4 1 1
github.com/anz-bank/sysl/pkg/eval/exprOp.go:383.103,386.41 3 1
github.com/anz-bank/sysl/pkg/eval/exprOp.go:396.2,396.18 1 1
github.com/anz-bank/sysl/pkg/eval/exprOp.go:386.41,392.23 6 1
github.com/anz-bank/sysl/pkg/eval/exprOp.go:392.23,394.4 1 1
github.com/anz-bank/sysl/pkg/eval/utils.go:19.56,21.2 1 1
github.com/anz-bank/sysl/pkg/eval/utils.go:23.37,27.2 3 1
github.com/anz-bank/sysl/pkg/eval/utils.go:29.38,31.2 1 1
github.com/anz-bank/sysl/pkg/eval/utils.go:33.42,34.31 1 1
github.com/anz-bank/sysl/pkg/eval/utils.go:35.23,36.43 1 1
github.com/anz-bank/sysl/pkg/eval/utils.go:37.24,38.50 1 1
github.com/anz-bank/sysl/pkg/eval/utils.go:39.27,40.54 1 1
github.com/anz-bank/sysl/pkg/eval/utils.go:41.26,42.62 1 1
github.com/anz-bank/sysl/pkg/eval/utils.go:43.25,44.60 1 1
github.com/anz-bank/sysl/pkg/eval/utils.go:45.26,46.58 1 1
github.com/anz-bank/sysl/pkg/eval/utils.go:47.10,48.71 1 1
github.com/anz-bank/sysl/pkg/eval/ValueUtil.go:15.42,21.2 1 1
github.com/anz-bank/sysl/pkg/eval/ValueUtil.go:24.42,30.2 1 1
github.com/anz-bank/sysl/pkg/eval/ValueUtil.go:33.46,39.2 1 1
github.com/anz-bank/sysl/pkg/eval/ValueUtil.go:42.33,50.2 1 1
github.com/anz-bank/sysl/pkg/eval/ValueUtil.go:53.55,54.19 1 1
github.com/anz-bank/sysl/pkg/eval/ValueUtil.go:57.2,63.3 1 1
github.com/anz-bank/sysl/pkg/eval/ValueUtil.go:54.19,56.3 1 1
github.com/anz-bank/sysl/pkg/eval/ValueUtil.go:67.33,75.2 1 1
github.com/anz-bank/sysl/pkg/eval/ValueUtil.go:78.51,79.26 1 1
github.com/anz-bank/sysl/pkg/eval/ValueUtil.go:80.25,81.29 1 1
github.com/anz-bank/sysl/pkg/eval/ValueUtil.go:82.23,83.28 1 1
github.com/anz-bank/sysl/pkg/eval/ValueUtil.go:84.10,85.53 1 1
github.com/anz-bank/sysl/pkg/eval/ValueUtil.go:90.45,91.26 1 1
github.com/anz-bank/sysl/pkg/eval/ValueUtil.go:95.2,95.14 1 1
github.com/anz-bank/sysl/pkg/eval/ValueUtil.go:92.42,93.14 1 1
github.com/anz-bank/sysl/pkg/eval/ValueUtil.go:99.69,101.2 1 1
github.com/anz-bank/sysl/pkg/eval/ValueUtil.go:103.65,105.2 1 1
github.com/anz-bank/sysl/pkg/eval/ValueUtil.go:107.57,108.36 1 1
github.com/anz-bank/sysl/pkg/eval/ValueUtil.go:120.2,120.12 1 1
github.com/anz-bank/sysl/pkg/eval/ValueUtil.go:109.25,110.30 1 1
github.com/anz-bank/sysl/pkg/eval/ValueUtil.go:111.25,114.31 3 1
github.com/anz-bank/sysl/pkg/eval/ValueUtil.go:117.3,118.11 2 1
github.com/anz-bank/sysl/pkg/eval/ValueUtil.go:114.31,116.4 1 1
github.com/anz-bank/sysl/pkg/eval/ValueUtil.go:123.65,126.29 2 1
github.com/anz-bank/sysl/pkg/eval/ValueUtil.go:131.2,131.17 1 1
github.com/anz-bank/sysl/pkg/eval/ValueUtil.go:126.29,130.3 3 1
github.com/anz-bank/sysl/pkg/eval/ValueUtil.go:134.44,143.28 8 1
github.com/anz-bank/sysl/pkg/eval/ValueUtil.go:162.2,162.10 1 1
github.com/anz-bank/sysl/pkg/eval/ValueUtil.go:144.25,145.69 1 1
github.com/anz-bank/sysl/pkg/eval/ValueUtil.go:146.28,147.72 1 1
github.com/anz-bank/sysl/pkg/eval/ValueUtil.go:148.25,150.45 2 1
github.com/anz-bank/sysl/pkg/eval/ValueUtil.go:153.3,153.43 1 1
github.com/anz-bank/sysl/pkg/eval/ValueUtil.go:154.27,160.62 6 1
github.com/anz-bank/sysl/pkg/eval/ValueUtil.go:150.45,152.4 1 1
github.com/anz-bank/sysl/pkg/eval/ValueUtil.go:165.68,167.31 2 1
github.com/anz-bank/sysl/pkg/eval/ValueUtil.go:170.2,170.10 1 1
github.com/anz-bank/sysl/pkg/eval/ValueUtil.go:167.31,169.3 1 1
github.com/anz-bank/sysl/pkg/eval/ValueUtil.go:173.63,175.28 2 1
github.com/anz-bank/sysl/pkg/eval/ValueUtil.go:181.2,181.10 1 1
github.com/anz-bank/sysl/pkg/eval/ValueUtil.go:175.28,176.24 1 1
github.com/anz-bank/sysl/pkg/eval/ValueUtil.go:177.48,178.45 1 1
github.com/anz-bank/sysl/pkg/eval/ValueUtil.go:184.63,186.28 2 1
github.com/anz-bank/sysl/pkg/eval/ValueUtil.go:191.2,191.10 1 1
github.com/anz-bank/sysl/pkg/eval/ValueUtil.go:186.28,187.46 1 1
github.com/anz-bank/sysl/pkg/eval/ValueUtil.go:187.46,189.4 1 1
github.com/anz-bank/sysl/pkg/eval/ValueUtil.go:194.63,196.28 2 1
github.com/anz-bank/sysl/pkg/eval/ValueUtil.go:203.2,203.10 1 1
github.com/anz-bank/sysl/pkg/eval/ValueUtil.go:196.28,197.24 1 1
github.com/anz-bank/sysl/pkg/eval/ValueUtil.go:198.67,198.67 0 1
github.com/anz-bank/sysl/pkg/eval/ValueUtil.go:199.11,200.45 1 1
github.com/anz-bank/sysl/pkg/eval/ValueUtil.go:206.78,214.2 7 1
github.com/anz-bank/sysl/pkg/eval/ValueUtil.go:216.47,225.2 8 1
github.com/anz-bank/sysl/pkg/eval/ValueUtil.go:227.49,230.28 3 1
github.com/anz-bank/sysl/pkg/eval/ValueUtil.go:242.2,243.10 2 1
github.com/anz-bank/sysl/pkg/eval/ValueUtil.go:231.30,233.67 2 1
github.com/anz-bank/sysl/pkg/eval/ValueUtil.go:234.28,237.86 3 1
github.com/anz-bank/sysl/pkg/eval/ValueUtil.go:238.27,240.66 2 0
github.com/anz-bank/sysl/pkg/eval/ValueUtil.go:246.52,257.25 10 1
github.com/anz-bank/sysl/pkg/eval/ValueUtil.go:274.2,275.32 2 1
github.com/anz-bank/sysl/pkg/eval/ValueUtil.go:278.2,281.30 3 1
github.com/anz-bank/sysl/pkg/eval/ValueUtil.go:302.2,305.10 3 1
github.com/anz-bank/sysl/pkg/eval/ValueUtil.go:257.25,262.54 4 1
github.com/anz-bank/sysl/pkg/eval/ValueUtil.go:265.3,268.52 3 1
github.com/anz-bank/sysl/pkg/eval/ValueUtil.go:271.3,271.45 1 1
github.com/anz-bank/sysl/pkg/eval/ValueUtil.go:262.54,264.4 1 0
github.com/anz-bank/sysl/pkg/eval/ValueUtil.go:268.52,270.4 1 1
github.com/anz-bank/sysl/pkg/eval/ValueUtil.go:275.32,277.3 1 1
github.com/anz-bank/sysl/pkg/eval/ValueUtil.go:281.30,282.32 1 1
github.com/anz-bank/sysl/pkg/eval/ValueUtil.go:296.3,296.25 1 1
github.com/anz-bank/sysl/pkg/eval/ValueUtil.go:283.28,284.57 1 1
github.com/anz-bank/sysl/pkg/eval/ValueUtil.go:285.29,286.80 1 1
github.com/anz-bank/sysl/pkg/eval/ValueUtil.go:287.30,288.87 1 1
github.com/anz-bank/sysl/pkg/eval/ValueUtil.go:293.11,294.65 1 1
github.com/anz-bank/sysl/pkg/eval/ValueUtil.go:288.87,290.5 1 1
github.com/anz-bank/sysl/pkg/eval/ValueUtil.go:290.10,292.5 1 0
github.com/anz-bank/sysl/pkg/eval/ValueUtil.go:296.25,298.4 1 1
github.com/anz-bank/sysl/pkg/eval/ValueUtil.go:298.9,298.33 1 1
github.com/anz-bank/sysl/pkg/eval/ValueUtil.go:298.33,300.4 1 1
github.com/anz-bank/sysl/pkg/eval/ValueUtil.go:308.75,310.32 2 1
github.com/anz-bank/sysl/pkg/eval/ValueUtil.go:313.2,313.10 1 1
github.com/anz-bank/sysl/pkg/eval/ValueUtil.go:310.32,312.3 1 1
github.com/anz-bank/sysl/pkg/eval/ValueUtil.go:317.47,319.2 1 1
github.com/anz-bank/sysl/pkg/eval/ValueUtil.go:322.51,324.2 1 1
github.com/anz-bank/sysl/pkg/eval/ValueUtil.go:327.59,329.2 1 1
github.com/anz-bank/sysl/pkg/eval/ValueUtil.go:332.60,336.37 3 1
github.com/anz-bank/sysl/pkg/eval/ValueUtil.go:340.2,344.13 4 1
github.com/anz-bank/sysl/pkg/eval/ValueUtil.go:336.37,338.3 1 1
github.com/anz-bank/sysl/pkg/eval/ValueUtil.go:347.38,355.2 1 0
github.com/anz-bank/sysl/pkg/eval/ValueUtil.go:357.58,367.2 8 1
github.com/anz-bank/sysl/pkg/eval/debugger.go:31.80,32.51 1 1
github.com/anz-bank/sysl/pkg/eval/debugger.go:35.2,35.12 1 0
github.com/anz-bank/sysl/pkg/eval/debugger.go:32.51,34.3 1 1
github.com/anz-bank/sysl/pkg/eval/debugger.go:38.88,39.6 1 1
github.com/anz-bank/sysl/pkg/eval/debugger.go:39.6,40.51 1 1
github.com/anz-bank/sysl/pkg/eval/debugger.go:43.3,44.22 2 1
github.com/anz-bank/sysl/pkg/eval/debugger.go:48.3,49.21 2 1
github.com/anz-bank/sysl/pkg/eval/debugger.go:52.3,52.20 1 1
github.com/anz-bank/sysl/pkg/eval/debugger.go:40.51,42.4 1 0
github.com/anz-bank/sysl/pkg/eval/debugger.go:44.22,47.4 2 1
github.com/anz-bank/sysl/pkg/eval/debugger.go:49.21,51.4 1 0
github.com/anz-bank/sysl/pkg/eval/debugger.go:53.10,54.24 1 0
github.com/anz-bank/sysl/pkg/eval/debugger.go:55.10,57.19 2 1
github.com/anz-bank/sysl/pkg/eval/debugger.go:82.11,83.60 1 1
github.com/anz-bank/sysl/pkg/eval/debugger.go:58.13,61.15 3 1
github.com/anz-bank/sysl/pkg/eval/debugger.go:62.13,65.15 3 1
github.com/anz-bank/sysl/pkg/eval/debugger.go:66.13,68.32 2 1
github.com/anz-bank/sysl/pkg/eval/debugger.go:69.13,71.19 2 1
github.com/anz-bank/sysl/pkg/eval/debugger.go:74.13,76.15 2 0
github.com/anz-bank/sysl/pkg/eval/debugger.go:77.18,78.25 1 1
github.com/anz-bank/sysl/pkg/eval/debugger.go:79.12,80.61 1 1
github.com/anz-bank/sysl/pkg/eval/debugger.go:71.19,73.6 1 1
github.com/anz-bank/sysl/pkg/eval/debugger.go:87.51,88.31 1 1
github.com/anz-bank/sysl/pkg/eval/debugger.go:91.2,92.36 2 1
github.com/anz-bank/sysl/pkg/eval/debugger.go:99.2,99.14 1 1
github.com/anz-bank/sysl/pkg/eval/debugger.go:88.31,90.3 1 1
github.com/anz-bank/sysl/pkg/eval/debugger.go:92.36,95.57 1 1
github.com/anz-bank/sysl/pkg/eval/debugger.go:95.57,97.4 1 1
github.com/anz-bank/sysl/pkg/eval/debugger.go:104.54,106.21 2 1
github.com/anz-bank/sysl/pkg/eval/debugger.go:127.2,127.12 1 1
github.com/anz-bank/sysl/pkg/eval/debugger.go:106.21,108.17 2 1
github.com/anz-bank/sysl/pkg/eval/debugger.go:111.3,118.22 2 1
github.com/anz-bank/sysl/pkg/eval/debugger.go:125.3,125.13 1 1
github.com/anz-bank/sysl/pkg/eval/debugger.go:108.17,110.4 1 1
github.com/anz-bank/sysl/pkg/eval/debugger.go:118.22,120.18 2 1
github.com/anz-bank/sysl/pkg/eval/debugger.go:123.4,123.30 1 1
github.com/anz-bank/sysl/pkg/eval/debugger.go:120.18,122.5 1 1
github.com/anz-bank/sysl/pkg/eval/debugger.go:130.32,140.2 2 1
github.com/anz-bank/sysl/pkg/eval/debugger.go:142.44,144.23 2 1
github.com/anz-bank/sysl/pkg/eval/debugger.go:147.2,149.26 3 1
github.com/anz-bank/sysl/pkg/eval/debugger.go:154.2,154.50 1 1
github.com/anz-bank/sysl/pkg/eval/debugger.go:144.23,146.3 1 1
github.com/anz-bank/sysl/pkg/eval/debugger.go:149.26,152.3 2 1
github.com/anz-bank/sysl/pkg/eval/debugger.go:157.52,161.33 3 1
github.com/anz-bank/sysl/pkg/eval/debugger.go:161.33,163.3 1 1
github.com/anz-bank/sysl/pkg/eval/debugger.go:166.79,178.15 10 1
github.com/anz-bank/sysl/pkg/eval/debugger.go:182.2,189.73 2 1
github.com/anz-bank/sysl/pkg/eval/debugger.go:192.2,193.83 2 1
github.com/anz-bank/sysl/pkg/eval/debugger.go:212.2,228.16 5 1
github.com/anz-bank/sysl/pkg/eval/debugger.go:231.2,231.26 1 1
github.com/anz-bank/sysl/pkg/eval/debugger.go:178.15,180.3 1 1
github.com/anz-bank/sysl/pkg/eval/debugger.go:189.73,189.87 1 1
github.com/anz-bank/sysl/pkg/eval/debugger.go:193.83,198.44 4 1
github.com/anz-bank/sysl/pkg/eval/debugger.go:203.3,206.45 3 1
github.com/anz-bank/sysl/pkg/eval/debugger.go:209.3,209.12 1 1
github.com/anz-bank/sysl/pkg/eval/debugger.go:198.44,200.4 1 1
github.com/anz-bank/sysl/pkg/eval/debugger.go:200.9,202.4 1 1
github.com/anz-bank/sysl/pkg/eval/debugger.go:206.45,208.4 1 1
github.com/anz-bank/sysl/pkg/eval/debugger.go:228.16,230.3 1 0
github.com/anz-bank/sysl/pkg/eval/debugger.go:234.59,242.2 2 1
github.com/anz-bank/sysl/pkg/eval/debugger.go:244.45,245.52 1 1
github.com/anz-bank/sysl/pkg/eval/debugger.go:245.52,247.3 1 0
github.com/anz-bank/sysl/pkg/eval/goFuncs.go:93.69,94.28 1 1
github.com/anz-bank/sysl/pkg/eval/goFuncs.go:123.2,123.76 1 0
github.com/anz-bank/sysl/pkg/eval/goFuncs.go:95.29,96.22 1 1
github.com/anz-bank/sysl/pkg/eval/goFuncs.go:104.24,107.25 3 1
github.com/anz-bank/sysl/pkg/eval/goFuncs.go:113.3,113.62 1 1
github.com/anz-bank/sysl/pkg/eval/goFuncs.go:97.23,98.36 1 0
github.com/anz-bank/sysl/pkg/eval/goFuncs.go:99.22,100.41 1 1
github.com/anz-bank/sysl/pkg/eval/goFuncs.go:101.25,102.36 1 1
github.com/anz-bank/sysl/pkg/eval/goFuncs.go:107.25,109.4 1 1
github.com/anz-bank/sysl/pkg/eval/goFuncs.go:109.9,111.4 1 1
github.com/anz-bank/sysl/pkg/eval/goFuncs.go:113.62,114.29 1 1
github.com/anz-bank/sysl/pkg/eval/goFuncs.go:114.29,116.40 2 1
github.com/anz-bank/sysl/pkg/eval/goFuncs.go:119.5,119.40 1 1
github.com/anz-bank/sysl/pkg/eval/goFuncs.go:116.40,118.6 1 1
github.com/anz-bank/sysl/pkg/eval/goFuncs.go:126.60,131.45 4 1
github.com/anz-bank/sysl/pkg/eval/goFuncs.go:135.2,135.55 1 1
github.com/anz-bank/sysl/pkg/eval/goFuncs.go:139.2,139.53 1 1
github.com/anz-bank/sysl/pkg/eval/goFuncs.go:143.2,143.46 1 1
github.com/anz-bank/sysl/pkg/eval/goFuncs.go:147.2,147.44 1 1
github.com/anz-bank/sysl/pkg/eval/goFuncs.go:152.2,152.45 1 1
github.com/anz-bank/sysl/pkg/eval/goFuncs.go:155.2,155.14 1 0
github.com/anz-bank/sysl/pkg/eval/goFuncs.go:131.45,133.3 1 1
github.com/anz-bank/sysl/pkg/eval/goFuncs.go:135.55,137.3 1 1
github.com/anz-bank/sysl/pkg/eval/goFuncs.go:139.53,141.3 1 0
github.com/anz-bank/sysl/pkg/eval/goFuncs.go:143.46,145.3 1 1
github.com/anz-bank/sysl/pkg/eval/goFuncs.go:147.44,149.3 1 0
github.com/anz-bank/sysl/pkg/eval/goFuncs.go:152.45,154.3 1 1
github.com/anz-bank/sysl/pkg/eval/goFuncs.go:158.71,161.9 3 1
github.com/anz-bank/sysl/pkg/eval/goFuncs.go:164.2,164.27 1 1
github.com/anz-bank/sysl/pkg/eval/goFuncs.go:171.2,171.14 1 0
github.com/anz-bank/sysl/pkg/eval/goFuncs.go:161.9,163.3 1 1
github.com/anz-bank/sysl/pkg/eval/goFuncs.go:164.27,165.50 1 1
github.com/anz-bank/sysl/pkg/eval/goFuncs.go:168.3,169.13 2 1
github.com/anz-bank/sysl/pkg/eval/goFuncs.go:165.50,167.4 1 0
github.com/anz-bank/sysl/pkg/eval/goFuncs.go:174.66,175.41 1 1
github.com/anz-bank/sysl/pkg/eval/goFuncs.go:179.2,179.18 1 1
github.com/anz-bank/sysl/pkg/eval/goFuncs.go:201.2,201.84 1 0
github.com/anz-bank/sysl/pkg/eval/goFuncs.go:175.41,177.3 1 0
github.com/anz-bank/sysl/pkg/eval/goFuncs.go:180.20,181.33 1 1
github.com/anz-bank/sysl/pkg/eval/goFuncs.go:182.64,183.42 1 1
github.com/anz-bank/sysl/pkg/eval/goFuncs.go:186.3,186.31 1 1
github.com/anz-bank/sysl/pkg/eval/goFuncs.go:187.22,188.45 1 1
github.com/anz-bank/sysl/pkg/eval/goFuncs.go:191.3,191.37 1 1
github.com/anz-bank/sysl/pkg/eval/goFuncs.go:192.21,196.32 3 1
github.com/anz-bank/sysl/pkg/eval/goFuncs.go:199.3,199.14 1 1
github.com/anz-bank/sysl/pkg/eval/goFuncs.go:183.42,185.4 1 0
github.com/anz-bank/sysl/pkg/eval/goFuncs.go:188.45,190.4 1 0
github.com/anz-bank/sysl/pkg/eval/goFuncs.go:196.32,198.4 1 1
github.com/anz-bank/sysl/pkg/eval/goFuncs.go:204.60,205.36 1 1
github.com/anz-bank/sysl/pkg/eval/goFuncs.go:227.2,227.12 1 0
github.com/anz-bank/sysl/pkg/eval/goFuncs.go:205.36,207.47 2 1
github.com/anz-bank/sysl/pkg/eval/goFuncs.go:214.3,214.42 1 1
github.com/anz-bank/sysl/pkg/eval/goFuncs.go:221.3,222.23 2 1
github.com/anz-bank/sysl/pkg/eval/goFuncs.go:225.3,225.42 1 1
github.com/anz-bank/sysl/pkg/eval/goFuncs.go:207.47,212.4 4 1
github.com/anz-bank/sysl/pkg/eval/goFuncs.go:214.42,215.41 1 1
github.com/anz-bank/sysl/pkg/eval/goFuncs.go:215.41,217.5 1 1
github.com/anz-bank/sysl/pkg/eval/goFuncs.go:217.10,219.5 1 1
github.com/anz-bank/sysl/pkg/eval/goFuncs.go:222.23,224.4 1 0
github.com/anz-bank/sysl/pkg/eval/goFuncs.go:231.45,233.2 1 1
github.com/anz-bank/sysl/pkg/eval/goFuncs.go:236.58,238.2 1 1
