mode: set
github.com/anz-bank/sysl/pkg/msg/Message.go:90.55,92.2 1 1
github.com/anz-bank/sysl/pkg/msg/Message.go:94.30,97.13 2 1
github.com/anz-bank/sysl/pkg/msg/Message.go:101.2,106.9 5 1
github.com/anz-bank/sysl/pkg/msg/Message.go:115.2,116.36 2 1
github.com/anz-bank/sysl/pkg/msg/Message.go:119.2,119.38 1 1
github.com/anz-bank/sysl/pkg/msg/Message.go:97.13,99.3 1 1
github.com/anz-bank/sysl/pkg/msg/Message.go:107.29,109.12 2 1
github.com/anz-bank/sysl/pkg/msg/Message.go:110.29,112.12 2 1
github.com/anz-bank/sysl/pkg/msg/Message.go:116.36,118.3 1 1
github.com/anz-bank/sysl/pkg/msg/Message.go:122.41,123.61 1 1
github.com/anz-bank/sysl/pkg/msg/Message.go:126.2,126.56 1 1
github.com/anz-bank/sysl/pkg/msg/Message.go:123.61,125.3 1 1
github.com/anz-bank/sysl/pkg/msg/Message.go:130.23,132.34 2 1
github.com/anz-bank/sysl/pkg/msg/Message.go:133.13,134.29 1 1
github.com/anz-bank/sysl/pkg/msg/Message.go:135.12,136.28 1 1
github.com/anz-bank/sysl/pkg/msg/Message.go:137.12,138.28 1 1
github.com/anz-bank/sysl/pkg/msg/Message.go:139.13,140.67 1 1
github.com/anz-bank/sysl/pkg/msg/Message.go:141.10,142.31 1 1
github.com/anz-bank/sysl/pkg/msg/Message.go:146.37,150.44 3 1
github.com/anz-bank/sysl/pkg/msg/Message.go:158.2,158.35 1 1
github.com/anz-bank/sysl/pkg/msg/Message.go:162.2,162.12 1 1
github.com/anz-bank/sysl/pkg/msg/Message.go:150.44,152.31 2 1
github.com/anz-bank/sysl/pkg/msg/Message.go:155.3,155.53 1 1
github.com/anz-bank/sysl/pkg/msg/Message.go:152.31,154.4 1 1
github.com/anz-bank/sysl/pkg/msg/Message.go:158.35,160.3 1 1
github.com/anz-bank/sysl/pkg/importer/openapi2conv/openapi2_conv.go:14.72,22.19 3 1
github.com/anz-bank/sysl/pkg/importer/openapi2conv/openapi2_conv.go:41.2,41.42 1 1
github.com/anz-bank/sysl/pkg/importer/openapi2conv/openapi2_conv.go:52.2,52.57 1 1
github.com/anz-bank/sysl/pkg/importer/openapi2conv/openapi2_conv.go:68.2,68.54 1 1
github.com/anz-bank/sysl/pkg/importer/openapi2conv/openapi2_conv.go:78.2,79.48 2 1
github.com/anz-bank/sysl/pkg/importer/openapi2conv/openapi2_conv.go:90.2,91.20 2 1
github.com/anz-bank/sysl/pkg/importer/openapi2conv/openapi2_conv.go:22.19,24.24 2 1
github.com/anz-bank/sysl/pkg/importer/openapi2conv/openapi2_conv.go:29.3,30.34 2 1
github.com/anz-bank/sysl/pkg/importer/openapi2conv/openapi2_conv.go:24.24,28.4 1 0
github.com/anz-bank/sysl/pkg/importer/openapi2conv/openapi2_conv.go:30.34,39.4 2 1
github.com/anz-bank/sysl/pkg/importer/openapi2conv/openapi2_conv.go:41.42,43.37 2 1
github.com/anz-bank/sysl/pkg/importer/openapi2conv/openapi2_conv.go:50.3,50.29 1 1
github.com/anz-bank/sysl/pkg/importer/openapi2conv/openapi2_conv.go:43.37,45.18 2 1
github.com/anz-bank/sysl/pkg/importer/openapi2conv/openapi2_conv.go:48.4,48.25 1 1
github.com/anz-bank/sysl/pkg/importer/openapi2conv/openapi2_conv.go:45.18,47.5 1 0
github.com/anz-bank/sysl/pkg/importer/openapi2conv/openapi2_conv.go:52.57,55.40 3 1
github.com/anz-bank/sysl/pkg/importer/openapi2conv/openapi2_conv.go:55.40,57.18 2 1
github.com/anz-bank/sysl/pkg/importer/openapi2conv/openapi2_conv.go:60.4,60.30 1 1
github.com/anz-bank/sysl/pkg/importer/openapi2conv/openapi2_conv.go:63.4,63.32 1 1
github.com/anz-bank/sysl/pkg/importer/openapi2conv/openapi2_conv.go:57.18,59.5 1 0
github.com/anz-bank/sysl/pkg/importer/openapi2conv/openapi2_conv.go:60.30,62.5 1 1
github.com/anz-bank/sysl/pkg/importer/openapi2conv/openapi2_conv.go:63.32,65.5 1 0
github.com/anz-bank/sysl/pkg/importer/openapi2conv/openapi2_conv.go:68.54,70.38 2 1
github.com/anz-bank/sysl/pkg/importer/openapi2conv/openapi2_conv.go:70.38,72.18 2 1
github.com/anz-bank/sysl/pkg/importer/openapi2conv/openapi2_conv.go:75.4,75.38 1 1
github.com/anz-bank/sysl/pkg/importer/openapi2conv/openapi2_conv.go:72.18,74.5 1 0
github.com/anz-bank/sysl/pkg/importer/openapi2conv/openapi2_conv.go:79.48,81.23 2 0
github.com/anz-bank/sysl/pkg/importer/openapi2conv/openapi2_conv.go:88.3,88.60 1 0
github.com/anz-bank/sysl/pkg/importer/openapi2conv/openapi2_conv.go:81.23,83.18 2 0
github.com/anz-bank/sysl/pkg/importer/openapi2conv/openapi2_conv.go:86.4,86.32 1 0
github.com/anz-bank/sysl/pkg/importer/openapi2conv/openapi2_conv.go:83.18,85.5 1 0
github.com/anz-bank/sysl/pkg/importer/openapi2conv/openapi2_conv.go:94.103,96.55 2 1
github.com/anz-bank/sysl/pkg/importer/openapi2conv/openapi2_conv.go:103.2,103.48 1 1
github.com/anz-bank/sysl/pkg/importer/openapi2conv/openapi2_conv.go:113.2,113.20 1 1
github.com/anz-bank/sysl/pkg/importer/openapi2conv/openapi2_conv.go:96.55,98.17 2 1
github.com/anz-bank/sysl/pkg/importer/openapi2conv/openapi2_conv.go:101.3,101.47 1 1
github.com/anz-bank/sysl/pkg/importer/openapi2conv/openapi2_conv.go:98.17,100.4 1 0
github.com/anz-bank/sysl/pkg/importer/openapi2conv/openapi2_conv.go:103.48,105.17 2 1
github.com/anz-bank/sysl/pkg/importer/openapi2conv/openapi2_conv.go:108.3,108.27 1 1
github.com/anz-bank/sysl/pkg/importer/openapi2conv/openapi2_conv.go:111.3,111.61 1 1
github.com/anz-bank/sysl/pkg/importer/openapi2conv/openapi2_conv.go:105.17,107.4 1 0
github.com/anz-bank/sysl/pkg/importer/openapi2conv/openapi2_conv.go:108.27,110.4 1 0
github.com/anz-bank/sysl/pkg/importer/openapi2conv/openapi2_conv.go:116.136,117.22 1 1
github.com/anz-bank/sysl/pkg/importer/openapi2conv/openapi2_conv.go:120.2,126.39 2 1
github.com/anz-bank/sysl/pkg/importer/openapi2conv/openapi2_conv.go:130.2,130.49 1 1
github.com/anz-bank/sysl/pkg/importer/openapi2conv/openapi2_conv.go:141.2,141.56 1 1
github.com/anz-bank/sysl/pkg/importer/openapi2conv/openapi2_conv.go:152.2,152.20 1 1
github.com/anz-bank/sysl/pkg/importer/openapi2conv/openapi2_conv.go:117.22,119.3 1 0
github.com/anz-bank/sysl/pkg/importer/openapi2conv/openapi2_conv.go:126.39,129.3 2 1
github.com/anz-bank/sysl/pkg/importer/openapi2conv/openapi2_conv.go:130.49,132.17 2 1
github.com/anz-bank/sysl/pkg/importer/openapi2conv/openapi2_conv.go:135.3,135.27 1 1
github.com/anz-bank/sysl/pkg/importer/openapi2conv/openapi2_conv.go:132.17,134.4 1 0
github.com/anz-bank/sysl/pkg/importer/openapi2conv/openapi2_conv.go:135.27,137.4 1 1
github.com/anz-bank/sysl/pkg/importer/openapi2conv/openapi2_conv.go:137.9,137.32 1 1
github.com/anz-bank/sysl/pkg/importer/openapi2conv/openapi2_conv.go:137.32,139.4 1 1
github.com/anz-bank/sysl/pkg/importer/openapi2conv/openapi2_conv.go:141.56,143.38 2 1
github.com/anz-bank/sysl/pkg/importer/openapi2conv/openapi2_conv.go:150.3,150.37 1 1
github.com/anz-bank/sysl/pkg/importer/openapi2conv/openapi2_conv.go:143.38,145.18 2 1
github.com/anz-bank/sysl/pkg/importer/openapi2conv/openapi2_conv.go:148.4,148.31 1 1
github.com/anz-bank/sysl/pkg/importer/openapi2conv/openapi2_conv.go:145.18,147.5 1 0
github.com/anz-bank/sysl/pkg/importer/openapi2conv/openapi2_conv.go:155.109,156.22 1 1
github.com/anz-bank/sysl/pkg/importer/openapi2conv/openapi2_conv.go:159.2,159.40 1 1
github.com/anz-bank/sysl/pkg/importer/openapi2conv/openapi2_conv.go:164.2,165.18 2 1
github.com/anz-bank/sysl/pkg/importer/openapi2conv/openapi2_conv.go:178.2,185.26 2 1
github.com/anz-bank/sysl/pkg/importer/openapi2conv/openapi2_conv.go:205.2,207.13 1 1
github.com/anz-bank/sysl/pkg/importer/openapi2conv/openapi2_conv.go:156.22,158.3 1 0
github.com/anz-bank/sysl/pkg/importer/openapi2conv/openapi2_conv.go:159.40,163.3 1 1
github.com/anz-bank/sysl/pkg/importer/openapi2conv/openapi2_conv.go:165.18,170.54 2 1
github.com/anz-bank/sysl/pkg/importer/openapi2conv/openapi2_conv.go:174.3,176.9 1 1
github.com/anz-bank/sysl/pkg/importer/openapi2conv/openapi2_conv.go:170.54,173.4 1 1
github.com/anz-bank/sysl/pkg/importer/openapi2conv/openapi2_conv.go:185.26,204.3 2 1
github.com/anz-bank/sysl/pkg/importer/openapi2conv/openapi2_conv.go:210.79,211.39 1 1
github.com/anz-bank/sysl/pkg/importer/openapi2conv/openapi2_conv.go:216.2,219.52 2 1
github.com/anz-bank/sysl/pkg/importer/openapi2conv/openapi2_conv.go:222.2,224.8 1 1
github.com/anz-bank/sysl/pkg/importer/openapi2conv/openapi2_conv.go:211.39,215.3 1 1
github.com/anz-bank/sysl/pkg/importer/openapi2conv/openapi2_conv.go:219.52,221.3 1 1
github.com/anz-bank/sysl/pkg/importer/openapi2conv/openapi2_conv.go:227.86,229.33 2 1
github.com/anz-bank/sysl/pkg/importer/openapi2conv/openapi2_conv.go:232.2,232.16 1 1
github.com/anz-bank/sysl/pkg/importer/openapi2conv/openapi2_conv.go:229.33,231.3 1 1
github.com/anz-bank/sysl/pkg/importer/openapi2conv/openapi2_conv.go:235.68,236.37 1 1
github.com/anz-bank/sysl/pkg/importer/openapi2conv/openapi2_conv.go:241.2,241.25 1 1
github.com/anz-bank/sysl/pkg/importer/openapi2conv/openapi2_conv.go:244.2,244.31 1 1
github.com/anz-bank/sysl/pkg/importer/openapi2conv/openapi2_conv.go:247.2,247.44 1 1
github.com/anz-bank/sysl/pkg/importer/openapi2conv/openapi2_conv.go:250.2,250.15 1 1
github.com/anz-bank/sysl/pkg/importer/openapi2conv/openapi2_conv.go:236.37,240.3 1 1
github.com/anz-bank/sysl/pkg/importer/openapi2conv/openapi2_conv.go:241.25,243.3 1 0
github.com/anz-bank/sysl/pkg/importer/openapi2conv/openapi2_conv.go:244.31,246.3 1 1
github.com/anz-bank/sysl/pkg/importer/openapi2conv/openapi2_conv.go:247.44,249.3 1 1
github.com/anz-bank/sysl/pkg/importer/openapi2conv/openapi2_conv.go:259.33,260.32 1 1
github.com/anz-bank/sysl/pkg/importer/openapi2conv/openapi2_conv.go:265.2,265.12 1 1
github.com/anz-bank/sysl/pkg/importer/openapi2conv/openapi2_conv.go:260.32,261.34 1 1
github.com/anz-bank/sysl/pkg/importer/openapi2conv/openapi2_conv.go:261.34,263.4 1 1
github.com/anz-bank/sysl/pkg/importer/openapi2conv/openapi2_conv.go:268.35,269.32 1 1
github.com/anz-bank/sysl/pkg/importer/openapi2conv/openapi2_conv.go:274.2,274.12 1 1
github.com/anz-bank/sysl/pkg/importer/openapi2conv/openapi2_conv.go:269.32,270.34 1 1
github.com/anz-bank/sysl/pkg/importer/openapi2conv/openapi2_conv.go:270.34,272.4 1 1
github.com/anz-bank/sysl/pkg/importer/openapi2conv/openapi2_conv.go:277.105,278.25 1 1
github.com/anz-bank/sysl/pkg/importer/openapi2conv/openapi2_conv.go:281.2,282.36 2 1
github.com/anz-bank/sysl/pkg/importer/openapi2conv/openapi2_conv.go:285.2,285.15 1 1
github.com/anz-bank/sysl/pkg/importer/openapi2conv/openapi2_conv.go:278.25,280.3 1 0
github.com/anz-bank/sysl/pkg/importer/openapi2conv/openapi2_conv.go:282.36,284.3 1 1
github.com/anz-bank/sysl/pkg/importer/openapi2conv/openapi2_conv.go:288.103,289.27 1 0
github.com/anz-bank/sysl/pkg/importer/openapi2conv/openapi2_conv.go:292.2,295.29 2 0
github.com/anz-bank/sysl/pkg/importer/openapi2conv/openapi2_conv.go:327.2,330.8 1 0
github.com/anz-bank/sysl/pkg/importer/openapi2conv/openapi2_conv.go:289.27,291.3 1 0
github.com/anz-bank/sysl/pkg/importer/openapi2conv/openapi2_conv.go:296.15,298.26 2 0
github.com/anz-bank/sysl/pkg/importer/openapi2conv/openapi2_conv.go:299.16,302.36 3 0
github.com/anz-bank/sysl/pkg/importer/openapi2conv/openapi2_conv.go:303.16,308.47 5 0
github.com/anz-bank/sysl/pkg/importer/openapi2conv/openapi2_conv.go:311.3,316.30 2 0
github.com/anz-bank/sysl/pkg/importer/openapi2conv/openapi2_conv.go:308.47,310.4 1 0
github.com/anz-bank/sysl/pkg/importer/openapi2conv/openapi2_conv.go:317.19,318.25 1 0
github.com/anz-bank/sysl/pkg/importer/openapi2conv/openapi2_conv.go:319.21,320.34 1 0
github.com/anz-bank/sysl/pkg/importer/openapi2conv/openapi2_conv.go:321.19,322.25 1 0
github.com/anz-bank/sysl/pkg/importer/openapi2conv/openapi2_conv.go:323.11,324.72 1 0
github.com/anz-bank/sysl/pkg/importer/openapi2conv/openapi2_conv.go:333.74,335.16 2 1
github.com/anz-bank/sysl/pkg/importer/openapi2conv/openapi2_conv.go:338.2,347.33 5 1
github.com/anz-bank/sysl/pkg/importer/openapi2conv/openapi2_conv.go:363.2,363.13 1 1
github.com/anz-bank/sysl/pkg/importer/openapi2conv/openapi2_conv.go:366.2,366.12 1 1
github.com/anz-bank/sysl/pkg/importer/openapi2conv/openapi2_conv.go:369.2,369.44 1 1
github.com/anz-bank/sysl/pkg/importer/openapi2conv/openapi2_conv.go:394.2,395.57 2 1
github.com/anz-bank/sysl/pkg/importer/openapi2conv/openapi2_conv.go:401.2,401.55 1 1
github.com/anz-bank/sysl/pkg/importer/openapi2conv/openapi2_conv.go:412.2,413.20 2 1
github.com/anz-bank/sysl/pkg/importer/openapi2conv/openapi2_conv.go:335.16,337.3 1 0
github.com/anz-bank/sysl/pkg/importer/openapi2conv/openapi2_conv.go:347.33,349.17 2 1
github.com/anz-bank/sysl/pkg/importer/openapi2conv/openapi2_conv.go:349.17,351.35 1 1
github.com/anz-bank/sysl/pkg/importer/openapi2conv/openapi2_conv.go:357.4,357.14 1 1
github.com/anz-bank/sysl/pkg/importer/openapi2conv/openapi2_conv.go:351.35,353.5 1 1
github.com/anz-bank/sysl/pkg/importer/openapi2conv/openapi2_conv.go:353.10,353.41 1 0
github.com/anz-bank/sysl/pkg/importer/openapi2conv/openapi2_conv.go:353.41,355.5 1 0
github.com/anz-bank/sysl/pkg/importer/openapi2conv/openapi2_conv.go:357.14,360.5 2 1
github.com/anz-bank/sysl/pkg/importer/openapi2conv/openapi2_conv.go:363.13,365.3 1 1
github.com/anz-bank/sysl/pkg/importer/openapi2conv/openapi2_conv.go:366.12,368.3 1 0
github.com/anz-bank/sysl/pkg/importer/openapi2conv/openapi2_conv.go:369.44,370.22 1 1
github.com/anz-bank/sysl/pkg/importer/openapi2conv/openapi2_conv.go:373.3,374.56 2 1
github.com/anz-bank/sysl/pkg/importer/openapi2conv/openapi2_conv.go:384.3,385.45 2 1
github.com/anz-bank/sysl/pkg/importer/openapi2conv/openapi2_conv.go:392.3,392.41 1 1
github.com/anz-bank/sysl/pkg/importer/openapi2conv/openapi2_conv.go:370.22,371.12 1 0
github.com/anz-bank/sysl/pkg/importer/openapi2conv/openapi2_conv.go:374.56,375.24 1 1
github.com/anz-bank/sysl/pkg/importer/openapi2conv/openapi2_conv.go:378.4,379.18 2 1
github.com/anz-bank/sysl/pkg/importer/openapi2conv/openapi2_conv.go:382.4,382.54 1 1
github.com/anz-bank/sysl/pkg/importer/openapi2conv/openapi2_conv.go:375.24,376.13 1 0
github.com/anz-bank/sysl/pkg/importer/openapi2conv/openapi2_conv.go:379.18,381.5 1 0
github.com/anz-bank/sysl/pkg/importer/openapi2conv/openapi2_conv.go:385.45,387.18 2 1
github.com/anz-bank/sysl/pkg/importer/openapi2conv/openapi2_conv.go:390.4,390.30 1 1
github.com/anz-bank/sysl/pkg/importer/openapi2conv/openapi2_conv.go:387.18,389.5 1 0
github.com/anz-bank/sysl/pkg/importer/openapi2conv/openapi2_conv.go:395.57,397.17 2 1
github.com/anz-bank/sysl/pkg/importer/openapi2conv/openapi2_conv.go:397.17,399.4 1 0
github.com/anz-bank/sysl/pkg/importer/openapi2conv/openapi2_conv.go:401.55,403.37 2 0
github.com/anz-bank/sysl/pkg/importer/openapi2conv/openapi2_conv.go:410.3,410.53 1 0
github.com/anz-bank/sysl/pkg/importer/openapi2conv/openapi2_conv.go:403.37,405.18 2 0
github.com/anz-bank/sysl/pkg/importer/openapi2conv/openapi2_conv.go:408.4,408.33 1 0
github.com/anz-bank/sysl/pkg/importer/openapi2conv/openapi2_conv.go:405.18,407.5 1 0
github.com/anz-bank/sysl/pkg/importer/openapi2conv/openapi2_conv.go:416.91,418.36 2 1
github.com/anz-bank/sysl/pkg/importer/openapi2conv/openapi2_conv.go:421.2,421.15 1 1
github.com/anz-bank/sysl/pkg/importer/openapi2conv/openapi2_conv.go:418.36,420.3 1 1
github.com/anz-bank/sysl/pkg/importer/openapi2conv/openapi2_conv.go:424.70,425.37 1 1
github.com/anz-bank/sysl/pkg/importer/openapi2conv/openapi2_conv.go:430.2,430.25 1 1
github.com/anz-bank/sysl/pkg/importer/openapi2conv/openapi2_conv.go:433.2,433.31 1 1
github.com/anz-bank/sysl/pkg/importer/openapi2conv/openapi2_conv.go:436.2,436.44 1 1
github.com/anz-bank/sysl/pkg/importer/openapi2conv/openapi2_conv.go:439.2,439.15 1 1
github.com/anz-bank/sysl/pkg/importer/openapi2conv/openapi2_conv.go:425.37,429.3 1 1
github.com/anz-bank/sysl/pkg/importer/openapi2conv/openapi2_conv.go:430.25,432.3 1 0
github.com/anz-bank/sysl/pkg/importer/openapi2conv/openapi2_conv.go:433.31,435.3 1 1
github.com/anz-bank/sysl/pkg/importer/openapi2conv/openapi2_conv.go:436.44,438.3 1 1
github.com/anz-bank/sysl/pkg/importer/openapi2conv/openapi2_conv.go:442.107,443.25 1 1
github.com/anz-bank/sysl/pkg/importer/openapi2conv/openapi2_conv.go:446.2,447.36 2 1
github.com/anz-bank/sysl/pkg/importer/openapi2conv/openapi2_conv.go:450.2,450.15 1 1
github.com/anz-bank/sysl/pkg/importer/openapi2conv/openapi2_conv.go:443.25,445.3 1 0
github.com/anz-bank/sysl/pkg/importer/openapi2conv/openapi2_conv.go:447.36,449.3 1 1
github.com/anz-bank/sysl/pkg/importer/openapi2conv/openapi2_conv.go:453.105,455.55 2 0
github.com/anz-bank/sysl/pkg/importer/openapi2conv/openapi2_conv.go:462.2,462.48 1 0
github.com/anz-bank/sysl/pkg/importer/openapi2conv/openapi2_conv.go:469.2,469.20 1 0
github.com/anz-bank/sysl/pkg/importer/openapi2conv/openapi2_conv.go:455.55,457.17 2 0
github.com/anz-bank/sysl/pkg/importer/openapi2conv/openapi2_conv.go:460.3,460.33 1 0
github.com/anz-bank/sysl/pkg/importer/openapi2conv/openapi2_conv.go:457.17,459.4 1 0
github.com/anz-bank/sysl/pkg/importer/openapi2conv/openapi2_conv.go:462.48,464.17 2 0
github.com/anz-bank/sysl/pkg/importer/openapi2conv/openapi2_conv.go:467.3,467.51 1 0
github.com/anz-bank/sysl/pkg/importer/openapi2conv/openapi2_conv.go:464.17,466.4 1 0
github.com/anz-bank/sysl/pkg/importer/openapi2conv/openapi2_conv.go:472.67,474.51 1 1
github.com/anz-bank/sysl/pkg/importer/openapi2conv/openapi2_conv.go:483.2,483.11 1 0
github.com/anz-bank/sysl/pkg/importer/openapi2conv/openapi2_conv.go:474.51,475.53 1 1
github.com/anz-bank/sysl/pkg/importer/openapi2conv/openapi2_conv.go:481.3,481.14 1 1
github.com/anz-bank/sysl/pkg/importer/openapi2conv/openapi2_conv.go:475.53,477.50 2 1
github.com/anz-bank/sysl/pkg/importer/openapi2conv/openapi2_conv.go:477.50,478.24 1 0
github.com/anz-bank/sysl/pkg/importer/openapi2conv/openapi2_conv.go:486.109,487.22 1 1
github.com/anz-bank/sysl/pkg/importer/openapi2conv/openapi2_conv.go:490.2,496.39 2 1
github.com/anz-bank/sysl/pkg/importer/openapi2conv/openapi2_conv.go:500.2,500.49 1 1
github.com/anz-bank/sysl/pkg/importer/openapi2conv/openapi2_conv.go:507.2,507.42 1 1
github.com/anz-bank/sysl/pkg/importer/openapi2conv/openapi2_conv.go:514.2,514.56 1 1
github.com/anz-bank/sysl/pkg/importer/openapi2conv/openapi2_conv.go:521.2,521.20 1 1
github.com/anz-bank/sysl/pkg/importer/openapi2conv/openapi2_conv.go:487.22,489.3 1 0
github.com/anz-bank/sysl/pkg/importer/openapi2conv/openapi2_conv.go:496.39,499.3 2 1
github.com/anz-bank/sysl/pkg/importer/openapi2conv/openapi2_conv.go:500.49,502.17 2 1
github.com/anz-bank/sysl/pkg/importer/openapi2conv/openapi2_conv.go:505.3,505.51 1 1
github.com/anz-bank/sysl/pkg/importer/openapi2conv/openapi2_conv.go:502.17,504.4 1 0
github.com/anz-bank/sysl/pkg/importer/openapi2conv/openapi2_conv.go:507.42,509.17 2 1
github.com/anz-bank/sysl/pkg/importer/openapi2conv/openapi2_conv.go:512.3,512.51 1 1
github.com/anz-bank/sysl/pkg/importer/openapi2conv/openapi2_conv.go:509.17,511.4 1 0
github.com/anz-bank/sysl/pkg/importer/openapi2conv/openapi2_conv.go:514.56,516.17 2 1
github.com/anz-bank/sysl/pkg/importer/openapi2conv/openapi2_conv.go:519.3,519.37 1 1
github.com/anz-bank/sysl/pkg/importer/openapi2conv/openapi2_conv.go:516.17,518.4 1 0
github.com/anz-bank/sysl/pkg/importer/openapi2conv/openapi2_conv.go:524.152,525.45 1 1
github.com/anz-bank/sysl/pkg/importer/openapi2conv/openapi2_conv.go:530.2,536.16 3 1
github.com/anz-bank/sysl/pkg/importer/openapi2conv/openapi2_conv.go:539.2,548.22 3 1
github.com/anz-bank/sysl/pkg/importer/openapi2conv/openapi2_conv.go:551.2,551.20 1 1
github.com/anz-bank/sysl/pkg/importer/openapi2conv/openapi2_conv.go:525.45,529.3 1 0
github.com/anz-bank/sysl/pkg/importer/openapi2conv/openapi2_conv.go:536.16,538.3 1 0
github.com/anz-bank/sysl/pkg/importer/openapi2conv/openapi2_conv.go:548.22,550.3 1 1
github.com/anz-bank/sysl/pkg/importer/openapi2conv/openapi2_conv.go:554.79,555.30 1 1
github.com/anz-bank/sysl/pkg/importer/openapi2conv/openapi2_conv.go:560.2,561.22 2 1
github.com/anz-bank/sysl/pkg/importer/openapi2conv/openapi2_conv.go:564.2,570.53 2 1
github.com/anz-bank/sysl/pkg/importer/openapi2conv/openapi2_conv.go:588.2,588.20 1 1
github.com/anz-bank/sysl/pkg/importer/openapi2conv/openapi2_conv.go:555.30,559.3 1 1
github.com/anz-bank/sysl/pkg/importer/openapi2conv/openapi2_conv.go:561.22,563.3 1 0
github.com/anz-bank/sysl/pkg/importer/openapi2conv/openapi2_conv.go:570.53,587.3 16 1
github.com/anz-bank/sysl/pkg/importer/openapi2conv/openapi2_conv.go:591.105,593.37 2 1
github.com/anz-bank/sysl/pkg/importer/openapi2conv/openapi2_conv.go:600.2,600.25 1 1
github.com/anz-bank/sysl/pkg/importer/openapi2conv/openapi2_conv.go:593.37,595.17 2 1
github.com/anz-bank/sysl/pkg/importer/openapi2conv/openapi2_conv.go:598.3,598.21 1 1
github.com/anz-bank/sysl/pkg/importer/openapi2conv/openapi2_conv.go:595.17,597.4 1 0
github.com/anz-bank/sysl/pkg/importer/openapi2conv/openapi2_conv.go:603.76,604.30 1 1
github.com/anz-bank/sysl/pkg/importer/openapi2conv/openapi2_conv.go:610.2,611.21 2 1
github.com/anz-bank/sysl/pkg/importer/openapi2conv/openapi2_conv.go:614.2,617.49 2 1
github.com/anz-bank/sysl/pkg/importer/openapi2conv/openapi2_conv.go:622.2,622.20 1 1
github.com/anz-bank/sysl/pkg/importer/openapi2conv/openapi2_conv.go:604.30,608.3 1 1
github.com/anz-bank/sysl/pkg/importer/openapi2conv/openapi2_conv.go:611.21,613.3 1 0
github.com/anz-bank/sysl/pkg/importer/openapi2conv/openapi2_conv.go:617.49,618.51 1 1
github.com/anz-bank/sysl/pkg/importer/openapi2conv/openapi2_conv.go:618.51,620.4 1 1
github.com/anz-bank/sysl/pkg/importer/openapi2conv/openapi2_conv.go:625.121,627.27 2 0
github.com/anz-bank/sysl/pkg/importer/openapi2conv/openapi2_conv.go:630.2,634.29 2 0
github.com/anz-bank/sysl/pkg/importer/openapi2conv/openapi2_conv.go:670.2,670.20 1 0
github.com/anz-bank/sysl/pkg/importer/openapi2conv/openapi2_conv.go:627.27,629.3 1 0
github.com/anz-bank/sysl/pkg/importer/openapi2conv/openapi2_conv.go:635.14,636.32 1 0
github.com/anz-bank/sysl/pkg/importer/openapi2conv/openapi2_conv.go:644.16,647.36 3 0
github.com/anz-bank/sysl/pkg/importer/openapi2conv/openapi2_conv.go:648.16,651.19 3 0
github.com/anz-bank/sysl/pkg/importer/openapi2conv/openapi2_conv.go:667.10,668.87 1 0
github.com/anz-bank/sysl/pkg/importer/openapi2conv/openapi2_conv.go:637.16,638.25 1 0
github.com/anz-bank/sysl/pkg/importer/openapi2conv/openapi2_conv.go:639.11,642.33 3 0
github.com/anz-bank/sysl/pkg/importer/openapi2conv/openapi2_conv.go:651.19,654.42 2 0
github.com/anz-bank/sysl/pkg/importer/openapi2conv/openapi2_conv.go:663.4,663.35 1 0
github.com/anz-bank/sysl/pkg/importer/openapi2conv/openapi2_conv.go:654.42,656.5 1 0
github.com/anz-bank/sysl/pkg/importer/openapi2conv/openapi2_conv.go:656.10,656.58 1 0
github.com/anz-bank/sysl/pkg/importer/openapi2conv/openapi2_conv.go:656.58,658.5 1 0
github.com/anz-bank/sysl/pkg/importer/openapi2conv/openapi2_conv.go:658.10,658.49 1 0
github.com/anz-bank/sysl/pkg/importer/openapi2conv/openapi2_conv.go:658.49,660.5 1 0
github.com/anz-bank/sysl/pkg/importer/openapi2conv/openapi2_conv.go:660.10,662.5 1 0
github.com/anz-bank/sysl/pkg/importer/openapi2conv/openapi2_conv.go:663.35,665.5 1 0
github.com/anz-bank/sysl/pkg/pbutil/output.go:13.66,14.14 1 1
github.com/anz-bank/sysl/pkg/pbutil/output.go:17.2,18.16 2 1
github.com/anz-bank/sysl/pkg/pbutil/output.go:21.2,22.22 2 1
github.com/anz-bank/sysl/pkg/pbutil/output.go:14.14,16.3 1 1
github.com/anz-bank/sysl/pkg/pbutil/output.go:18.16,20.3 1 0
github.com/anz-bank/sysl/pkg/pbutil/output.go:26.50,27.14 1 1
github.com/anz-bank/sysl/pkg/pbutil/output.go:30.2,31.25 2 1
github.com/anz-bank/sysl/pkg/pbutil/output.go:27.14,29.3 1 1
github.com/anz-bank/sysl/pkg/pbutil/output.go:35.66,36.14 1 1
github.com/anz-bank/sysl/pkg/pbutil/output.go:40.2,41.16 2 1
github.com/anz-bank/sysl/pkg/pbutil/output.go:44.2,45.22 2 1
github.com/anz-bank/sysl/pkg/pbutil/output.go:36.14,38.3 1 1
github.com/anz-bank/sysl/pkg/pbutil/output.go:41.16,43.3 1 0
github.com/anz-bank/sysl/pkg/pbutil/output.go:49.50,50.14 1 1
github.com/anz-bank/sysl/pkg/pbutil/output.go:53.2,53.32 1 1
github.com/anz-bank/sysl/pkg/pbutil/output.go:50.14,52.3 1 1
github.com/anz-bank/sysl/pkg/parser/ebnfParser.go:10.39,16.2 1 1
github.com/anz-bank/sysl/pkg/parser/ebnfParser.go:18.46,26.2 1 1
github.com/anz-bank/sysl/pkg/parser/ebnfParser.go:28.51,31.70 2 1
github.com/anz-bank/sysl/pkg/parser/ebnfParser.go:43.2,43.12 1 1
github.com/anz-bank/sysl/pkg/parser/ebnfParser.go:31.70,32.45 1 1
github.com/anz-bank/sysl/pkg/parser/ebnfParser.go:33.12,34.35 1 1
github.com/anz-bank/sysl/pkg/parser/ebnfParser.go:35.12,36.34 1 0
github.com/anz-bank/sysl/pkg/parser/ebnfParser.go:37.12,38.35 1 0
github.com/anz-bank/sysl/pkg/parser/ebnfParser.go:39.11,40.33 1 0
github.com/anz-bank/sysl/pkg/parser/ebnfParser.go:46.45,48.2 1 1
github.com/anz-bank/sysl/pkg/parser/ebnfParser.go:50.39,53.18 2 1
github.com/anz-bank/sysl/pkg/parser/ebnfParser.go:54.9,58.51 4 1
github.com/anz-bank/sysl/pkg/parser/ebnfParser.go:61.3,61.33 1 1
github.com/anz-bank/sysl/pkg/parser/ebnfParser.go:62.9,63.56 1 1
github.com/anz-bank/sysl/pkg/parser/ebnfParser.go:64.9,66.13 2 1
github.com/anz-bank/sysl/pkg/parser/ebnfParser.go:70.3,74.4 1 1
github.com/anz-bank/sysl/pkg/parser/ebnfParser.go:75.10,76.32 1 0
github.com/anz-bank/sysl/pkg/parser/ebnfParser.go:58.51,60.4 1 1
github.com/anz-bank/sysl/pkg/parser/ebnfParser.go:66.13,68.45 2 0
github.com/anz-bank/sysl/pkg/parser/ebnfParser.go:80.42,82.2 1 1
github.com/anz-bank/sysl/pkg/parser/ebnfParser.go:84.67,85.22 1 1
github.com/anz-bank/sysl/pkg/parser/ebnfParser.go:88.2,88.24 1 1
github.com/anz-bank/sysl/pkg/parser/ebnfParser.go:92.2,92.16 1 0
github.com/anz-bank/sysl/pkg/parser/ebnfParser.go:85.22,86.46 1 0
github.com/anz-bank/sysl/pkg/parser/ebnfParser.go:88.24,91.3 2 1
github.com/anz-bank/sysl/pkg/parser/ebnfParser.go:96.70,97.61 1 1
github.com/anz-bank/sysl/pkg/parser/ebnfParser.go:100.2,100.16 1 1
github.com/anz-bank/sysl/pkg/parser/ebnfParser.go:97.61,99.3 1 1
github.com/anz-bank/sysl/pkg/parser/ebnfParser.go:103.48,106.15 2 1
github.com/anz-bank/sysl/pkg/parser/ebnfParser.go:114.2,114.31 1 1
github.com/anz-bank/sysl/pkg/parser/ebnfParser.go:106.15,107.46 1 1
github.com/anz-bank/sysl/pkg/parser/ebnfParser.go:107.46,112.4 4 1
github.com/anz-bank/sysl/pkg/parser/ebnfParser.go:117.48,120.21 3 1
github.com/anz-bank/sysl/pkg/parser/ebnfParser.go:130.2,130.35 1 1
github.com/anz-bank/sysl/pkg/parser/ebnfParser.go:120.21,122.18 2 1
github.com/anz-bank/sysl/pkg/parser/ebnfParser.go:122.18,123.26 1 1
github.com/anz-bank/sysl/pkg/parser/ebnfParser.go:123.26,127.5 3 1
github.com/anz-bank/sysl/pkg/parser/ebnfParser.go:133.39,141.2 6 1
github.com/anz-bank/sysl/pkg/parser/ebnfParser.go:151.74,154.47 3 1
github.com/anz-bank/sysl/pkg/parser/ebnfParser.go:159.2,163.3 1 1
github.com/anz-bank/sysl/pkg/parser/ebnfParser.go:154.47,157.3 2 1
github.com/anz-bank/sysl/pkg/parser/ebnfParser.go:167.69,171.6 3 1
github.com/anz-bank/sysl/pkg/parser/ebnfParser.go:179.2,180.12 2 1
github.com/anz-bank/sysl/pkg/parser/ebnfParser.go:183.2,184.12 2 0
github.com/anz-bank/sysl/pkg/parser/ebnfParser.go:171.6,173.19 2 1
github.com/anz-bank/sysl/pkg/parser/ebnfParser.go:176.3,176.31 1 1
github.com/anz-bank/sysl/pkg/parser/ebnfParser.go:173.19,174.9 1 1
github.com/anz-bank/sysl/pkg/parser/ebnfParser.go:180.12,182.3 1 1
github.com/anz-bank/sysl/pkg/parser/grammar.pb.go:36.35,36.53 1 0
github.com/anz-bank/sysl/pkg/parser/grammar.pb.go:37.35,37.72 1 0
github.com/anz-bank/sysl/pkg/parser/grammar.pb.go:38.36,38.37 0 0
github.com/anz-bank/sysl/pkg/parser/grammar.pb.go:39.46,41.2 1 0
github.com/anz-bank/sysl/pkg/parser/grammar.pb.go:43.49,45.2 1 0
github.com/anz-bank/sysl/pkg/parser/grammar.pb.go:46.77,48.2 1 0
github.com/anz-bank/sysl/pkg/parser/grammar.pb.go:49.48,51.2 1 0
github.com/anz-bank/sysl/pkg/parser/grammar.pb.go:52.34,54.2 1 0
github.com/anz-bank/sysl/pkg/parser/grammar.pb.go:55.40,57.2 1 0
github.com/anz-bank/sysl/pkg/parser/grammar.pb.go:61.36,62.14 1 0
github.com/anz-bank/sysl/pkg/parser/grammar.pb.go:65.2,65.11 1 0
github.com/anz-bank/sysl/pkg/parser/grammar.pb.go:62.14,64.3 1 0
github.com/anz-bank/sysl/pkg/parser/grammar.pb.go:68.37,69.14 1 0
github.com/anz-bank/sysl/pkg/parser/grammar.pb.go:72.2,72.12 1 0
github.com/anz-bank/sysl/pkg/parser/grammar.pb.go:69.14,71.3 1 0
github.com/anz-bank/sysl/pkg/parser/grammar.pb.go:75.47,76.14 1 0
github.com/anz-bank/sysl/pkg/parser/grammar.pb.go:79.2,79.12 1 0
github.com/anz-bank/sysl/pkg/parser/grammar.pb.go:76.14,78.3 1 0
github.com/anz-bank/sysl/pkg/parser/grammar.pb.go:82.37,83.14 1 0
github.com/anz-bank/sysl/pkg/parser/grammar.pb.go:86.2,86.11 1 0
github.com/anz-bank/sysl/pkg/parser/grammar.pb.go:83.14,85.3 1 0
github.com/anz-bank/sysl/pkg/parser/grammar.pb.go:97.33,97.49 1 0
github.com/anz-bank/sysl/pkg/parser/grammar.pb.go:98.33,98.70 1 0
github.com/anz-bank/sysl/pkg/parser/grammar.pb.go:99.34,99.35 0 0
github.com/anz-bank/sysl/pkg/parser/grammar.pb.go:100.44,102.2 1 0
github.com/anz-bank/sysl/pkg/parser/grammar.pb.go:104.47,106.2 1 0
github.com/anz-bank/sysl/pkg/parser/grammar.pb.go:107.75,109.2 1 0
github.com/anz-bank/sysl/pkg/parser/grammar.pb.go:110.46,112.2 1 0
github.com/anz-bank/sysl/pkg/parser/grammar.pb.go:113.32,115.2 1 0
github.com/anz-bank/sysl/pkg/parser/grammar.pb.go:116.38,118.2 1 0
github.com/anz-bank/sysl/pkg/parser/grammar.pb.go:122.35,123.14 1 0
github.com/anz-bank/sysl/pkg/parser/grammar.pb.go:126.2,126.12 1 0
github.com/anz-bank/sysl/pkg/parser/grammar.pb.go:123.14,125.3 1 0
github.com/anz-bank/sysl/pkg/parser/grammar.pb.go:138.32,138.47 1 0
github.com/anz-bank/sysl/pkg/parser/grammar.pb.go:139.32,139.69 1 0
github.com/anz-bank/sysl/pkg/parser/grammar.pb.go:140.33,140.34 0 0
github.com/anz-bank/sysl/pkg/parser/grammar.pb.go:141.43,143.2 1 0
github.com/anz-bank/sysl/pkg/parser/grammar.pb.go:145.46,147.2 1 0
github.com/anz-bank/sysl/pkg/parser/grammar.pb.go:148.74,150.2 1 0
github.com/anz-bank/sysl/pkg/parser/grammar.pb.go:151.45,153.2 1 0
github.com/anz-bank/sysl/pkg/parser/grammar.pb.go:154.31,156.2 1 0
github.com/anz-bank/sysl/pkg/parser/grammar.pb.go:157.37,159.2 1 0
github.com/anz-bank/sysl/pkg/parser/grammar.pb.go:163.33,164.14 1 0
github.com/anz-bank/sysl/pkg/parser/grammar.pb.go:167.2,167.11 1 0
github.com/anz-bank/sysl/pkg/parser/grammar.pb.go:164.14,166.3 1 0
github.com/anz-bank/sysl/pkg/parser/grammar.pb.go:170.34,171.14 1 0
github.com/anz-bank/sysl/pkg/parser/grammar.pb.go:174.2,174.11 1 0
github.com/anz-bank/sysl/pkg/parser/grammar.pb.go:171.14,173.3 1 0
github.com/anz-bank/sysl/pkg/parser/grammar.pb.go:186.32,186.47 1 0
github.com/anz-bank/sysl/pkg/parser/grammar.pb.go:187.32,187.69 1 0
github.com/anz-bank/sysl/pkg/parser/grammar.pb.go:188.33,188.34 0 0
github.com/anz-bank/sysl/pkg/parser/grammar.pb.go:189.43,191.2 1 0
github.com/anz-bank/sysl/pkg/parser/grammar.pb.go:193.46,195.2 1 0
github.com/anz-bank/sysl/pkg/parser/grammar.pb.go:196.74,198.2 1 0
github.com/anz-bank/sysl/pkg/parser/grammar.pb.go:199.45,201.2 1 0
github.com/anz-bank/sysl/pkg/parser/grammar.pb.go:202.31,204.2 1 0
github.com/anz-bank/sysl/pkg/parser/grammar.pb.go:205.37,207.2 1 0
github.com/anz-bank/sysl/pkg/parser/grammar.pb.go:211.36,212.14 1 1
github.com/anz-bank/sysl/pkg/parser/grammar.pb.go:215.2,215.12 1 0
github.com/anz-bank/sysl/pkg/parser/grammar.pb.go:212.14,214.3 1 1
github.com/anz-bank/sysl/pkg/parser/grammar.pb.go:218.37,219.14 1 0
github.com/anz-bank/sysl/pkg/parser/grammar.pb.go:222.2,222.12 1 0
github.com/anz-bank/sysl/pkg/parser/grammar.pb.go:219.14,221.3 1 0
github.com/anz-bank/sysl/pkg/parser/grammar.pb.go:234.36,234.55 1 0
github.com/anz-bank/sysl/pkg/parser/grammar.pb.go:235.36,235.73 1 0
github.com/anz-bank/sysl/pkg/parser/grammar.pb.go:236.37,236.38 0 0
github.com/anz-bank/sysl/pkg/parser/grammar.pb.go:237.47,239.2 1 0
github.com/anz-bank/sysl/pkg/parser/grammar.pb.go:241.50,243.2 1 0
github.com/anz-bank/sysl/pkg/parser/grammar.pb.go:244.78,246.2 1 0
github.com/anz-bank/sysl/pkg/parser/grammar.pb.go:247.49,249.2 1 0
github.com/anz-bank/sysl/pkg/parser/grammar.pb.go:250.35,252.2 1 0
github.com/anz-bank/sysl/pkg/parser/grammar.pb.go:253.41,255.2 1 0
github.com/anz-bank/sysl/pkg/parser/grammar.pb.go:259.37,260.14 1 0
github.com/anz-bank/sysl/pkg/parser/grammar.pb.go:263.2,263.11 1 0
github.com/anz-bank/sysl/pkg/parser/grammar.pb.go:260.14,262.3 1 0
github.com/anz-bank/sysl/pkg/parser/grammar.pb.go:266.38,267.14 1 0
github.com/anz-bank/sysl/pkg/parser/grammar.pb.go:270.2,270.11 1 0
github.com/anz-bank/sysl/pkg/parser/grammar.pb.go:267.14,269.3 1 0
github.com/anz-bank/sysl/pkg/parser/grammar.pb.go:281.34,281.51 1 0
github.com/anz-bank/sysl/pkg/parser/grammar.pb.go:282.34,282.71 1 0
github.com/anz-bank/sysl/pkg/parser/grammar.pb.go:283.35,283.36 0 0
github.com/anz-bank/sysl/pkg/parser/grammar.pb.go:284.45,286.2 1 0
github.com/anz-bank/sysl/pkg/parser/grammar.pb.go:288.48,290.2 1 0
github.com/anz-bank/sysl/pkg/parser/grammar.pb.go:291.76,293.2 1 0
github.com/anz-bank/sysl/pkg/parser/grammar.pb.go:294.47,296.2 1 0
github.com/anz-bank/sysl/pkg/parser/grammar.pb.go:297.33,299.2 1 0
github.com/anz-bank/sysl/pkg/parser/grammar.pb.go:300.39,302.2 1 0
github.com/anz-bank/sysl/pkg/parser/grammar.pb.go:306.44,307.14 1 0
github.com/anz-bank/sysl/pkg/parser/grammar.pb.go:310.2,310.12 1 0
github.com/anz-bank/sysl/pkg/parser/grammar.pb.go:307.14,309.3 1 0
github.com/anz-bank/sysl/pkg/parser/grammar.pb.go:321.36,321.55 1 0
github.com/anz-bank/sysl/pkg/parser/grammar.pb.go:322.36,322.73 1 0
github.com/anz-bank/sysl/pkg/parser/grammar.pb.go:323.37,323.38 0 0
github.com/anz-bank/sysl/pkg/parser/grammar.pb.go:324.47,326.2 1 0
github.com/anz-bank/sysl/pkg/parser/grammar.pb.go:328.50,330.2 1 0
github.com/anz-bank/sysl/pkg/parser/grammar.pb.go:331.78,333.2 1 0
github.com/anz-bank/sysl/pkg/parser/grammar.pb.go:334.49,336.2 1 0
github.com/anz-bank/sysl/pkg/parser/grammar.pb.go:337.35,339.2 1 0
github.com/anz-bank/sysl/pkg/parser/grammar.pb.go:340.41,342.2 1 0
github.com/anz-bank/sysl/pkg/parser/grammar.pb.go:346.38,347.14 1 0
github.com/anz-bank/sysl/pkg/parser/grammar.pb.go:350.2,350.12 1 0
github.com/anz-bank/sysl/pkg/parser/grammar.pb.go:347.14,349.3 1 0
github.com/anz-bank/sysl/pkg/parser/grammar.pb.go:362.32,362.47 1 0
github.com/anz-bank/sysl/pkg/parser/grammar.pb.go:363.32,363.69 1 0
github.com/anz-bank/sysl/pkg/parser/grammar.pb.go:364.33,364.34 0 0
github.com/anz-bank/sysl/pkg/parser/grammar.pb.go:365.43,367.2 1 0
github.com/anz-bank/sysl/pkg/parser/grammar.pb.go:369.46,371.2 1 0
github.com/anz-bank/sysl/pkg/parser/grammar.pb.go:372.74,374.2 1 0
github.com/anz-bank/sysl/pkg/parser/grammar.pb.go:375.45,377.2 1 0
github.com/anz-bank/sysl/pkg/parser/grammar.pb.go:378.31,380.2 1 0
github.com/anz-bank/sysl/pkg/parser/grammar.pb.go:381.37,383.2 1 0
github.com/anz-bank/sysl/pkg/parser/grammar.pb.go:387.32,388.14 1 1
github.com/anz-bank/sysl/pkg/parser/grammar.pb.go:391.2,391.12 1 0
github.com/anz-bank/sysl/pkg/parser/grammar.pb.go:388.14,390.3 1 1
github.com/anz-bank/sysl/pkg/parser/grammar.pb.go:394.44,395.14 1 0
github.com/anz-bank/sysl/pkg/parser/grammar.pb.go:398.2,398.12 1 0
github.com/anz-bank/sysl/pkg/parser/grammar.pb.go:395.14,397.3 1 0
github.com/anz-bank/sysl/pkg/parser/grammar.pb.go:416.32,416.47 1 0
github.com/anz-bank/sysl/pkg/parser/grammar.pb.go:417.32,417.69 1 0
github.com/anz-bank/sysl/pkg/parser/grammar.pb.go:418.33,418.34 0 0
github.com/anz-bank/sysl/pkg/parser/grammar.pb.go:419.43,421.2 1 0
github.com/anz-bank/sysl/pkg/parser/grammar.pb.go:423.46,425.2 1 0
github.com/anz-bank/sysl/pkg/parser/grammar.pb.go:426.74,428.2 1 0
github.com/anz-bank/sysl/pkg/parser/grammar.pb.go:429.45,431.2 1 0
github.com/anz-bank/sysl/pkg/parser/grammar.pb.go:432.31,434.2 1 0
github.com/anz-bank/sysl/pkg/parser/grammar.pb.go:435.37,437.2 1 0
github.com/anz-bank/sysl/pkg/parser/grammar.pb.go:441.30,442.14 1 0
github.com/anz-bank/sysl/pkg/parser/grammar.pb.go:445.2,445.10 1 0
github.com/anz-bank/sysl/pkg/parser/grammar.pb.go:442.14,444.3 1 0
github.com/anz-bank/sysl/pkg/parser/grammar.pb.go:468.38,468.39 0 0
github.com/anz-bank/sysl/pkg/parser/grammar.pb.go:470.37,470.38 0 0
github.com/anz-bank/sysl/pkg/parser/grammar.pb.go:472.39,472.40 0 0
github.com/anz-bank/sysl/pkg/parser/grammar.pb.go:474.38,474.39 0 0
github.com/anz-bank/sysl/pkg/parser/grammar.pb.go:476.40,477.14 1 1
github.com/anz-bank/sysl/pkg/parser/grammar.pb.go:480.2,480.12 1 0
github.com/anz-bank/sysl/pkg/parser/grammar.pb.go:477.14,479.3 1 1
github.com/anz-bank/sysl/pkg/parser/grammar.pb.go:483.36,484.47 1 1
github.com/anz-bank/sysl/pkg/parser/grammar.pb.go:487.2,487.11 1 0
github.com/anz-bank/sysl/pkg/parser/grammar.pb.go:484.47,486.3 1 1
github.com/anz-bank/sysl/pkg/parser/grammar.pb.go:490.35,491.46 1 1
github.com/anz-bank/sysl/pkg/parser/grammar.pb.go:494.2,494.11 1 0
github.com/anz-bank/sysl/pkg/parser/grammar.pb.go:491.46,493.3 1 1
github.com/anz-bank/sysl/pkg/parser/grammar.pb.go:497.40,498.48 1 1
github.com/anz-bank/sysl/pkg/parser/grammar.pb.go:501.2,501.12 1 0
github.com/anz-bank/sysl/pkg/parser/grammar.pb.go:498.48,500.3 1 1
github.com/anz-bank/sysl/pkg/parser/grammar.pb.go:504.37,505.47 1 1
github.com/anz-bank/sysl/pkg/parser/grammar.pb.go:508.2,508.12 1 0
github.com/anz-bank/sysl/pkg/parser/grammar.pb.go:505.47,507.3 1 1
github.com/anz-bank/sysl/pkg/parser/grammar.pb.go:512.48,519.2 1 0
github.com/anz-bank/sysl/pkg/parser/grammar.pb.go:535.38,535.59 1 0
github.com/anz-bank/sysl/pkg/parser/grammar.pb.go:536.38,536.75 1 0
github.com/anz-bank/sysl/pkg/parser/grammar.pb.go:537.39,537.40 0 0
github.com/anz-bank/sysl/pkg/parser/grammar.pb.go:538.49,540.2 1 0
github.com/anz-bank/sysl/pkg/parser/grammar.pb.go:542.52,544.2 1 0
github.com/anz-bank/sysl/pkg/parser/grammar.pb.go:545.80,547.2 1 0
github.com/anz-bank/sysl/pkg/parser/grammar.pb.go:548.51,550.2 1 0
github.com/anz-bank/sysl/pkg/parser/grammar.pb.go:551.37,553.2 1 0
github.com/anz-bank/sysl/pkg/parser/grammar.pb.go:554.43,556.2 1 0
github.com/anz-bank/sysl/pkg/parser/grammar.pb.go:580.51,580.52 0 0
github.com/anz-bank/sysl/pkg/parser/grammar.pb.go:582.51,582.52 0 0
github.com/anz-bank/sysl/pkg/parser/grammar.pb.go:584.50,584.51 0 0
github.com/anz-bank/sysl/pkg/parser/grammar.pb.go:586.52,586.53 0 0
github.com/anz-bank/sysl/pkg/parser/grammar.pb.go:588.52,589.14 1 0
github.com/anz-bank/sysl/pkg/parser/grammar.pb.go:592.2,592.12 1 0
github.com/anz-bank/sysl/pkg/parser/grammar.pb.go:589.14,591.3 1 0
github.com/anz-bank/sysl/pkg/parser/grammar.pb.go:595.49,596.54 1 0
github.com/anz-bank/sysl/pkg/parser/grammar.pb.go:599.2,599.12 1 0
github.com/anz-bank/sysl/pkg/parser/grammar.pb.go:596.54,598.3 1 0
github.com/anz-bank/sysl/pkg/parser/grammar.pb.go:602.49,603.54 1 0
github.com/anz-bank/sysl/pkg/parser/grammar.pb.go:606.2,606.12 1 0
github.com/anz-bank/sysl/pkg/parser/grammar.pb.go:603.54,605.3 1 0
github.com/anz-bank/sysl/pkg/parser/grammar.pb.go:609.48,610.53 1 0
github.com/anz-bank/sysl/pkg/parser/grammar.pb.go:613.2,613.12 1 0
github.com/anz-bank/sysl/pkg/parser/grammar.pb.go:610.53,612.3 1 0
github.com/anz-bank/sysl/pkg/parser/grammar.pb.go:616.43,617.55 1 0
github.com/anz-bank/sysl/pkg/parser/grammar.pb.go:620.2,620.12 1 0
github.com/anz-bank/sysl/pkg/parser/grammar.pb.go:617.55,619.3 1 0
github.com/anz-bank/sysl/pkg/parser/grammar.pb.go:624.54,631.2 1 0
github.com/anz-bank/sysl/pkg/parser/grammar.pb.go:642.13,655.2 12 1
github.com/anz-bank/sysl/pkg/parser/grammar.pb.go:657.13,657.85 1 1
github.com/anz-bank/sysl/pkg/parser/grammarParser.go:33.48,34.36 1 1
github.com/anz-bank/sysl/pkg/parser/grammarParser.go:34.36,35.28 1 1
github.com/anz-bank/sysl/pkg/parser/grammarParser.go:35.28,36.16 1 1
github.com/anz-bank/sysl/pkg/parser/grammarParser.go:39.4,40.31 2 1
github.com/anz-bank/sysl/pkg/parser/grammarParser.go:49.4,49.17 1 1
github.com/anz-bank/sysl/pkg/parser/grammarParser.go:36.16,37.13 1 1
github.com/anz-bank/sysl/pkg/parser/grammarParser.go:41.23,42.35 1 1
github.com/anz-bank/sysl/pkg/parser/grammarParser.go:43.22,45.30 2 1
github.com/anz-bank/sysl/pkg/parser/grammarParser.go:46.23,47.45 1 1
github.com/anz-bank/sysl/pkg/parser/grammarParser.go:49.17,50.39 1 1
github.com/anz-bank/sysl/pkg/parser/grammarParser.go:50.39,54.6 3 1
github.com/anz-bank/sysl/pkg/parser/grammarParser.go:54.11,56.6 1 1
github.com/anz-bank/sysl/pkg/parser/grammarParser.go:63.71,65.25 2 1
github.com/anz-bank/sysl/pkg/parser/grammarParser.go:68.2,69.25 2 1
github.com/anz-bank/sysl/pkg/parser/grammarParser.go:72.2,72.14 1 1
github.com/anz-bank/sysl/pkg/parser/grammarParser.go:65.25,67.3 1 1
github.com/anz-bank/sysl/pkg/parser/grammarParser.go:69.25,71.3 1 1
github.com/anz-bank/sysl/pkg/parser/grammarParser.go:75.29,80.2 1 1
github.com/anz-bank/sysl/pkg/parser/grammarParser.go:82.50,90.2 3 1
github.com/anz-bank/sysl/pkg/parser/grammarParser.go:94.45,95.25 1 1
github.com/anz-bank/sysl/pkg/parser/grammarParser.go:99.2,99.35 1 1
github.com/anz-bank/sysl/pkg/parser/grammarParser.go:108.2,108.13 1 0
github.com/anz-bank/sysl/pkg/parser/grammarParser.go:95.25,97.3 1 1
github.com/anz-bank/sysl/pkg/parser/grammarParser.go:100.28,101.14 1 1
github.com/anz-bank/sysl/pkg/parser/grammarParser.go:102.28,103.26 1 1
github.com/anz-bank/sysl/pkg/parser/grammarParser.go:104.27,105.26 1 1
github.com/anz-bank/sysl/pkg/parser/grammarParser.go:111.91,112.31 1 1
github.com/anz-bank/sysl/pkg/parser/grammarParser.go:115.2,118.27 3 1
github.com/anz-bank/sysl/pkg/parser/grammarParser.go:207.2,207.28 1 1
github.com/anz-bank/sysl/pkg/parser/grammarParser.go:112.31,114.3 1 1
github.com/anz-bank/sysl/pkg/parser/grammarParser.go:119.17,120.34 1 1
github.com/anz-bank/sysl/pkg/parser/grammarParser.go:178.3,179.27 2 1
github.com/anz-bank/sysl/pkg/parser/grammarParser.go:180.13,183.10 3 1
github.com/anz-bank/sysl/pkg/parser/grammarParser.go:191.3,192.27 2 1
github.com/anz-bank/sysl/pkg/parser/grammarParser.go:193.15,195.36 2 1
github.com/anz-bank/sysl/pkg/parser/grammarParser.go:204.3,205.27 2 1
github.com/anz-bank/sysl/pkg/parser/grammarParser.go:120.34,121.16 1 1
github.com/anz-bank/sysl/pkg/parser/grammarParser.go:126.4,132.30 6 1
github.com/anz-bank/sysl/pkg/parser/grammarParser.go:172.4,172.18 1 1
github.com/anz-bank/sysl/pkg/parser/grammarParser.go:121.16,124.13 2 1
github.com/anz-bank/sysl/pkg/parser/grammarParser.go:132.30,135.37 3 1
github.com/anz-bank/sysl/pkg/parser/grammarParser.go:156.5,156.12 1 1
github.com/anz-bank/sysl/pkg/parser/grammarParser.go:136.24,139.34 3 1
github.com/anz-bank/sysl/pkg/parser/grammarParser.go:140.25,144.34 4 1
github.com/anz-bank/sysl/pkg/parser/grammarParser.go:145.13,146.33 1 1
github.com/anz-bank/sysl/pkg/parser/grammarParser.go:146.33,149.7 2 1
github.com/anz-bank/sysl/pkg/parser/grammarParser.go:149.12,154.7 4 1
github.com/anz-bank/sysl/pkg/parser/grammarParser.go:156.12,161.6 4 1
github.com/anz-bank/sysl/pkg/parser/grammarParser.go:161.11,162.31 1 1
github.com/anz-bank/sysl/pkg/parser/grammarParser.go:165.6,165.25 1 1
github.com/anz-bank/sysl/pkg/parser/grammarParser.go:169.6,169.11 1 1
github.com/anz-bank/sysl/pkg/parser/grammarParser.go:162.31,164.7 1 1
github.com/anz-bank/sysl/pkg/parser/grammarParser.go:165.25,168.7 1 1
github.com/anz-bank/sysl/pkg/parser/grammarParser.go:172.18,174.5 1 1
github.com/anz-bank/sysl/pkg/parser/grammarParser.go:174.10,176.5 1 1
github.com/anz-bank/sysl/pkg/parser/grammarParser.go:183.10,190.4 4 1
github.com/anz-bank/sysl/pkg/parser/grammarParser.go:195.36,198.11 3 1
github.com/anz-bank/sysl/pkg/parser/grammarParser.go:198.11,202.5 3 1
github.com/anz-bank/sysl/pkg/parser/grammarParser.go:211.67,215.2 3 1
github.com/anz-bank/sysl/pkg/parser/grammarParser.go:217.61,219.29 2 1
github.com/anz-bank/sysl/pkg/parser/grammarParser.go:230.2,230.17 1 1
github.com/anz-bank/sysl/pkg/parser/grammarParser.go:220.21,221.27 1 0
github.com/anz-bank/sysl/pkg/parser/grammarParser.go:222.22,224.28 2 1
github.com/anz-bank/sysl/pkg/parser/grammarParser.go:225.10,228.16 3 1
github.com/anz-bank/sysl/pkg/parser/grammarParser.go:233.57,234.48 1 1
github.com/anz-bank/sysl/pkg/parser/grammarParser.go:237.2,237.14 1 1
github.com/anz-bank/sysl/pkg/parser/grammarParser.go:234.48,236.3 1 1
github.com/anz-bank/sysl/pkg/parser/grammarParser.go:240.34,241.29 1 1
github.com/anz-bank/sysl/pkg/parser/grammarParser.go:245.2,245.14 1 1
github.com/anz-bank/sysl/pkg/parser/grammarParser.go:242.37,243.14 1 1
github.com/anz-bank/sysl/pkg/parser/grammarParser.go:248.79,252.27 3 1
github.com/anz-bank/sysl/pkg/parser/grammarParser.go:259.2,262.38 2 1
github.com/anz-bank/sysl/pkg/parser/grammarParser.go:270.2,271.14 2 1
github.com/anz-bank/sysl/pkg/parser/grammarParser.go:296.2,297.14 2 1
github.com/anz-bank/sysl/pkg/parser/grammarParser.go:340.2,340.22 1 1
github.com/anz-bank/sysl/pkg/parser/grammarParser.go:252.27,255.3 2 1
github.com/anz-bank/sysl/pkg/parser/grammarParser.go:262.38,263.45 1 1
github.com/anz-bank/sysl/pkg/parser/grammarParser.go:263.45,264.26 1 1
github.com/anz-bank/sysl/pkg/parser/grammarParser.go:264.26,266.5 1 1
github.com/anz-bank/sysl/pkg/parser/grammarParser.go:271.14,273.39 2 1
github.com/anz-bank/sysl/pkg/parser/grammarParser.go:273.39,274.46 1 1
github.com/anz-bank/sysl/pkg/parser/grammarParser.go:274.46,276.32 2 1
github.com/anz-bank/sysl/pkg/parser/grammarParser.go:276.32,277.18 1 1
github.com/anz-bank/sysl/pkg/parser/grammarParser.go:280.6,280.31 1 1
github.com/anz-bank/sysl/pkg/parser/grammarParser.go:289.6,289.37 1 1
github.com/anz-bank/sysl/pkg/parser/grammarParser.go:277.18,278.15 1 1
github.com/anz-bank/sysl/pkg/parser/grammarParser.go:280.31,282.12 2 1
github.com/anz-bank/sysl/pkg/parser/grammarParser.go:283.12,288.7 4 1
github.com/anz-bank/sysl/pkg/parser/grammarParser.go:289.37,291.7 1 1
github.com/anz-bank/sysl/pkg/parser/grammarParser.go:297.14,299.39 2 1
github.com/anz-bank/sysl/pkg/parser/grammarParser.go:299.39,300.46 1 1
github.com/anz-bank/sysl/pkg/parser/grammarParser.go:300.46,302.29 2 1
github.com/anz-bank/sysl/pkg/parser/grammarParser.go:302.29,304.18 1 1
github.com/anz-bank/sysl/pkg/parser/grammarParser.go:304.18,311.27 4 1
github.com/anz-bank/sysl/pkg/parser/grammarParser.go:322.7,322.27 1 1
github.com/anz-bank/sysl/pkg/parser/grammarParser.go:311.27,312.31 1 1
github.com/anz-bank/sysl/pkg/parser/grammarParser.go:312.31,315.9 2 1
github.com/anz-bank/sysl/pkg/parser/grammarParser.go:322.27,326.8 3 1
github.com/anz-bank/sysl/pkg/parser/grammarParser.go:327.12,327.26 1 1
github.com/anz-bank/sysl/pkg/parser/grammarParser.go:327.26,331.39 2 1
github.com/anz-bank/sysl/pkg/parser/grammarParser.go:331.39,334.8 2 1
github.com/anz-bank/sysl/pkg/parser/lexer.go:21.55,24.29 2 1
github.com/anz-bank/sysl/pkg/parser/lexer.go:29.2,35.3 1 1
github.com/anz-bank/sysl/pkg/parser/lexer.go:24.29,27.3 2 1
github.com/anz-bank/sysl/pkg/parser/lexer.go:38.35,41.37 3 1
github.com/anz-bank/sysl/pkg/parser/lexer.go:65.2,65.46 1 1
github.com/anz-bank/sysl/pkg/parser/lexer.go:41.37,44.19 3 1
github.com/anz-bank/sysl/pkg/parser/lexer.go:44.19,49.31 4 1
github.com/anz-bank/sysl/pkg/parser/lexer.go:60.4,60.31 1 1
github.com/anz-bank/sysl/pkg/parser/lexer.go:49.31,51.19 2 1
github.com/anz-bank/sysl/pkg/parser/lexer.go:51.19,53.54 2 1
github.com/anz-bank/sysl/pkg/parser/lexer.go:53.54,57.7 3 1
github.com/anz-bank/sysl/pkg/parser/lexer.go:60.31,62.5 1 1
github.com/anz-bank/sysl/pkg/parser/nestedGrammar.go:5.39,7.2 1 1
github.com/anz-bank/sysl/pkg/parser/nestedGrammar.go:9.29,12.2 2 1
github.com/anz-bank/sysl/pkg/parser/nestedGrammar.go:14.41,17.2 2 1
github.com/anz-bank/sysl/pkg/parser/nestedGrammar.go:25.79,32.29 2 1
github.com/anz-bank/sysl/pkg/parser/nestedGrammar.go:36.2,36.16 1 1
github.com/anz-bank/sysl/pkg/parser/nestedGrammar.go:32.29,35.3 2 1
github.com/anz-bank/sysl/pkg/parser/nestedGrammar.go:39.42,41.2 1 1
github.com/anz-bank/sysl/pkg/parser/nestedGrammar.go:43.49,46.2 2 1
github.com/anz-bank/sysl/pkg/parser/nestedGrammar.go:48.37,50.2 1 1
github.com/anz-bank/sysl/pkg/parser/sampleGrammars.go:3.43,5.2 1 1
github.com/anz-bank/sysl/pkg/parser/sampleGrammars.go:7.43,9.2 1 1
github.com/anz-bank/sysl/pkg/parser/sampleGrammars.go:11.42,13.2 1 1
github.com/anz-bank/sysl/pkg/parser/sampleGrammars.go:15.39,17.2 1 1
github.com/anz-bank/sysl/pkg/parser/sampleGrammars.go:19.39,21.2 1 1
github.com/anz-bank/sysl/pkg/parser/sampleGrammars.go:23.45,26.2 2 1
github.com/anz-bank/sysl/pkg/parser/sampleGrammars.go:28.47,32.2 3 1
github.com/anz-bank/sysl/pkg/parser/sampleGrammars.go:36.30,68.2 7 1
github.com/anz-bank/sysl/pkg/parser/sampleGrammars.go:78.26,199.2 24 1
github.com/anz-bank/sysl/pkg/parser/sampleGrammars.go:206.26,272.2 13 1
github.com/anz-bank/sysl/pkg/parser/sampleGrammars.go:278.53,311.2 8 1
github.com/anz-bank/sysl/pkg/parser/sampleGrammars.go:336.48,431.2 16 1
github.com/anz-bank/sysl/pkg/parser/sampleGrammars.go:433.24,481.2 8 1
github.com/anz-bank/sysl/pkg/parser/sampleGrammars.go:483.35,503.2 4 1
github.com/anz-bank/sysl/pkg/parser/util.go:5.36,9.2 3 1
github.com/anz-bank/sysl/pkg/parser/util.go:11.36,14.2 2 1
github.com/anz-bank/sysl/pkg/parser/util.go:16.44,18.24 2 1
github.com/anz-bank/sysl/pkg/parser/util.go:21.2,21.21 1 1
github.com/anz-bank/sysl/pkg/parser/util.go:18.24,20.3 1 1
github.com/anz-bank/sysl/pkg/parser/util.go:24.34,26.20 2 1
github.com/anz-bank/sysl/pkg/parser/util.go:29.2,29.12 1 1
github.com/anz-bank/sysl/pkg/parser/util.go:26.20,28.3 1 1
github.com/anz-bank/sysl/pkg/parser/util.go:32.34,34.2 1 1
github.com/anz-bank/sysl/unsorted/codegen/golang/ast_bootstrap.go:412.29,412.30 0 0
github.com/anz-bank/sysl/unsorted/codegen/golang/ast_bootstrap.go:415.27,415.28 0 0
github.com/anz-bank/sysl/unsorted/codegen/golang/ast_bootstrap.go:418.30,418.31 0 0
github.com/anz-bank/sysl/unsorted/codegen/golang/ast_bootstrap.go:421.30,421.31 0 0
github.com/anz-bank/sysl/unsorted/codegen/golang/ast_bootstrap.go:424.29,424.30 0 0
github.com/anz-bank/sysl/unsorted/codegen/golang/ast_bootstrap.go:427.34,427.35 0 0
github.com/anz-bank/sysl/unsorted/codegen/golang/ast_bootstrap.go:430.31,430.32 0 0
github.com/anz-bank/sysl/unsorted/codegen/golang/ast_bootstrap.go:433.34,433.35 0 0
github.com/anz-bank/sysl/unsorted/codegen/golang/ast_bootstrap.go:436.31,436.32 0 0
github.com/anz-bank/sysl/unsorted/codegen/golang/ast_bootstrap.go:439.31,439.32 0 0
github.com/anz-bank/sysl/unsorted/codegen/golang/ast_bootstrap.go:442.36,442.37 0 0
github.com/anz-bank/sysl/unsorted/codegen/golang/ast_bootstrap.go:445.30,445.31 0 0
github.com/anz-bank/sysl/unsorted/codegen/golang/ast_bootstrap.go:448.30,448.31 0 0
github.com/anz-bank/sysl/unsorted/codegen/golang/ast_bootstrap.go:451.31,451.32 0 0
github.com/anz-bank/sysl/unsorted/codegen/golang/ast_bootstrap.go:454.32,454.33 0 0
github.com/anz-bank/sysl/unsorted/codegen/golang/ast_bootstrap.go:457.34,457.35 0 0
github.com/anz-bank/sysl/unsorted/codegen/golang/ast_bootstrap.go:460.31,460.32 0 0
github.com/anz-bank/sysl/unsorted/codegen/golang/ast_bootstrap.go:463.32,463.33 0 0
github.com/anz-bank/sysl/unsorted/codegen/golang/ast_bootstrap.go:466.30,466.31 0 0
github.com/anz-bank/sysl/unsorted/codegen/golang/ast_bootstrap.go:469.35,469.36 0 0
github.com/anz-bank/sysl/unsorted/codegen/golang/ast_bootstrap.go:472.29,472.30 0 0
github.com/anz-bank/sysl/unsorted/codegen/golang/ast_bootstrap.go:475.30,475.31 0 0
github.com/anz-bank/sysl/unsorted/codegen/golang/ast_bootstrap.go:484.32,484.33 0 0
github.com/anz-bank/sysl/unsorted/codegen/golang/ast_bootstrap.go:487.29,487.30 0 0
github.com/anz-bank/sysl/unsorted/codegen/golang/ast_bootstrap.go:490.31,490.32 0 0
github.com/anz-bank/sysl/unsorted/codegen/golang/ast_bootstrap.go:493.32,493.33 0 0
github.com/anz-bank/sysl/unsorted/codegen/golang/ast_bootstrap.go:496.32,496.33 0 0
github.com/anz-bank/sysl/unsorted/codegen/golang/ast_bootstrap.go:499.32,499.33 0 0
github.com/anz-bank/sysl/unsorted/codegen/golang/ast_bootstrap.go:502.30,502.31 0 0
github.com/anz-bank/sysl/unsorted/codegen/golang/ast_bootstrap.go:505.31,505.32 0 0
github.com/anz-bank/sysl/unsorted/codegen/golang/ast_bootstrap.go:508.31,508.32 0 0
github.com/anz-bank/sysl/unsorted/codegen/golang/ast_bootstrap.go:511.30,511.31 0 0
github.com/anz-bank/sysl/unsorted/codegen/golang/ast_bootstrap.go:514.29,514.30 0 0
github.com/anz-bank/sysl/unsorted/codegen/golang/ast_bootstrap.go:517.28,517.29 0 0
github.com/anz-bank/sysl/unsorted/codegen/golang/ast_bootstrap.go:520.28,520.29 0 0
github.com/anz-bank/sysl/unsorted/codegen/golang/ast_bootstrap.go:523.32,523.33 0 0
github.com/anz-bank/sysl/unsorted/codegen/golang/ast_bootstrap.go:526.33,526.34 0 0
github.com/anz-bank/sysl/unsorted/codegen/golang/ast_bootstrap.go:529.31,529.32 0 0
github.com/anz-bank/sysl/unsorted/codegen/golang/ast_bootstrap.go:532.32,532.33 0 0
github.com/anz-bank/sysl/unsorted/codegen/golang/ast_bootstrap.go:535.32,535.33 0 0
github.com/anz-bank/sysl/unsorted/codegen/golang/ast_bootstrap.go:538.30,538.31 0 0
github.com/anz-bank/sysl/unsorted/codegen/golang/ast_bootstrap.go:541.32,541.33 0 0
github.com/anz-bank/sysl/unsorted/codegen/golang/ast_bootstrap.go:544.36,544.37 0 0
github.com/anz-bank/sysl/unsorted/codegen/golang/ast_bootstrap.go:553.29,553.30 0 0
github.com/anz-bank/sysl/unsorted/codegen/golang/ast_bootstrap.go:556.30,556.31 0 0
github.com/anz-bank/sysl/unsorted/codegen/golang/ast_bootstrap.go:559.29,559.30 0 0
github.com/anz-bank/sysl/unsorted/codegen/golang/ast_bootstrap.go:568.32,568.33 0 0
github.com/anz-bank/sysl/unsorted/codegen/golang/ast_bootstrap.go:571.30,571.31 0 0
github.com/anz-bank/sysl/unsorted/codegen/golang/ast_bootstrap.go:574.31,574.32 0 0
github.com/anz-bank/sysl/unsorted/codegen/golang/ast_helpers.go:11.41,13.2 1 1
github.com/anz-bank/sysl/unsorted/codegen/golang/ast_helpers.go:16.41,18.2 1 1
github.com/anz-bank/sysl/unsorted/codegen/golang/ast_helpers.go:21.40,23.2 1 1
github.com/anz-bank/sysl/unsorted/codegen/golang/ast_helpers.go:26.41,28.2 1 1
github.com/anz-bank/sysl/unsorted/codegen/golang/ast_helpers.go:31.50,32.19 1 1
github.com/anz-bank/sysl/unsorted/codegen/golang/ast_helpers.go:35.2,35.54 1 1
github.com/anz-bank/sysl/unsorted/codegen/golang/ast_helpers.go:32.19,33.23 1 0
github.com/anz-bank/sysl/unsorted/codegen/golang/ast_helpers.go:39.52,41.2 1 1
github.com/anz-bank/sysl/unsorted/codegen/golang/ast_helpers.go:44.37,46.2 1 1
github.com/anz-bank/sysl/unsorted/codegen/golang/ast_helpers.go:49.26,51.2 1 1
github.com/anz-bank/sysl/unsorted/codegen/golang/ast_helpers.go:54.40,56.2 1 1
github.com/anz-bank/sysl/unsorted/codegen/golang/ast_helpers.go:59.45,61.2 1 1
github.com/anz-bank/sysl/unsorted/codegen/golang/ast_helpers.go:64.51,66.2 1 1
github.com/anz-bank/sysl/unsorted/codegen/golang/ast_helpers.go:69.51,71.2 1 1
github.com/anz-bank/sysl/unsorted/codegen/golang/ast_helpers.go:74.42,76.30 2 1
github.com/anz-bank/sysl/unsorted/codegen/golang/ast_helpers.go:80.2,80.49 1 1
github.com/anz-bank/sysl/unsorted/codegen/golang/ast_helpers.go:76.30,79.3 2 1
github.com/anz-bank/sysl/unsorted/codegen/golang/ast_helpers.go:84.29,86.2 1 1
github.com/anz-bank/sysl/unsorted/codegen/golang/ast_helpers.go:89.43,91.2 1 1
github.com/anz-bank/sysl/unsorted/codegen/golang/ast_helpers.go:94.52,96.2 1 1
github.com/anz-bank/sysl/unsorted/codegen/golang/ast_helpers.go:100.51,101.14 1 1
github.com/anz-bank/sysl/unsorted/codegen/golang/ast_helpers.go:104.2,106.68 3 1
github.com/anz-bank/sysl/unsorted/codegen/golang/ast_helpers.go:109.2,109.19 1 1
github.com/anz-bank/sysl/unsorted/codegen/golang/ast_helpers.go:101.14,103.3 1 0
github.com/anz-bank/sysl/unsorted/codegen/golang/ast_helpers.go:106.68,108.3 1 1
github.com/anz-bank/sysl/unsorted/codegen/golang/ast_helpers.go:113.45,115.2 1 1
github.com/anz-bank/sysl/unsorted/codegen/golang/ast_helpers.go:118.45,120.2 1 1
github.com/anz-bank/sysl/unsorted/codegen/golang/ast_helpers.go:123.47,125.2 1 1
github.com/anz-bank/sysl/unsorted/codegen/golang/ast_helpers.go:128.53,130.2 1 0
github.com/anz-bank/sysl/unsorted/codegen/golang/ast_helpers.go:133.30,135.2 1 1
github.com/anz-bank/sysl/unsorted/codegen/golang/ast_helpers.go:138.43,140.2 1 1
github.com/anz-bank/sysl/unsorted/codegen/golang/ast_helpers.go:143.32,145.2 1 1
github.com/anz-bank/sysl/unsorted/codegen/golang/ast_helpers.go:148.33,150.2 1 1
github.com/anz-bank/sysl/unsorted/codegen/golang/ast_helpers.go:153.73,158.2 1 1
github.com/anz-bank/sysl/unsorted/codegen/golang/ast_helpers.go:161.37,163.2 1 1
github.com/anz-bank/sysl/unsorted/codegen/golang/ast_helpers.go:166.26,167.27 1 1
github.com/anz-bank/sysl/unsorted/codegen/golang/ast_helpers.go:170.2,170.32 1 1
github.com/anz-bank/sysl/unsorted/codegen/golang/ast_helpers.go:167.27,168.51 1 0
github.com/anz-bank/sysl/unsorted/codegen/golang/ast_helpers.go:174.36,176.25 2 1
github.com/anz-bank/sysl/unsorted/codegen/golang/ast_helpers.go:179.2,179.15 1 1
github.com/anz-bank/sysl/unsorted/codegen/golang/ast_helpers.go:176.25,178.3 1 1
github.com/anz-bank/sysl/unsorted/codegen/golang/ast_helpers.go:183.54,185.2 1 1
github.com/anz-bank/sysl/unsorted/codegen/golang/ast_helpers.go:188.74,190.22 2 1
github.com/anz-bank/sysl/unsorted/codegen/golang/ast_helpers.go:193.2,194.13 2 1
github.com/anz-bank/sysl/unsorted/codegen/golang/ast_helpers.go:190.22,191.42 1 0
github.com/anz-bank/sysl/unsorted/codegen/golang/ast_helpers.go:198.50,200.22 2 1
github.com/anz-bank/sysl/unsorted/codegen/golang/ast_helpers.go:203.2,204.13 2 1
github.com/anz-bank/sysl/unsorted/codegen/golang/ast_helpers.go:200.22,201.42 1 0
github.com/anz-bank/sysl/unsorted/codegen/golang/ast_helpers.go:208.45,210.31 2 1
github.com/anz-bank/sysl/unsorted/codegen/golang/ast_helpers.go:214.2,214.50 1 1
github.com/anz-bank/sysl/unsorted/codegen/golang/ast_helpers.go:210.31,213.3 2 1
github.com/anz-bank/sysl/unsorted/codegen/golang/ast_helpers.go:218.30,220.2 1 1
github.com/anz-bank/sysl/unsorted/codegen/golang/ast_helpers.go:223.34,225.2 1 1
github.com/anz-bank/sysl/unsorted/codegen/golang/ast_helpers.go:228.53,230.31 2 1
github.com/anz-bank/sysl/unsorted/codegen/golang/ast_helpers.go:233.2,233.55 1 1
github.com/anz-bank/sysl/unsorted/codegen/golang/ast_helpers.go:230.31,232.3 1 1
github.com/anz-bank/sysl/unsorted/codegen/golang/ast_helpers.go:237.27,239.2 1 1
github.com/anz-bank/sysl/unsorted/codegen/golang/ast_helpers.go:242.40,244.2 1 1
github.com/anz-bank/sysl/unsorted/codegen/golang/ast_helpers.go:247.36,249.2 1 1
github.com/anz-bank/sysl/unsorted/codegen/golang/ast_helpers.go:252.19,254.2 1 1
github.com/anz-bank/sysl/unsorted/codegen/golang/ast_helpers.go:257.46,263.2 1 1
github.com/anz-bank/sysl/unsorted/codegen/golang/ast_helpers.go:266.74,268.2 1 1
github.com/anz-bank/sysl/unsorted/codegen/golang/ast_helpers.go:271.31,273.2 1 1
github.com/anz-bank/sysl/unsorted/codegen/golang/ast_helpers.go:276.69,278.2 1 1
github.com/anz-bank/sysl/unsorted/codegen/golang/ast_helpers.go:281.69,283.2 1 1
github.com/anz-bank/sysl/unsorted/codegen/golang/ast_helpers.go:286.42,288.2 1 1
github.com/anz-bank/sysl/unsorted/codegen/golang/ast_helpers.go:291.39,293.2 1 1
github.com/anz-bank/sysl/unsorted/codegen/golang/ast_helpers.go:296.37,298.2 1 1
github.com/anz-bank/sysl/unsorted/codegen/golang/ast_helpers.go:301.58,303.2 1 1
github.com/anz-bank/sysl/unsorted/codegen/golang/ast_helpers.go:306.37,308.2 1 1
github.com/anz-bank/sysl/unsorted/codegen/golang/ast_helpers.go:311.45,312.19 1 1
github.com/anz-bank/sysl/unsorted/codegen/golang/ast_helpers.go:315.2,316.68 2 1
github.com/anz-bank/sysl/unsorted/codegen/golang/ast_helpers.go:312.19,313.31 1 1
github.com/anz-bank/sysl/unsorted/codegen/golang/ast_helpers.go:320.29,322.2 1 1
github.com/anz-bank/sysl/unsorted/codegen/golang/ast_helpers.go:325.33,327.2 1 1
github.com/anz-bank/sysl/unsorted/codegen/golang/ast_helpers.go:330.42,332.2 1 1
github.com/anz-bank/sysl/unsorted/codegen/golang/ast_helpers.go:335.50,337.2 1 0
github.com/anz-bank/sysl/unsorted/codegen/golang/ast_helpers.go:340.28,342.2 1 1
github.com/anz-bank/sysl/unsorted/codegen/golang/ast_helpers.go:345.40,347.29 2 1
github.com/anz-bank/sysl/unsorted/codegen/golang/ast_helpers.go:351.2,351.48 1 1
github.com/anz-bank/sysl/unsorted/codegen/golang/ast_helpers.go:347.29,350.3 2 1
github.com/anz-bank/sysl/unsorted/codegen/golang/ast_helpers.go:355.76,357.13 2 1
github.com/anz-bank/sysl/unsorted/codegen/golang/ast_helpers.go:362.2,362.75 1 1
github.com/anz-bank/sysl/unsorted/codegen/golang/ast_helpers.go:357.13,359.3 1 1
github.com/anz-bank/sysl/unsorted/codegen/golang/ast_helpers.go:359.8,361.3 1 1
github.com/anz-bank/sysl/unsorted/codegen/golang/ast_helpers.go:366.42,368.2 1 1
github.com/anz-bank/sysl/unsorted/codegen/golang/ast_helpers.go:371.40,373.30 2 1
github.com/anz-bank/sysl/unsorted/codegen/golang/ast_helpers.go:377.2,377.47 1 1
github.com/anz-bank/sysl/unsorted/codegen/golang/ast_helpers.go:373.30,376.3 2 1
github.com/anz-bank/sysl/unsorted/codegen/golang/ast_to_source.go:15.51,17.2 1 1
github.com/anz-bank/sysl/unsorted/codegen/golang/ast_to_source.go:20.40,24.16 4 0
github.com/anz-bank/sysl/unsorted/codegen/golang/ast_to_source.go:27.2,27.18 1 0
github.com/anz-bank/sysl/unsorted/codegen/golang/ast_to_source.go:24.16,25.13 1 0
github.com/anz-bank/sysl/unsorted/codegen/golang/ast_to_source.go:31.48,35.27 4 1
github.com/anz-bank/sysl/unsorted/codegen/golang/ast_to_source.go:47.2,47.19 1 1
github.com/anz-bank/sysl/unsorted/codegen/golang/ast_to_source.go:35.27,36.14 1 1
github.com/anz-bank/sysl/unsorted/codegen/golang/ast_to_source.go:45.3,45.17 1 1
github.com/anz-bank/sysl/unsorted/codegen/golang/ast_to_source.go:36.14,38.16 2 1
github.com/anz-bank/sysl/unsorted/codegen/golang/ast_to_source.go:38.16,40.13 2 1
github.com/anz-bank/sysl/unsorted/codegen/golang/ast_to_source.go:42.9,44.4 1 1
github.com/anz-bank/sysl/unsorted/codegen/golang/ast_to_source.go:50.74,52.27 2 1
github.com/anz-bank/sysl/unsorted/codegen/golang/ast_to_source.go:55.2,55.50 1 1
github.com/anz-bank/sysl/unsorted/codegen/golang/ast_to_source.go:52.27,54.3 1 1
github.com/anz-bank/sysl/unsorted/codegen/golang/ast_to_source.go:58.68,62.2 3 1
github.com/anz-bank/sysl/unsorted/codegen/golang/ast_to_source.go:64.48,65.11 1 1
github.com/anz-bank/sysl/unsorted/codegen/golang/ast_to_source.go:65.11,66.49 1 1
github.com/anz-bank/sysl/unsorted/codegen/golang/ast_to_source.go:66.49,67.14 1 0
github.com/anz-bank/sysl/unsorted/codegen/golang/ast_to_source.go:72.61,74.14 2 1
github.com/anz-bank/sysl/unsorted/codegen/golang/ast_to_source.go:74.14,76.3 1 1
github.com/anz-bank/sysl/unsorted/codegen/golang/ast_to_source.go:79.44,80.14 1 1
github.com/anz-bank/sysl/unsorted/codegen/golang/ast_to_source.go:83.2,83.25 1 1
github.com/anz-bank/sysl/unsorted/codegen/golang/ast_to_source.go:80.14,82.3 1 1
github.com/anz-bank/sysl/unsorted/codegen/golang/ast_to_source.go:87.45,88.14 1 1
github.com/anz-bank/sysl/unsorted/codegen/golang/ast_to_source.go:91.2,91.44 1 1
github.com/anz-bank/sysl/unsorted/codegen/golang/ast_to_source.go:88.14,90.3 1 1
github.com/anz-bank/sysl/unsorted/codegen/golang/ast_to_source.go:95.49,96.14 1 1
github.com/anz-bank/sysl/unsorted/codegen/golang/ast_to_source.go:99.2,99.50 1 1
github.com/anz-bank/sysl/unsorted/codegen/golang/ast_to_source.go:96.14,98.3 1 1
github.com/anz-bank/sysl/unsorted/codegen/golang/ast_to_source.go:103.50,104.14 1 1
github.com/anz-bank/sysl/unsorted/codegen/golang/ast_to_source.go:107.2,107.29 1 1
github.com/anz-bank/sysl/unsorted/codegen/golang/ast_to_source.go:110.2,111.29 2 1
github.com/anz-bank/sysl/unsorted/codegen/golang/ast_to_source.go:104.14,106.3 1 1
github.com/anz-bank/sysl/unsorted/codegen/golang/ast_to_source.go:107.29,109.3 1 1
github.com/anz-bank/sysl/unsorted/codegen/golang/ast_to_source.go:111.29,113.3 1 1
github.com/anz-bank/sysl/unsorted/codegen/golang/ast_to_source.go:117.47,118.14 1 1
github.com/anz-bank/sysl/unsorted/codegen/golang/ast_to_source.go:121.2,121.41 1 1
github.com/anz-bank/sysl/unsorted/codegen/golang/ast_to_source.go:118.14,120.3 1 1
github.com/anz-bank/sysl/unsorted/codegen/golang/ast_to_source.go:125.47,126.14 1 1
github.com/anz-bank/sysl/unsorted/codegen/golang/ast_to_source.go:129.2,129.41 1 1
github.com/anz-bank/sysl/unsorted/codegen/golang/ast_to_source.go:126.14,128.3 1 1
github.com/anz-bank/sysl/unsorted/codegen/golang/ast_to_source.go:133.47,134.14 1 1
github.com/anz-bank/sysl/unsorted/codegen/golang/ast_to_source.go:137.2,137.41 1 1
github.com/anz-bank/sysl/unsorted/codegen/golang/ast_to_source.go:134.14,136.3 1 1
github.com/anz-bank/sysl/unsorted/codegen/golang/ast_to_source.go:141.48,142.14 1 1
github.com/anz-bank/sysl/unsorted/codegen/golang/ast_to_source.go:145.2,145.22 1 1
github.com/anz-bank/sysl/unsorted/codegen/golang/ast_to_source.go:142.14,144.3 1 1
github.com/anz-bank/sysl/unsorted/codegen/golang/ast_to_source.go:149.50,150.14 1 1
github.com/anz-bank/sysl/unsorted/codegen/golang/ast_to_source.go:153.2,153.47 1 1
github.com/anz-bank/sysl/unsorted/codegen/golang/ast_to_source.go:150.14,152.3 1 1
github.com/anz-bank/sysl/unsorted/codegen/golang/ast_to_source.go:157.49,158.14 1 1
github.com/anz-bank/sysl/unsorted/codegen/golang/ast_to_source.go:161.2,162.30 2 1
github.com/anz-bank/sysl/unsorted/codegen/golang/ast_to_source.go:165.2,165.20 1 1
github.com/anz-bank/sysl/unsorted/codegen/golang/ast_to_source.go:158.14,160.3 1 1
github.com/anz-bank/sysl/unsorted/codegen/golang/ast_to_source.go:162.30,164.3 1 1
github.com/anz-bank/sysl/unsorted/codegen/golang/ast_to_source.go:169.50,170.14 1 1
github.com/anz-bank/sysl/unsorted/codegen/golang/ast_to_source.go:173.2,173.42 1 1
github.com/anz-bank/sysl/unsorted/codegen/golang/ast_to_source.go:170.14,172.3 1 1
github.com/anz-bank/sysl/unsorted/codegen/golang/ast_to_source.go:177.48,178.14 1 1
github.com/anz-bank/sysl/unsorted/codegen/golang/ast_to_source.go:181.2,182.30 2 1
github.com/anz-bank/sysl/unsorted/codegen/golang/ast_to_source.go:185.2,185.36 1 1
github.com/anz-bank/sysl/unsorted/codegen/golang/ast_to_source.go:178.14,180.3 1 1
github.com/anz-bank/sysl/unsorted/codegen/golang/ast_to_source.go:182.30,184.3 1 1
github.com/anz-bank/sysl/unsorted/codegen/golang/ast_to_source.go:189.50,190.14 1 1
github.com/anz-bank/sysl/unsorted/codegen/golang/ast_to_source.go:193.2,193.22 1 1
github.com/anz-bank/sysl/unsorted/codegen/golang/ast_to_source.go:202.2,202.30 1 1
github.com/anz-bank/sysl/unsorted/codegen/golang/ast_to_source.go:190.14,192.3 1 1
github.com/anz-bank/sysl/unsorted/codegen/golang/ast_to_source.go:193.22,195.3 1 1
github.com/anz-bank/sysl/unsorted/codegen/golang/ast_to_source.go:195.8,197.31 2 1
github.com/anz-bank/sysl/unsorted/codegen/golang/ast_to_source.go:200.3,200.21 1 1
github.com/anz-bank/sysl/unsorted/codegen/golang/ast_to_source.go:197.31,199.4 1 1
github.com/anz-bank/sysl/unsorted/codegen/golang/ast_to_source.go:202.30,204.3 1 1
github.com/anz-bank/sysl/unsorted/codegen/golang/ast_to_source.go:208.48,209.14 1 1
github.com/anz-bank/sysl/unsorted/codegen/golang/ast_to_source.go:212.2,212.15 1 1
github.com/anz-bank/sysl/unsorted/codegen/golang/ast_to_source.go:209.14,211.3 1 1
github.com/anz-bank/sysl/unsorted/codegen/golang/ast_to_source.go:213.10,214.37 1 1
github.com/anz-bank/sysl/unsorted/codegen/golang/ast_to_source.go:215.14,216.39 1 1
github.com/anz-bank/sysl/unsorted/codegen/golang/ast_to_source.go:217.14,218.39 1 1
github.com/anz-bank/sysl/unsorted/codegen/golang/ast_to_source.go:219.10,220.56 1 1
github.com/anz-bank/sysl/unsorted/codegen/golang/ast_to_source.go:225.50,226.14 1 1
github.com/anz-bank/sysl/unsorted/codegen/golang/ast_to_source.go:229.2,229.19 1 1
github.com/anz-bank/sysl/unsorted/codegen/golang/ast_to_source.go:234.2,234.30 1 1
github.com/anz-bank/sysl/unsorted/codegen/golang/ast_to_source.go:226.14,228.3 1 1
github.com/anz-bank/sysl/unsorted/codegen/golang/ast_to_source.go:229.19,231.3 1 1
github.com/anz-bank/sysl/unsorted/codegen/golang/ast_to_source.go:231.8,233.3 1 1
github.com/anz-bank/sysl/unsorted/codegen/golang/ast_to_source.go:234.30,236.3 1 1
github.com/anz-bank/sysl/unsorted/codegen/golang/ast_to_source.go:240.47,241.14 1 1
github.com/anz-bank/sysl/unsorted/codegen/golang/ast_to_source.go:244.2,244.34 1 1
github.com/anz-bank/sysl/unsorted/codegen/golang/ast_to_source.go:241.14,243.3 1 1
github.com/anz-bank/sysl/unsorted/codegen/golang/ast_to_source.go:248.52,249.14 1 1
github.com/anz-bank/sysl/unsorted/codegen/golang/ast_to_source.go:252.2,252.33 1 1
github.com/anz-bank/sysl/unsorted/codegen/golang/ast_to_source.go:249.14,251.3 1 1
github.com/anz-bank/sysl/unsorted/codegen/golang/ast_to_source.go:252.33,255.3 2 1
github.com/anz-bank/sysl/unsorted/codegen/golang/ast_to_source.go:259.52,260.14 1 1
github.com/anz-bank/sysl/unsorted/codegen/golang/ast_to_source.go:263.2,264.30 2 1
github.com/anz-bank/sysl/unsorted/codegen/golang/ast_to_source.go:267.2,267.20 1 1
github.com/anz-bank/sysl/unsorted/codegen/golang/ast_to_source.go:260.14,262.3 1 1
github.com/anz-bank/sysl/unsorted/codegen/golang/ast_to_source.go:264.30,266.3 1 1
github.com/anz-bank/sysl/unsorted/codegen/golang/ast_to_source.go:271.48,272.14 1 1
github.com/anz-bank/sysl/unsorted/codegen/golang/ast_to_source.go:275.2,275.21 1 1
github.com/anz-bank/sysl/unsorted/codegen/golang/ast_to_source.go:272.14,274.3 1 1
github.com/anz-bank/sysl/unsorted/codegen/golang/ast_to_source.go:279.49,280.14 1 1
github.com/anz-bank/sysl/unsorted/codegen/golang/ast_to_source.go:283.2,283.37 1 1
github.com/anz-bank/sysl/unsorted/codegen/golang/ast_to_source.go:280.14,282.3 1 1
github.com/anz-bank/sysl/unsorted/codegen/golang/ast_to_source.go:287.48,288.14 1 1
github.com/anz-bank/sysl/unsorted/codegen/golang/ast_to_source.go:291.2,291.42 1 1
github.com/anz-bank/sysl/unsorted/codegen/golang/ast_to_source.go:288.14,290.3 1 1
github.com/anz-bank/sysl/unsorted/codegen/golang/ast_to_source.go:295.49,296.14 1 1
github.com/anz-bank/sysl/unsorted/codegen/golang/ast_to_source.go:299.2,299.20 1 1
github.com/anz-bank/sysl/unsorted/codegen/golang/ast_to_source.go:296.14,298.3 1 1
github.com/anz-bank/sysl/unsorted/codegen/golang/ast_to_source.go:303.48,304.14 1 1
github.com/anz-bank/sysl/unsorted/codegen/golang/ast_to_source.go:307.2,307.18 1 1
github.com/anz-bank/sysl/unsorted/codegen/golang/ast_to_source.go:304.14,306.3 1 1
github.com/anz-bank/sysl/unsorted/codegen/golang/ast_to_source.go:311.45,312.14 1 1
github.com/anz-bank/sysl/unsorted/codegen/golang/ast_to_source.go:315.2,316.31 2 1
github.com/anz-bank/sysl/unsorted/codegen/golang/ast_to_source.go:320.2,320.41 1 1
github.com/anz-bank/sysl/unsorted/codegen/golang/ast_to_source.go:312.14,314.3 1 1
github.com/anz-bank/sysl/unsorted/codegen/golang/ast_to_source.go:316.31,319.3 2 1
github.com/anz-bank/sysl/unsorted/codegen/golang/ast_to_source.go:324.49,325.14 1 1
github.com/anz-bank/sysl/unsorted/codegen/golang/ast_to_source.go:328.2,329.31 2 1
github.com/anz-bank/sysl/unsorted/codegen/golang/ast_to_source.go:333.2,333.24 1 1
github.com/anz-bank/sysl/unsorted/codegen/golang/ast_to_source.go:325.14,327.3 1 1
github.com/anz-bank/sysl/unsorted/codegen/golang/ast_to_source.go:329.31,332.3 2 1
github.com/anz-bank/sysl/unsorted/codegen/golang/ast_to_source.go:340.59,341.14 1 1
github.com/anz-bank/sysl/unsorted/codegen/golang/ast_to_source.go:344.2,345.31 2 1
github.com/anz-bank/sysl/unsorted/codegen/golang/ast_to_source.go:349.2,349.24 1 1
github.com/anz-bank/sysl/unsorted/codegen/golang/ast_to_source.go:341.14,343.3 1 0
github.com/anz-bank/sysl/unsorted/codegen/golang/ast_to_source.go:345.31,348.3 2 1
github.com/anz-bank/sysl/unsorted/codegen/golang/ast_to_source.go:353.44,354.14 1 1
github.com/anz-bank/sysl/unsorted/codegen/golang/ast_to_source.go:357.2,359.39 3 1
github.com/anz-bank/sysl/unsorted/codegen/golang/ast_to_source.go:363.2,364.31 2 1
github.com/anz-bank/sysl/unsorted/codegen/golang/ast_to_source.go:354.14,356.3 1 1
github.com/anz-bank/sysl/unsorted/codegen/golang/ast_to_source.go:359.39,362.3 2 1
github.com/anz-bank/sysl/unsorted/codegen/golang/ast_to_source.go:364.31,366.3 1 1
github.com/anz-bank/sysl/unsorted/codegen/golang/ast_to_source.go:370.47,371.14 1 1
github.com/anz-bank/sysl/unsorted/codegen/golang/ast_to_source.go:374.2,379.3 1 1
github.com/anz-bank/sysl/unsorted/codegen/golang/ast_to_source.go:371.14,373.3 1 1
github.com/anz-bank/sysl/unsorted/codegen/golang/ast_to_source.go:383.48,384.14 1 1
github.com/anz-bank/sysl/unsorted/codegen/golang/ast_to_source.go:387.2,387.79 1 1
github.com/anz-bank/sysl/unsorted/codegen/golang/ast_to_source.go:384.14,386.3 1 1
github.com/anz-bank/sysl/unsorted/codegen/golang/ast_to_source.go:391.47,392.14 1 1
github.com/anz-bank/sysl/unsorted/codegen/golang/ast_to_source.go:395.2,395.48 1 1
github.com/anz-bank/sysl/unsorted/codegen/golang/ast_to_source.go:392.14,394.3 1 1
github.com/anz-bank/sysl/unsorted/codegen/golang/ast_to_source.go:399.48,400.14 1 1
github.com/anz-bank/sysl/unsorted/codegen/golang/ast_to_source.go:403.2,403.47 1 1
github.com/anz-bank/sysl/unsorted/codegen/golang/ast_to_source.go:400.14,402.3 1 1
github.com/anz-bank/sysl/unsorted/codegen/golang/ast_to_source.go:407.47,408.14 1 1
github.com/anz-bank/sysl/unsorted/codegen/golang/ast_to_source.go:411.2,411.23 1 1
github.com/anz-bank/sysl/unsorted/codegen/golang/ast_to_source.go:408.14,410.3 1 1
github.com/anz-bank/sysl/unsorted/codegen/golang/ast_to_source.go:411.23,413.3 1 1
github.com/anz-bank/sysl/unsorted/codegen/golang/ast_to_source.go:413.8,415.32 2 1
github.com/anz-bank/sysl/unsorted/codegen/golang/ast_to_source.go:418.3,418.21 1 1
github.com/anz-bank/sysl/unsorted/codegen/golang/ast_to_source.go:415.32,417.4 1 1
github.com/anz-bank/sysl/unsorted/codegen/golang/ast_to_source.go:423.46,424.14 1 1
github.com/anz-bank/sysl/unsorted/codegen/golang/ast_to_source.go:427.2,427.34 1 1
github.com/anz-bank/sysl/unsorted/codegen/golang/ast_to_source.go:424.14,426.3 1 1
github.com/anz-bank/sysl/unsorted/codegen/golang/ast_to_source.go:431.45,432.14 1 1
github.com/anz-bank/sysl/unsorted/codegen/golang/ast_to_source.go:435.2,435.21 1 1
github.com/anz-bank/sysl/unsorted/codegen/golang/ast_to_source.go:432.14,434.3 1 1
github.com/anz-bank/sysl/unsorted/codegen/golang/ast_to_source.go:439.46,440.14 1 1
github.com/anz-bank/sysl/unsorted/codegen/golang/ast_to_source.go:443.2,446.19 2 1
github.com/anz-bank/sysl/unsorted/codegen/golang/ast_to_source.go:440.14,442.3 1 1
github.com/anz-bank/sysl/unsorted/codegen/golang/ast_to_source.go:446.19,448.3 1 1
github.com/anz-bank/sysl/unsorted/codegen/golang/ast_to_source.go:448.8,448.45 1 1
github.com/anz-bank/sysl/unsorted/codegen/golang/ast_to_source.go:448.45,453.3 2 1
github.com/anz-bank/sysl/unsorted/codegen/golang/ast_to_source.go:453.8,457.3 1 1
github.com/anz-bank/sysl/unsorted/codegen/golang/ast_to_source.go:461.50,462.14 1 1
github.com/anz-bank/sysl/unsorted/codegen/golang/ast_to_source.go:465.2,465.66 1 1
github.com/anz-bank/sysl/unsorted/codegen/golang/ast_to_source.go:462.14,464.3 1 1
github.com/anz-bank/sysl/unsorted/codegen/golang/ast_to_source.go:469.50,470.14 1 1
github.com/anz-bank/sysl/unsorted/codegen/golang/ast_to_source.go:473.2,473.37 1 1
github.com/anz-bank/sysl/unsorted/codegen/golang/ast_to_source.go:470.14,472.3 1 1
github.com/anz-bank/sysl/unsorted/codegen/golang/ast_to_source.go:477.49,478.14 1 1
github.com/anz-bank/sysl/unsorted/codegen/golang/ast_to_source.go:481.2,481.40 1 1
github.com/anz-bank/sysl/unsorted/codegen/golang/ast_to_source.go:478.14,480.3 1 1
github.com/anz-bank/sysl/unsorted/codegen/golang/ast_to_source.go:485.53,486.14 1 1
github.com/anz-bank/sysl/unsorted/codegen/golang/ast_to_source.go:489.2,489.30 1 1
github.com/anz-bank/sysl/unsorted/codegen/golang/ast_to_source.go:486.14,488.3 1 1
github.com/anz-bank/sysl/unsorted/codegen/golang/ast_to_source.go:489.30,491.3 1 1
github.com/anz-bank/sysl/unsorted/codegen/golang/ast_to_source.go:491.8,494.3 2 1
github.com/anz-bank/sysl/unsorted/codegen/golang/ast_to_source.go:498.52,499.14 1 1
github.com/anz-bank/sysl/unsorted/codegen/golang/ast_to_source.go:502.2,502.42 1 1
github.com/anz-bank/sysl/unsorted/codegen/golang/ast_to_source.go:499.14,501.3 1 1
github.com/anz-bank/sysl/unsorted/codegen/golang/ast_to_source.go:506.51,507.14 1 1
github.com/anz-bank/sysl/unsorted/codegen/golang/ast_to_source.go:510.2,510.45 1 1
github.com/anz-bank/sysl/unsorted/codegen/golang/ast_to_source.go:507.14,509.3 1 1
github.com/anz-bank/sysl/unsorted/codegen/golang/ast_to_source.go:514.47,515.14 1 1
github.com/anz-bank/sysl/unsorted/codegen/golang/ast_to_source.go:518.2,518.45 1 1
github.com/anz-bank/sysl/unsorted/codegen/golang/ast_to_source.go:515.14,517.3 1 1
github.com/anz-bank/sysl/unsorted/codegen/golang/ast_to_source.go:522.49,523.14 1 1
github.com/anz-bank/sysl/unsorted/codegen/golang/ast_to_source.go:527.2,527.18 1 1
github.com/anz-bank/sysl/unsorted/codegen/golang/ast_to_source.go:523.14,525.3 1 1
github.com/anz-bank/sysl/unsorted/codegen/golang/ast_to_source.go:531.49,532.14 1 1
github.com/anz-bank/sysl/unsorted/codegen/golang/ast_to_source.go:535.2,535.9 1 1
github.com/anz-bank/sysl/unsorted/codegen/golang/ast_to_source.go:532.14,534.3 1 1
github.com/anz-bank/sysl/unsorted/codegen/golang/ast_to_source.go:536.20,537.60 1 1
github.com/anz-bank/sysl/unsorted/codegen/golang/ast_to_source.go:538.22,541.4 1 1
github.com/anz-bank/sysl/unsorted/codegen/golang/ast_to_source.go:542.10,545.4 1 1
github.com/anz-bank/sysl/unsorted/codegen/golang/ast_to_source.go:550.50,551.14 1 1
github.com/anz-bank/sysl/unsorted/codegen/golang/ast_to_source.go:554.2,555.33 2 1
github.com/anz-bank/sysl/unsorted/codegen/golang/ast_to_source.go:551.14,553.3 1 1
github.com/anz-bank/sysl/unsorted/codegen/golang/ast_to_source.go:555.33,557.3 1 1
github.com/anz-bank/sysl/unsorted/codegen/golang/ast_to_source.go:561.50,562.14 1 1
github.com/anz-bank/sysl/unsorted/codegen/golang/ast_to_source.go:565.2,565.38 1 1
github.com/anz-bank/sysl/unsorted/codegen/golang/ast_to_source.go:562.14,564.3 1 1
github.com/anz-bank/sysl/unsorted/codegen/golang/ast_to_source.go:569.52,570.14 1 1
github.com/anz-bank/sysl/unsorted/codegen/golang/ast_to_source.go:573.2,573.38 1 1
github.com/anz-bank/sysl/unsorted/codegen/golang/ast_to_source.go:570.14,572.3 1 1
github.com/anz-bank/sysl/unsorted/codegen/golang/ast_to_source.go:577.48,578.14 1 1
github.com/anz-bank/sysl/unsorted/codegen/golang/ast_to_source.go:581.2,581.45 1 1
github.com/anz-bank/sysl/unsorted/codegen/golang/ast_to_source.go:578.14,580.3 1 1
github.com/anz-bank/sysl/unsorted/codegen/golang/ast_to_source.go:585.49,586.14 1 1
github.com/anz-bank/sysl/unsorted/codegen/golang/ast_to_source.go:589.2,590.18 2 1
github.com/anz-bank/sysl/unsorted/codegen/golang/ast_to_source.go:593.2,593.20 1 1
github.com/anz-bank/sysl/unsorted/codegen/golang/ast_to_source.go:586.14,588.3 1 1
github.com/anz-bank/sysl/unsorted/codegen/golang/ast_to_source.go:590.18,592.3 1 1
github.com/anz-bank/sysl/unsorted/codegen/golang/ast_to_source.go:597.48,598.14 1 1
github.com/anz-bank/sysl/unsorted/codegen/golang/ast_to_source.go:601.2,601.28 1 1
github.com/anz-bank/sysl/unsorted/codegen/golang/ast_to_source.go:598.14,600.3 1 1
github.com/anz-bank/sysl/unsorted/codegen/golang/ast_to_source.go:605.50,606.14 1 1
github.com/anz-bank/sysl/unsorted/codegen/golang/ast_to_source.go:609.2,609.29 1 1
github.com/anz-bank/sysl/unsorted/codegen/golang/ast_to_source.go:606.14,608.3 1 1
github.com/anz-bank/sysl/unsorted/codegen/golang/ast_to_source.go:609.29,611.3 1 1
github.com/anz-bank/sysl/unsorted/codegen/golang/ast_to_source.go:611.8,614.3 2 1
github.com/anz-bank/sysl/unsorted/codegen/golang/ast_to_source.go:618.50,619.14 1 1
github.com/anz-bank/sysl/unsorted/codegen/golang/ast_to_source.go:622.2,622.81 1 1
github.com/anz-bank/sysl/unsorted/codegen/golang/ast_to_source.go:619.14,621.3 1 1
github.com/anz-bank/sysl/unsorted/codegen/golang/ast_to_source.go:626.54,627.14 1 1
github.com/anz-bank/sysl/unsorted/codegen/golang/ast_to_source.go:630.2,630.19 1 1
github.com/anz-bank/sysl/unsorted/codegen/golang/ast_to_source.go:627.14,629.3 1 1
github.com/anz-bank/sysl/unsorted/codegen/golang/ast_to_source.go:630.19,632.3 1 1
github.com/anz-bank/sysl/unsorted/codegen/golang/ast_to_source.go:632.8,634.3 1 1
github.com/anz-bank/sysl/unsorted/codegen/golang/ast_to_source.go:638.48,639.14 1 1
github.com/anz-bank/sysl/unsorted/codegen/golang/ast_to_source.go:642.2,642.61 1 1
github.com/anz-bank/sysl/unsorted/codegen/golang/ast_to_source.go:639.14,641.3 1 1
github.com/anz-bank/sysl/unsorted/codegen/golang/ast_to_source.go:646.54,647.14 1 1
github.com/anz-bank/sysl/unsorted/codegen/golang/ast_to_source.go:650.2,654.3 1 1
github.com/anz-bank/sysl/unsorted/codegen/golang/ast_to_source.go:647.14,649.3 1 1
github.com/anz-bank/sysl/unsorted/codegen/golang/ast_to_source.go:658.49,659.14 1 1
github.com/anz-bank/sysl/unsorted/codegen/golang/ast_to_source.go:662.2,662.36 1 1
[...]
github.com/anz-bank/sysl/cmd/sysl/ints_builder.go:95.27,98.5 2 1
github.com/anz-bank/sysl/cmd/sysl/ints_builder.go:105.82,108.41 3 1
github.com/anz-bank/sysl/cmd/sysl/ints_builder.go:111.2,111.71 1 1
github.com/anz-bank/sysl/cmd/sysl/ints_builder.go:114.2,114.33 1 1
github.com/anz-bank/sysl/cmd/sysl/ints_builder.go:108.41,110.3 1 1
github.com/anz-bank/sysl/cmd/sysl/ints_builder.go:111.71,113.3 1 0
github.com/anz-bank/sysl/cmd/sysl/ints_builder.go:117.78,118.36 1 1
github.com/anz-bank/sysl/cmd/sysl/ints_builder.go:121.2,123.40 3 1
github.com/anz-bank/sysl/cmd/sysl/ints_builder.go:126.2,126.71 1 1
github.com/anz-bank/sysl/cmd/sysl/ints_builder.go:129.2,130.46 2 1
github.com/anz-bank/sysl/cmd/sysl/ints_builder.go:118.36,120.3 1 0
github.com/anz-bank/sysl/cmd/sysl/ints_builder.go:123.40,125.3 1 1
github.com/anz-bank/sysl/cmd/sysl/ints_builder.go:126.71,128.3 1 0
github.com/anz-bank/sysl/cmd/sysl/ints_builder.go:133.63,134.38 1 1
github.com/anz-bank/sysl/cmd/sysl/ints_builder.go:134.38,137.3 2 1
github.com/anz-bank/sysl/cmd/sysl/ints_builder.go:142.97,145.76 3 1
github.com/anz-bank/sysl/cmd/sysl/ints_builder.go:148.2,148.71 1 1
github.com/anz-bank/sysl/cmd/sysl/ints_builder.go:152.2,154.45 3 1
github.com/anz-bank/sysl/cmd/sysl/ints_builder.go:145.76,147.3 1 1
github.com/anz-bank/sysl/cmd/sysl/ints_builder.go:148.71,150.3 1 0
github.com/anz-bank/sysl/cmd/sysl/ints_builder.go:157.74,167.30 5 1
github.com/anz-bank/sysl/cmd/sysl/ints_builder.go:170.2,171.36 2 1
github.com/anz-bank/sysl/cmd/sysl/ints_builder.go:167.30,169.3 1 1
github.com/anz-bank/sysl/cmd/sysl/ints_builder.go:176.84,177.29 1 1
github.com/anz-bank/sysl/cmd/sysl/ints_builder.go:177.29,178.37 1 1
github.com/anz-bank/sysl/cmd/sysl/ints_builder.go:179.29,180.29 1 1
github.com/anz-bank/sysl/cmd/sysl/ints_builder.go:181.52,182.12 1 1
github.com/anz-bank/sysl/cmd/sysl/ints_builder.go:183.29,184.55 1 1
github.com/anz-bank/sysl/cmd/sysl/ints_builder.go:185.29,186.55 1 1
github.com/anz-bank/sysl/cmd/sysl/ints_builder.go:187.30,188.56 1 0
github.com/anz-bank/sysl/cmd/sysl/ints_builder.go:189.32,190.58 1 1
github.com/anz-bank/sysl/cmd/sysl/ints_builder.go:191.30,192.56 1 1
github.com/anz-bank/sysl/cmd/sysl/ints_builder.go:193.28,194.45 1 1
github.com/anz-bank/sysl/cmd/sysl/ints_builder.go:197.11,198.26 1 0
github.com/anz-bank/sysl/cmd/sysl/ints_builder.go:194.45,196.5 1 1
github.com/anz-bank/sysl/cmd/sysl/utils.go:25.67,27.34 2 1
github.com/anz-bank/sysl/cmd/sysl/utils.go:37.2,37.12 1 1
github.com/anz-bank/sysl/cmd/sysl/utils.go:27.34,29.39 2 1
github.com/anz-bank/sysl/cmd/sysl/utils.go:32.3,32.22 1 1
github.com/anz-bank/sysl/cmd/sysl/utils.go:29.39,31.4 1 1
github.com/anz-bank/sysl/cmd/sysl/utils.go:32.22,34.4 1 1
github.com/anz-bank/sysl/cmd/sysl/utils.go:40.78,42.46 2 1
github.com/anz-bank/sysl/cmd/sysl/utils.go:49.2,49.12 1 1
github.com/anz-bank/sysl/cmd/sysl/utils.go:42.46,43.21 1 1
github.com/anz-bank/sysl/cmd/sysl/utils.go:43.21,46.4 2 1
github.com/anz-bank/sysl/cmd/sysl/utils.go:52.88,54.24 2 1
github.com/anz-bank/sysl/cmd/sysl/utils.go:57.2,57.26 1 1
github.com/anz-bank/sysl/cmd/sysl/utils.go:61.2,61.15 1 1
github.com/anz-bank/sysl/cmd/sysl/utils.go:54.24,56.3 1 1
github.com/anz-bank/sysl/cmd/sysl/utils.go:57.26,59.3 1 1
github.com/anz-bank/sysl/cmd/sysl/utils.go:64.88,65.26 1 1
github.com/anz-bank/sysl/cmd/sysl/utils.go:65.26,71.3 1 1
github.com/anz-bank/sysl/cmd/sysl/utils.go:74.85,75.36 1 1
github.com/anz-bank/sysl/cmd/sysl/utils.go:78.2,78.12 1 1
github.com/anz-bank/sysl/cmd/sysl/utils.go:75.36,77.3 1 1
github.com/anz-bank/sysl/cmd/sysl/utils.go:81.71,84.23 2 1
github.com/anz-bank/sysl/cmd/sysl/utils.go:90.2,91.10 2 1
github.com/anz-bank/sysl/cmd/sysl/utils.go:84.23,86.21 2 1
github.com/anz-bank/sysl/cmd/sysl/utils.go:86.21,88.4 1 1
github.com/anz-bank/sysl/cmd/sysl/utils.go:94.67,96.2 1 1
github.com/anz-bank/sysl/cmd/sysl/utils.go:98.75,99.40 1 1
github.com/anz-bank/sysl/cmd/sysl/utils.go:106.2,108.36 3 1
github.com/anz-bank/sysl/cmd/sysl/utils.go:115.2,116.17 2 1
github.com/anz-bank/sysl/cmd/sysl/utils.go:120.2,120.120 1 1
github.com/anz-bank/sysl/cmd/sysl/utils.go:99.40,100.32 1 1
github.com/anz-bank/sysl/cmd/sysl/utils.go:103.3,103.13 1 1
github.com/anz-bank/sysl/cmd/sysl/utils.go:100.32,102.4 1 1
github.com/anz-bank/sysl/cmd/sysl/utils.go:108.36,109.48 1 1
github.com/anz-bank/sysl/cmd/sysl/utils.go:109.48,112.4 2 1
github.com/anz-bank/sysl/cmd/sysl/utils.go:116.17,118.3 1 1
github.com/anz-bank/sysl/cmd/sysl/utils.go:123.65,127.35 1 1
github.com/anz-bank/sysl/cmd/sysl/utils.go:149.2,150.22 2 1
github.com/anz-bank/sysl/cmd/sysl/utils.go:173.2,174.26 2 1
github.com/anz-bank/sysl/cmd/sysl/utils.go:187.2,187.14 1 1
github.com/anz-bank/sysl/cmd/sysl/utils.go:127.35,131.23 4 1
github.com/anz-bank/sysl/cmd/sysl/utils.go:144.3,144.26 1 1
github.com/anz-bank/sysl/cmd/sysl/utils.go:147.3,147.15 1 1
github.com/anz-bank/sysl/cmd/sysl/utils.go:131.23,132.13 1 1
github.com/anz-bank/sysl/cmd/sysl/utils.go:133.13,134.21 1 1
github.com/anz-bank/sysl/cmd/sysl/utils.go:138.13,139.14 1 1
github.com/anz-bank/sysl/cmd/sysl/utils.go:140.13,141.14 1 1
github.com/anz-bank/sysl/cmd/sysl/utils.go:134.21,137.6 2 1
github.com/anz-bank/sysl/cmd/sysl/utils.go:144.26,146.4 1 1
github.com/anz-bank/sysl/cmd/sysl/utils.go:150.22,152.36 2 1
github.com/anz-bank/sysl/cmd/sysl/utils.go:152.36,156.32 3 1
github.com/anz-bank/sysl/cmd/sysl/utils.go:160.4,160.71 1 1
github.com/anz-bank/sysl/cmd/sysl/utils.go:156.32,158.5 1 1
github.com/anz-bank/sysl/cmd/sysl/utils.go:160.71,161.63 1 1
github.com/anz-bank/sysl/cmd/sysl/utils.go:164.5,164.63 1 1
github.com/anz-bank/sysl/cmd/sysl/utils.go:161.63,163.6 1 1
github.com/anz-bank/sysl/cmd/sysl/utils.go:164.63,166.6 1 1
github.com/anz-bank/sysl/cmd/sysl/utils.go:166.11,168.6 1 1
github.com/anz-bank/sysl/cmd/sysl/utils.go:174.26,175.62 1 1
github.com/anz-bank/sysl/cmd/sysl/utils.go:175.62,177.20 2 1
github.com/anz-bank/sysl/cmd/sysl/utils.go:177.20,179.22 2 1
github.com/anz-bank/sysl/cmd/sysl/utils.go:179.22,181.6 1 1
github.com/anz-bank/sysl/cmd/sysl/utils.go:183.9,185.4 1 1
github.com/anz-bank/sysl/cmd/sysl/utils.go:190.55,191.26 1 1
github.com/anz-bank/sysl/cmd/sysl/utils.go:220.2,220.11 1 1
github.com/anz-bank/sysl/cmd/sysl/utils.go:191.26,193.32 2 1
github.com/anz-bank/sysl/cmd/sysl/utils.go:216.3,216.50 1 1
github.com/anz-bank/sysl/cmd/sysl/utils.go:194.53,195.12 1 1
github.com/anz-bank/sysl/cmd/sysl/utils.go:196.28,197.32 1 1
github.com/anz-bank/sysl/cmd/sysl/utils.go:198.28,199.38 1 1
github.com/anz-bank/sysl/cmd/sysl/utils.go:204.29,205.29 1 1
github.com/anz-bank/sysl/cmd/sysl/utils.go:206.29,207.29 1 1
github.com/anz-bank/sysl/cmd/sysl/utils.go:208.30,209.30 1 1
github.com/anz-bank/sysl/cmd/sysl/utils.go:210.32,211.32 1 1
github.com/anz-bank/sysl/cmd/sysl/utils.go:212.30,213.30 1 1
github.com/anz-bank/sysl/cmd/sysl/utils.go:199.38,200.50 1 1
github.com/anz-bank/sysl/cmd/sysl/utils.go:200.50,202.6 1 1
github.com/anz-bank/sysl/cmd/sysl/utils.go:216.50,218.4 1 1
github.com/anz-bank/sysl/cmd/sysl/utils.go:223.68,225.27 2 1
github.com/anz-bank/sysl/cmd/sysl/utils.go:240.2,240.10 1 1
github.com/anz-bank/sysl/cmd/sysl/utils.go:225.27,228.58 3 1
github.com/anz-bank/sysl/cmd/sysl/utils.go:235.3,236.21 2 1
github.com/anz-bank/sysl/cmd/sysl/utils.go:228.58,229.43 1 1
github.com/anz-bank/sysl/cmd/sysl/utils.go:229.43,232.5 2 1
github.com/anz-bank/sysl/cmd/sysl/utils.go:236.21,238.4 1 1
github.com/anz-bank/sysl/cmd/sysl/utils.go:243.56,245.2 1 1
github.com/anz-bank/sysl/cmd/sysl/writer.go:20.98,29.2 3 1
github.com/anz-bank/sysl/cmd/sysl/writer.go:31.75,35.2 2 1
github.com/anz-bank/sysl/cmd/sysl/writer.go:37.68,40.19 3 1
github.com/anz-bank/sysl/cmd/sysl/writer.go:51.2,53.29 2 1
github.com/anz-bank/sysl/cmd/sysl/writer.go:70.2,71.15 2 1
github.com/anz-bank/sysl/cmd/sysl/writer.go:40.19,41.22 1 1
github.com/anz-bank/sysl/cmd/sysl/writer.go:44.3,45.17 2 1
github.com/anz-bank/sysl/cmd/sysl/writer.go:48.3,48.16 1 1
github.com/anz-bank/sysl/cmd/sysl/writer.go:41.22,43.4 1 1
github.com/anz-bank/sysl/cmd/sysl/writer.go:45.17,47.4 1 1
github.com/anz-bank/sysl/cmd/sysl/writer.go:53.29,54.40 1 1
github.com/anz-bank/sysl/cmd/sysl/writer.go:57.3,58.17 2 1
github.com/anz-bank/sysl/cmd/sysl/writer.go:61.3,63.23 3 1
github.com/anz-bank/sysl/cmd/sysl/writer.go:54.40,56.4 1 1
github.com/anz-bank/sysl/cmd/sysl/writer.go:58.17,60.4 1 0
github.com/anz-bank/sysl/cmd/sysl/writer.go:63.23,64.44 1 1
github.com/anz-bank/sysl/cmd/sysl/writer.go:67.4,67.7 1 1
github.com/anz-bank/sysl/cmd/sysl/writer.go:64.44,66.5 1 0
github.com/anz-bank/sysl/cmd/sysl/writer.go:74.74,76.2 1 1
github.com/anz-bank/sysl/cmd/sysl/writer.go:78.57,79.21 1 1
github.com/anz-bank/sysl/cmd/sysl/writer.go:83.2,84.16 2 1
github.com/anz-bank/sysl/cmd/sysl/writer.go:88.2,88.12 1 1
github.com/anz-bank/sysl/cmd/sysl/writer.go:79.21,81.3 1 1
github.com/anz-bank/sysl/cmd/sysl/writer.go:84.16,86.3 1 1
github.com/anz-bank/sysl/cmd/sysl/writer.go:91.66,93.2 1 1
github.com/anz-bank/sysl/cmd/sysl/writer.go:95.42,97.2 1 1
github.com/anz-bank/sysl/cmd/sysl/writer.go:99.44,100.16 1 1
github.com/anz-bank/sysl/cmd/sysl/writer.go:103.2,103.9 1 1
github.com/anz-bank/sysl/cmd/sysl/writer.go:100.16,101.50 1 1
github.com/anz-bank/sysl/cmd/sysl/writer.go:106.56,110.2 2 1
github.com/anz-bank/sysl/cmd/sysl/writer.go:112.81,113.17 1 1
github.com/anz-bank/sysl/cmd/sysl/writer.go:117.2,119.16 2 1
github.com/anz-bank/sysl/cmd/sysl/writer.go:113.17,115.3 1 1
github.com/anz-bank/sysl/cmd/sysl/writer.go:119.16,120.13 1 1
github.com/anz-bank/sysl/cmd/sysl/writer.go:120.13,123.4 2 1
github.com/anz-bank/sysl/cmd/sysl/writer.go:127.58,128.45 1 1
github.com/anz-bank/sysl/cmd/sysl/writer.go:132.2,135.26 3 1
github.com/anz-bank/sysl/cmd/sysl/writer.go:128.45,130.3 1 1
github.com/anz-bank/sysl/cmd/sysl/writer.go:135.26,137.3 1 1
github.com/anz-bank/sysl/cmd/sysl/writer.go:140.47,141.22 1 1
github.com/anz-bank/sysl/cmd/sysl/writer.go:145.2,146.25 2 1
github.com/anz-bank/sysl/cmd/sysl/writer.go:141.22,143.3 1 1
github.com/anz-bank/sysl/cmd/sysl/writer.go:149.49,150.44 1 1
github.com/anz-bank/sysl/cmd/sysl/writer.go:154.2,155.22 2 1
github.com/anz-bank/sysl/cmd/sysl/writer.go:163.2,165.33 3 1
github.com/anz-bank/sysl/cmd/sysl/writer.go:168.2,171.20 3 1
github.com/anz-bank/sysl/cmd/sysl/writer.go:150.44,152.3 1 1
github.com/anz-bank/sysl/cmd/sysl/writer.go:155.22,162.3 6 1
github.com/anz-bank/sysl/cmd/sysl/writer.go:165.33,167.3 1 1
github.com/anz-bank/sysl/cmd/sysl/datamodelview.go:49.18,58.2 1 1
github.com/anz-bank/sysl/cmd/sysl/datamodelview.go:60.68,61.37 1 1
github.com/anz-bank/sysl/cmd/sysl/datamodelview.go:65.2,76.16 6 1
github.com/anz-bank/sysl/cmd/sysl/datamodelview.go:61.37,63.3 1 1
github.com/anz-bank/sysl/cmd/sysl/datamodelview.go:79.116,81.39 2 1
github.com/anz-bank/sysl/cmd/sysl/datamodelview.go:84.2,85.35 2 1
github.com/anz-bank/sysl/cmd/sysl/datamodelview.go:81.39,83.3 1 1
github.com/anz-bank/sysl/cmd/sysl/datamodelview.go:85.35,87.51 2 1
github.com/anz-bank/sysl/cmd/sysl/datamodelview.go:90.3,91.40 2 1
github.com/anz-bank/sysl/cmd/sysl/datamodelview.go:87.51,89.4 1 1
github.com/anz-bank/sysl/cmd/sysl/datamodelview.go:91.40,92.73 1 1
github.com/anz-bank/sysl/cmd/sysl/datamodelview.go:92.73,95.5 1 1
github.com/anz-bank/sysl/cmd/sysl/datamodelview.go:104.3,112.40 5 1
github.com/anz-bank/sysl/cmd/sysl/datamodelview.go:115.2,116.37 2 1
github.com/anz-bank/sysl/cmd/sysl/datamodelview.go:146.2,146.36 1 1
github.com/anz-bank/sysl/cmd/sysl/datamodelview.go:112.40,114.3 1 1
github.com/anz-bank/sysl/cmd/sysl/datamodelview.go:116.37,119.55 3 1
github.com/anz-bank/sysl/cmd/sysl/datamodelview.go:144.3,144.33 1 1
github.com/anz-bank/sysl/cmd/sysl/datamodelview.go:119.55,125.56 3 1
github.com/anz-bank/sysl/cmd/sysl/datamodelview.go:128.4,128.79 1 1
github.com/anz-bank/sysl/cmd/sysl/datamodelview.go:125.56,127.5 1 1
github.com/anz-bank/sysl/cmd/sysl/datamodelview.go:128.79,134.5 1 1
github.com/anz-bank/sysl/cmd/sysl/datamodelview.go:134.10,140.5 1 1
github.com/anz-bank/sysl/cmd/sysl/datamodelview.go:141.9,143.4 1 1
github.com/anz-bank/sysl/cmd/sysl/datamodelview.go:153.3,165.40 9 1
github.com/anz-bank/sysl/cmd/sysl/datamodelview.go:168.2,169.37 2 1
github.com/anz-bank/sysl/cmd/sysl/datamodelview.go:219.2,219.36 1 1
github.com/anz-bank/sysl/cmd/sysl/datamodelview.go:165.40,167.3 1 1
github.com/anz-bank/sysl/cmd/sysl/datamodelview.go:169.37,171.55 2 1
github.com/anz-bank/sysl/cmd/sysl/datamodelview.go:174.3,174.57 1 1
github.com/anz-bank/sysl/cmd/sysl/datamodelview.go:171.55,173.4 1 1
github.com/anz-bank/sysl/cmd/sysl/datamodelview.go:174.57,175.11 1 1
github.com/anz-bank/sysl/cmd/sysl/datamodelview.go:199.4,200.24 2 1
github.com/anz-bank/sysl/cmd/sysl/datamodelview.go:176.35,177.79 1 0
github.com/anz-bank/sysl/cmd/sysl/datamodelview.go:183.5,184.22 2 0
github.com/anz-bank/sysl/cmd/sysl/datamodelview.go:185.34,186.68 1 1
github.com/anz-bank/sysl/cmd/sysl/datamodelview.go:192.5,193.22 2 1
github.com/anz-bank/sysl/cmd/sysl/datamodelview.go:194.12,197.23 3 1
github.com/anz-bank/sysl/cmd/sysl/datamodelview.go:177.79,179.6 1 0
github.com/anz-bank/sysl/cmd/sysl/datamodelview.go:179.11,182.6 2 0
github.com/anz-bank/sysl/cmd/sysl/datamodelview.go:186.68,188.6 1 1
github.com/anz-bank/sysl/cmd/sysl/datamodelview.go:188.11,191.6 2 1
github.com/anz-bank/sysl/cmd/sysl/datamodelview.go:200.24,201.98 1 1
github.com/anz-bank/sysl/cmd/sysl/datamodelview.go:201.98,207.6 1 1
github.com/anz-bank/sysl/cmd/sysl/datamodelview.go:207.11,213.6 1 1
github.com/anz-bank/sysl/cmd/sysl/datamodelview.go:215.9,217.4 1 1
github.com/anz-bank/sysl/cmd/sysl/datamodelview.go:222.76,226.27 4 1
github.com/anz-bank/sysl/cmd/sysl/datamodelview.go:229.2,235.34 4 1
github.com/anz-bank/sysl/cmd/sysl/datamodelview.go:238.2,239.41 2 1
github.com/anz-bank/sysl/cmd/sysl/datamodelview.go:259.2,259.16 1 1
github.com/anz-bank/sysl/cmd/sysl/datamodelview.go:264.2,265.33 2 1
github.com/anz-bank/sysl/cmd/sysl/datamodelview.go:226.27,228.3 1 1
github.com/anz-bank/sysl/cmd/sysl/datamodelview.go:235.34,237.3 1 1
github.com/anz-bank/sysl/cmd/sysl/datamodelview.go:239.41,241.62 2 1
github.com/anz-bank/sysl/cmd/sysl/datamodelview.go:241.62,249.4 3 1
github.com/anz-bank/sysl/cmd/sysl/datamodelview.go:249.9,249.66 1 1
github.com/anz-bank/sysl/cmd/sysl/datamodelview.go:249.66,257.4 3 1
github.com/anz-bank/sysl/cmd/sysl/datamodelview.go:259.16,261.3 1 1
github.com/anz-bank/sysl/cmd/sysl/datamodelview.go:261.8,263.3 1 1
github.com/anz-bank/sysl/cmd/sysl/cmd_binaryinfo.go:12.39,12.56 1 1
github.com/anz-bank/sysl/cmd/sysl/cmd_binaryinfo.go:13.39,13.51 1 1
github.com/anz-bank/sysl/cmd/sysl/cmd_binaryinfo.go:15.74,18.2 2 1
github.com/anz-bank/sysl/cmd/sysl/cmd_binaryinfo.go:20.51,29.2 8 1
github.com/anz-bank/sysl/cmd/sysl/cmd_codegen.go:20.42,20.62 1 1
github.com/anz-bank/sysl/cmd/sysl/cmd_codegen.go:21.42,21.54 1 1
github.com/anz-bank/sysl/cmd/sysl/cmd_codegen.go:23.77,42.2 12 1
github.com/anz-bank/sysl/cmd/sysl/cmd_codegen.go:44.54,45.20 1 1
github.com/anz-bank/sysl/cmd/sysl/cmd_codegen.go:55.2,55.21 1 1
github.com/anz-bank/sysl/cmd/sysl/cmd_codegen.go:62.2,64.16 3 1
github.com/anz-bank/sysl/cmd/sysl/cmd_codegen.go:67.2,67.79 1 1
github.com/anz-bank/sysl/cmd/sysl/cmd_codegen.go:45.20,54.3 1 1
github.com/anz-bank/sysl/cmd/sysl/cmd_codegen.go:55.21,56.36 1 0
github.com/anz-bank/sysl/cmd/sysl/cmd_codegen.go:60.3,60.34 1 0
github.com/anz-bank/sysl/cmd/sysl/cmd_codegen.go:56.36,59.4 2 0
github.com/anz-bank/sysl/cmd/sysl/cmd_codegen.go:64.16,66.3 1 0
github.com/anz-bank/sysl/cmd/sysl/cmd_databasescript_mod.go:14.52,20.23 6 1
github.com/anz-bank/sysl/cmd/sysl/cmd_databasescript_mod.go:23.2,27.25 4 1
github.com/anz-bank/sysl/cmd/sysl/cmd_databasescript_mod.go:20.23,22.3 1 0
github.com/anz-bank/sysl/cmd/sysl/cmd_databasescript_mod.go:34.52,34.90 1 1
github.com/anz-bank/sysl/cmd/sysl/cmd_databasescript_mod.go:35.52,35.64 1 1
github.com/anz-bank/sysl/cmd/sysl/cmd_databasescript_mod.go:37.87,46.2 7 1
github.com/anz-bank/sysl/cmd/sysl/cmd_databasescript_mod.go:48.64,50.16 2 1
github.com/anz-bank/sysl/cmd/sysl/cmd_databasescript_mod.go:53.2,53.60 1 1
github.com/anz-bank/sysl/cmd/sysl/cmd_databasescript_mod.go:50.16,52.3 1 0
github.com/anz-bank/sysl/cmd/sysl/cmd_databasescript.go:15.52,21.23 6 1
github.com/anz-bank/sysl/cmd/sysl/cmd_databasescript.go:24.2,26.25 3 1
github.com/anz-bank/sysl/cmd/sysl/cmd_databasescript.go:21.23,23.3 1 0
github.com/anz-bank/sysl/cmd/sysl/cmd_databasescript.go:30.72,33.35 3 1
github.com/anz-bank/sysl/cmd/sysl/cmd_databasescript.go:43.2,43.20 1 1
github.com/anz-bank/sysl/cmd/sysl/cmd_databasescript.go:33.35,35.17 2 1
github.com/anz-bank/sysl/cmd/sysl/cmd_databasescript.go:35.17,41.4 5 1
github.com/anz-bank/sysl/cmd/sysl/cmd_databasescript.go:50.49,50.81 1 1
github.com/anz-bank/sysl/cmd/sysl/cmd_databasescript.go:51.49,51.61 1 1
github.com/anz-bank/sysl/cmd/sysl/cmd_databasescript.go:53.84,62.2 7 1
github.com/anz-bank/sysl/cmd/sysl/cmd_databasescript.go:64.61,66.16 2 1
github.com/anz-bank/sysl/cmd/sysl/cmd_databasescript.go:69.2,69.60 1 1
github.com/anz-bank/sysl/cmd/sysl/cmd_databasescript.go:66.16,68.3 1 0
github.com/anz-bank/sysl/cmd/sysl/cmd_datamodel.go:15.72,28.67 9 1
github.com/anz-bank/sysl/cmd/sysl/cmd_datamodel.go:33.2,33.48 1 1
github.com/anz-bank/sysl/cmd/sysl/cmd_datamodel.go:47.2,47.20 1 1
github.com/anz-bank/sysl/cmd/sysl/cmd_datamodel.go:28.67,30.3 1 1
github.com/anz-bank/sysl/cmd/sysl/cmd_datamodel.go:33.48,35.47 2 1
github.com/anz-bank/sysl/cmd/sysl/cmd_datamodel.go:39.3,39.33 1 1
github.com/anz-bank/sysl/cmd/sysl/cmd_datamodel.go:45.3,45.116 1 1
github.com/anz-bank/sysl/cmd/sysl/cmd_datamodel.go:35.47,38.4 2 1
github.com/anz-bank/sysl/cmd/sysl/cmd_datamodel.go:39.33,41.34 2 1
github.com/anz-bank/sysl/cmd/sysl/cmd_datamodel.go:41.34,42.13 1 1
github.com/anz-bank/sysl/cmd/sysl/cmd_datamodel.go:51.58,55.29 2 1
github.com/anz-bank/sysl/cmd/sysl/cmd_datamodel.go:55.29,56.54 1 1
github.com/anz-bank/sysl/cmd/sysl/cmd_datamodel.go:56.54,59.18 3 1
github.com/anz-bank/sysl/cmd/sysl/cmd_datamodel.go:59.18,68.5 3 1
github.com/anz-bank/sysl/cmd/sysl/cmd_datamodel.go:78.44,78.66 1 1
github.com/anz-bank/sysl/cmd/sysl/cmd_datamodel.go:79.44,79.56 1 1
github.com/anz-bank/sysl/cmd/sysl/cmd_datamodel.go:81.79,100.2 9 1
github.com/anz-bank/sysl/cmd/sysl/cmd_datamodel.go:102.56,104.16 2 1
github.com/anz-bank/sysl/cmd/sysl/cmd_datamodel.go:107.2,107.51 1 1
github.com/anz-bank/sysl/cmd/sysl/cmd_datamodel.go:104.16,106.3 1 1
github.com/anz-bank/sysl/cmd/sysl/cmd_import.go:21.41,21.60 1 1
github.com/anz-bank/sysl/cmd/sysl/cmd_import.go:22.41,22.53 1 1
github.com/anz-bank/sysl/cmd/sysl/cmd_import.go:24.76,46.2 12 1
github.com/anz-bank/sysl/cmd/sysl/cmd_import.go:56.53,58.16 2 1
github.com/anz-bank/sysl/cmd/sysl/cmd_import.go:62.2,62.22 1 1
github.com/anz-bank/sysl/cmd/sysl/cmd_import.go:65.2,66.16 2 1
github.com/anz-bank/sysl/cmd/sysl/cmd_import.go:82.2,83.16 2 1
github.com/anz-bank/sysl/cmd/sysl/cmd_import.go:86.2,86.74 1 1
github.com/anz-bank/sysl/cmd/sysl/cmd_import.go:58.16,60.3 1 0
github.com/anz-bank/sysl/cmd/sysl/cmd_import.go:62.22,64.3 1 1
github.com/anz-bank/sysl/cmd/sysl/cmd_import.go:67.19,69.33 2 0
github.com/anz-bank/sysl/cmd/sysl/cmd_import.go:70.15,72.29 2 0
github.com/anz-bank/sysl/cmd/sysl/cmd_import.go:73.19,75.29 2 1
github.com/anz-bank/sysl/cmd/sysl/cmd_import.go:76.19,78.33 2 0
github.com/anz-bank/sysl/cmd/sysl/cmd_import.go:79.10,80.63 1 0
github.com/anz-bank/sysl/cmd/sysl/cmd_import.go:83.16,85.3 1 0
github.com/anz-bank/sysl/cmd/sysl/cmd_import.go:89.57,90.59 1 0
github.com/anz-bank/sysl/cmd/sysl/cmd_import.go:96.2,96.18 1 0
github.com/anz-bank/sysl/cmd/sysl/cmd_import.go:90.59,91.44 1 0
github.com/anz-bank/sysl/cmd/sysl/cmd_import.go:91.44,93.4 1 0
github.com/anz-bank/sysl/cmd/sysl/cmd_import.go:99.57,101.41 2 1
github.com/anz-bank/sysl/cmd/sysl/cmd_import.go:102.20,103.17 1 0
github.com/anz-bank/sysl/cmd/sysl/cmd_import.go:104.29,105.39 1 0
github.com/anz-bank/sysl/cmd/sysl/cmd_import.go:106.11,107.21 1 1
github.com/anz-bank/sysl/cmd/sysl/cmd_import.go:108.10,109.13 1 0
